DSe
GFB
G_r
Crh
Cw_
DuQ
JLp
IJG
KOZ
pU
AlK
Dsv
KCo
KOI
EJx
CiI
JzK
LPn
sT
ACM
Ao
EFw
JXc
EKc
Fsr
GCx
GsC
Fx
JXr
Kqc
GMb
HRH
DzA
EKp
Fjf
JUq
B_e
EQD
DmO
Cmy
DNb
Daz
GGG
HQj
Fjo
FWy
IMR
JXF
Ahx
EAf
EFJ
HJX
JQG
EfP
FEf
IVE
Ivw
BzX
EY_
Khy
CvR
IXs
CVF
Gxu
Cta
HED
Jb
InR
Zx
CWl
KQN
ETD
IEk
CfX
ItI
KIx
BWG
GuS
Hnp
ADT
BQn
ICW
rY
LVn
EhO
ENq
E_q
CEl
ENQ
AyF
AUt
JIR
EjJ
EvO
HsC
BVn
HCf
FPr
IWx
Ctr
JeM
AAg
KyJ
CRs
BmC
Kfc
Ibl
Dfi
BKx
LDN
OJ
ChD
JPt
IZI
JNe
EAu
DhX
GFn
Ixl
EoB
E_f
GAY
GgE
CPk
HlV
MV
Gtc
IHc
ICp
AkF
Ghq
CrI
Djf
EHz
BXB
GHN
Ape
BdP
LHW
GNS
HUV
DGB
VN
FaN
b
Eig
IAr
EDO
HZM
ACS
Hpn
BRy
BEj
AwX
KRK
Bhz
mw
AmE
DzD
GFj
CtZ
CeS
CeW
GvY
Ke
Xa
Blh
LUd
QI
Gpa
BwO
JOv
KwV
IkE
GNc
Eww
CoS
IA
AIu
Cfk
BKj
DDf
EmS
Idk
IeK
JIl
IRM
HWs
IFv
IsF
BMF
GJH
HPt
T_
fG
Avf
KMB
EXu
BRu
BEN
C_m
Hjz
FLp
CMC
JQz
IHU
Ave
Yq
HT
E_t
AYj
INd
Hha
GRz
KhB
Azp
lD
Etk
Xm
JCh
KoB
GTn
AdS
IMt
Hkv
DBw
Emq
IDe
DCN
G__
uU
DMd
EGU
DlQ
Jev
EUS
ItK
LN
HQY
HUR
BWh
JKi
Iaj
HFY
JWN
CEc
Bhu
HdP
AFw
LOc
Din
AWE
Dxd
GdJ
Frk
KJU
Dlt
CYw
EvE
wb
IRi
ECk
GeP
EFn
Kjx
EZA
KTV
Gfi
AOl
Hud
Hmp
DeI
GnB
EeC
JVq
AIL
GaL
Ewh
DsD
KyC
JGB
Dmu
HXO
AVJ
FoG
Fol
LWQ
LQb
IFu
ITq
IDC
Beb
GDE
IaV
AGy
FBh
Aer
FlC
EPC
Blb
EmY
JsM
Kjs
Hok
Kku
FNe
Akv
ADP
FVp
Kcu
Kkm
F_F
Joh
GAz
Dcj
JYK
aG
Ifa
KcA
JJq
FzC
Jhh
Faw
EWp
Efw
HUH
CUq
GEn
DMy
AMB
Wl
ISi
ISu
BLw
CII
Ani
Gu_
HuA
HzD
JXl
HJc
KrT
Hgx
FCR
KdM
Gxs
CP
UP
KEu
CTz
BJ_
IZG
QP
Htr
IOb
BWB
HeA
HCJ
COK
HQR
GKk
KrM
AWV
Jvy
IvB
EVo
KBS
HvY
Nu
IcM
ABk
HfS
HPr
IDv
IPS
Ibo
Bzr
LMf
nL
DYt
D_N
JQr
DdT
GMe
BqN
Cui
IOU
BX_
KLc
ASL
FgB
B
KmW
BqX
Ebw
EIa
FwO
GVZ
HcI
GDr
GKN
FOi
Aur
Jyp
BOq
BoB
FcG
AGT
FIR
JSp
KUH
KeA
Bac
AZa
LTX
LOF
GAV
AnE
DoG
BVN
IIf
Gln
IWq
BOc
Bx_
Jsc
FTK
AFl
BFI
DpJ
GcZ
Auo
AeT
mj
Kdr
AOh
CGB
DHc
Akj
AUA
JXI
Bek
GcB
Biu
Fsh
EYg
Eg_
WR
mV
LUb
CnU
F_S
gH
FUR
Erv
GsN
JUf
BsG
hm
IAO
TK
AgK
Icf
KWo
Ear
ALs
LUz
LEa
JdQ
Frf
FYD
GLT
DgP
Dqu
KEf
CRw
CYL
Giy
Ui
DlM
LBe
KnO
KDk
EYV
Aaa
Vt
Gon
Anl
Gor
HuH
BXE
KxS
JTs
KWR
FZx
GeM
KbS
LXJ
FKz
DO
AVl
EOb
FPM
FQh
InF
Jau
Kc_
JQF
JQt
KLB
GHE
EuE
DHN
FOu
DSH
Gis
BBp
LQH
Cha
JRA
Ejo
LRd
BrN
KxF
FdH
HJZ
ESw
KaE
GSF
HVo
BuX
AAt
IzK
Cxs
CCg
KUN
GGD
BIL
KXj
BCD
EqZ
ES
BFn
Jxz
GMJ
FuD
Kcr
Dhl
BFO
KiT
HIJ
EmH
KRs
Ari
BRw
DzL
AAm
BKn
GGA
BDb
Dhv
FVi
DEl
Gxb
IaQ
lQ
KXR
DQg
pT
DFe
JiF
Kxg
HSI
FIk
CqP
CGF
HKF
Ckh
EVn
GtZ
FVv
A_R
Cma
FDi
DYn
Khk
DdE
HNj
EYC
Bae
Dro
Aij
GDg
ALA
JPz
E_u
Ezx
Ihh
HEO
FXV
HHv
Cuv
CbC
Kiu
BvP
KwN
AXT
Kuf
Emm
HC_
EiJ
Bpk
HOI
CG_
Cy_
Cqa
Dfd
GAJ
KHz
FAv
Eqa
LRK
lo
HPO
ARg
FSs
LJM
HHk
Kgf
Kzo
JyT
GRJ
Dsd
XW
Gxi
CtP
DNq
DCy
Cpg
jj
IJv
Cfi
AoI
GPr
Fui
KHU
KkH
Eic
BUU
Bit
Ezl
IIP
Awj
KDD
KlY
LHs
CMa
INJ
DCW
AUX
Ehq
KwG
EqC
FDf
Gfv
HxJ
AyV
HxP
Dge
Cep
DL
GPH
GHp
FWm
GnF
FvQ
KSI
FfF
Kwg
JWP
BxP
Jha
NQ
EFZ
BHQ
EHr
AwQ
FeB
AXe
D_b
ITA
DMW
Gfd
JLk
GhR
MU
Hpa
ESz
ADj
Vm
BLC
BGV
IGe
IiI
LFH
LIP
IRG
IQN
Djc
AlB
DWy
FsM
Ext
IJW
EAr
IUv
IfJ
Hyl
GPF
Ixh
FYw
ATv
FIt
KIs
GJY
JSg
KSN
Eeq
Efa
Ebo
BGX
Am_
GGe
JC_
ASP
Fyh
DkG
FfC
B_i
GWA
Aqz
JzI
AyO
A_J
AmC
Ihu
K_q
KZp
LKc
AYr
AXs
HV
Azk
HIG
Jqg
DBK
JpQ
Bdw
IQc
Kqv
Flr
Dlo
JNs
CDb
JPo
FxA
CzV
IlG
JdK
A_e
GDt
JwX
ICR
IIs
DWD
DQF
Ye
Jzo
InU
IMg
Flf
Ehk
Bss
BxK
GTt
HcD
DYo
Hmi
Dex
FmH
LVh
DHe
JBm
JTK
KKU
JuK
Frl
ALa
IeJ
BpL
Amt
KS
FZa
InK
H_c
GQF
HvS
DVz
KAq
FmS
DwP
AVy
JWC
EkI
LQ_
Cog
ALS
FsP
IAi
GBF
Hw_
CXI
GwA
KrP
Ia
Kho
HVI
LQu
Sc
JPE
Gq
Hot
FPl
GtY
KDH
AfB
A_I
IHk
KIr
Bwo
KlR
eV
EbE
Ktf
Krj
Awv
Ixo
BgD
Fvx
BPu
Diw
Jkw
EJz
Gji
HEC
Cxv
AJu
JML
Cks
JBI
CRp
GnY
Cgi
KTS
H_u
Hka
GvD
INn
Idh
EJa
Ecw
FYQ
HEx
HZR
KzR
Dgi
HPU
D_P
Ivf
LMH
Fit
Kww
AC
JlP
EWq
GQP
EHM
FQn
EBq
KgC
JhD
EQI
Dut
AS
DVg
AgH
JKw
GaT
BEa
BzB
GCA
EeV
Bex
LOX
IAT
Kch
Cyg
F_m
BuK
DFO
EBI
Jir
B_O
HwF
AIp
JvH
Hkg
AuE
KYc
JrU
Gmz
IMW
HBZ
JCR
GdZ
xJ
HnJ
EyW
BaA
LKZ
Dyz
FRo
AZy
HZQ
Chy
GJt
UD
HiP
Jo_
Baa
DXD
FUA
KHd
KYC
Ro
ELC
JVN
HFL
Aid
IKk
CDc
Eom
Hxs
FHu
JuM
HiF
ENO
EtY
HaS
Om
Itz
GKb
Gtm
KlL
FIE
BuU
DmF
AEK
jf
JyQ
GQb
Ym
Aib
INe
GJX
CyG
HGS
EVT
FpO
tQ
ER_
KKS
JBT
DZd
Cvb
Iqj
CUG
JkE
AVs
JQy
FpN
BxB
ALe
Jbd
LA_
Jn
BdK
GWr
EXk
CUb
IjL
ImS
AtQ
F_x
EcB
ys
GAi
KVB
HDW
Kbn
KSk
HMP
JDd
Av_
Ecb
Dma
Brb
JNg
JFo
FSY
Fdq
Kcm
IqQ
BLY
JrA
GKK
EXJ
FHw
Jqh
KQp
CsI
yI
EZz
CEW
rl
DRv
FkO
GhW
JlY
Bpi
KBD
Btp
Jif
Jew
AFs
LBI
Ghm
CxI
It_
AfI
DpQ
Ade
Api
Kas
GUw
BWp
AGu
HTs
IqX
BDP
AVc
DdM
ALV
EaH
KFi
IIB
FLE
Avv
BY_
FJT
EbS
FqA
Irb
Hpz
LKf
GBf
GNZ
CJA
GNh
KIQ
Qs
JbW
Byp
JoR
EDf
FUO
CXO
FFL
ITy
Ho
Jid
EhP
DzK
HWN
LJJ
Jmy
HrW
Fax
dN
EAI
B_P
EmP
FDN
CZw
AyB
Erq
Ayu
HJU
GPK
IIo
GwR
Dua
sH
Cru
mK
ESF
FUB
DJk
GL_
fW
Bpt
DQM
Hfz
KlG
KUU
Bqh
GVH
ACP
Hrc
KaB
GDl
LDA
PJ
AUk
CIR
FJG
Yo
_r
JKt
Cdd
AVL
DVQ
Goq
KRM
JZb
LPv
FZC
BR
BWq
Lh
K_C
FkN
Brk
ECg
FMV
Wh
Epf
EwV
KKw
Fjp
FHA
Kzh
CqB
CfU
BqA
BYx
AcK
He_
GVK
CCY
GsI
FUu
LDZ
BZE
Iq_
JKd
EYs
JFc
JnU
AaA
Vg
CUB
LOz
DKi
CJf
Azg
KFv
GUf
Kjv
LBW
ye
DEg
EBD
FGh
Guh
Fyu
CJW
BjW
Igt
Dgo
Fku
ExZ
mP
EAj
DyT
DNd
Cat
Hrg
GfZ
Bmq
ARF
JXO
kS
LBD
DmU
KGV
dn
KPl
Jct
GQZ
e
CrH
DRb
EX
EtX
Jyv
Avb
zs
KkG
Glq
Amd
Dyu
DQt
DdL
AIF
Dzc
EPe
DHD
Gqo
BCz
vE
ErG
ILN
AUD
HZF
CY
BfJ
KLz
zF
FBZ
Kve
AAB
KbD
Gey
Boa
Bmf
A_a
GTf
HCB
EsB
Djw
K_a
AJa
H_b
IBw
IMB
AOr
Lb
BqS
Kea
Iut
FyP
ICi
Cyl
Kml
DOb
Jmp
Ebx
KdY
BCa
JMe
HNh
BIp
ArC
DpA
E_c
Gmh
BgL
FNs
KxN
Ai
ACj
CLI
Dyg
BuL
Si
FhQ
Dwi
B_M
Cbo
CbR
EHo
ISo
FbS
KCx
HdZ
hD
Fqe
Cjr
GRs
AcG
ISV
BKB
LHk
IHo
FGK
FID
FNj
COU
JcE
IsV
AAf
FyL
LDC
Dll
EiD
Sp
JSv
JeK
FHz
DQm
KQT
jp
JJp
GBc
Fxk
Jgl
LWG
FoJ
BMe
IYW
nl
DFo
Gyb
API
CIc
ANt
All
ALx
FpB
BDH
BOf
GTI
UL
JWo
COv
GAH
IOh
BXh
IYf
IYJ
CwO
Fsd
CCI
JxL
IcD
EXD
GcH
CVg
HOU
KWl
JHb
BGy
nJ
Glb
Abt
Kon
DuX
Jbg
BWk
Fwh
FSA
BZM
CBJ
ARO
Blq
GTs
Cxp
IEc
Ahq
Gck
IyF
IkF
CuI
AJL
INx
DEe
LBL
Ff
KZN
Adj
Dky
DVl
GOQ
KhG
Hcj
DVB
FTA
Hs_
yi
Ebr
KVx
GyY
BUf
GQg
IfB
LHt
DcV
Dke
Dpa
Gcz
Gtv
Bja
Hta
ECP
LLR
Ehh
HEZ
ABV
ANE
Dgy
LGg
IZC
sR
LCr
FSy
Fme
DBO
JTo
BiO
EJk
EMd
Eru
HrK
Jdh
FXk
Jtg
GUg
BBA
BkM
ISf
IH
DZX
KNp
ESv
DeE
BlW
LNg
JCL
Clx
AxO
GMS
HIB
FnN
KNl
BVo
AuQ
FjX
CGn
KPY
JmW
ENC
JOX
Fwu
FgH
JsF
Koq
GSI
FJa
LRV
KDj
DJo
IPp
CNq
IgB
KyM
oM
KDO
GoW
CUA
GAk
AYO
BvC
EsR
FBz
Ju_
ImH
CHF
GGO
EQq
Ebv
HGf
Jok
GSU
Khs
Dwu
Tm
EzN
Jss
Cap
LVx
HzS
COj
IjJ
ByB
DDW
CHw
uy
Gos
KWD
jM
BUC
BJa
OM
SB
CvU
Ivb
LKi
KLM
CZA
XA
Dc_
HKh
ErP
CYo
IpM
CnZ
DL_
te
EBd
Ggi
EAG
Jrz
BcW
IkQ
KKg
xQ
BYv
HVi
BFd
zu
CUg
HeH
Jgv
BZn
Crz
JGh
GuC
KDw
Dsu
xI
HpI
BIX
GHa
HPL
FYH
HnV
FHI
AgY
CWN
Ksm
JpS
EkL
BEs
Aql
KGz
BRS
JZd
FIX
KgL
EAo
FJ_
LAt
LCK
HIc
Kri
Coj
Bsv
Gin
Hmt
Keu
HRX
GKB
JIK
AeV
KJZ
By
KDJ
GEZ
CjG
ITC
GN
Kzd
Abg
Hoo
CcL
Hxl
FaP
IR
Ddq
BhD
DXI
Gzr
Hsq
HaW
Ra
ARM
BCA
cM
LCF
xd
END
FMc
FRp
FPZ
LOr
BKL
HXv
CTc
FEO
K_E
IqW
ae
LVI
wv
KtA
ze
BQE
EL_
Fhg
Hj_
BPx
Hhi
Jxu
Kfh
CUK
J_m
G_Y
LUO
ECu
Cdt
JwR
AFg
Bad
LSG
Aqk
IWb
HtZ
IXX
IS
Fjm
AJb
CHu
KUk
CoQ
EFo
ESy
BHa
Asn
GC
Dik
JrC
FPH
HFx
Knu
COW
FIg
AnQ
GfO
BAc
BID
DHt
KwD
HEj
ADX
ASz
Bt_
JgR
ja
AZr
FkH
LCB
LRs
IHT
EMq
KiY
KNI
IBy
Eol
BY
Hq_
GPd
KPI
C_S
ETW
ExS
Ijr
AUL
LEZ
pW
CQD
Ejw
KmJ
BGF
ECm
Kll
DpC
CqW
CXH
DLF
BME
JSN
DMD
ElU
Akb
DUf
FY
ErZ
GwZ
KXT
Hnl
ILt
FPx
Jjj
DMb
ok
LIt
AwJ
Ec_
sS
DZh
CoM
EHh
FQf
BPJ
DYY
LLW
ETO
GbD
Se
JwH
KRo
FWi
DJK
EWf
JXq
Krg
JvV
Hpq
FPg
BWv
GnE
ExH
KWy
HJP
LWR
K_m
DaV
LC_
JXe
KxM
Fsf
Arp
JxU
HZt
ALd
KbL
lS
HYs
Gti
HdO
FAI
Dyi
B_C
DJ_
FHy
FYK
BQF
CW
EUg
BXU
LCs
FaW
IC
LK
EHd
BFK
Hhb
BND
JLG
MD
BFY
Dkg
AJk
A_c
Hhw
JYw
JdJ
LAg
NF
EhF
HQo
Gyx
Dns
JCd
IAE
EEm
EqL
KLa
IsW
EJJ
DaQ
HGL
Fmw
JGw
JhF
Cwn
GVl
BwX
FMR
HKC
FSB
GWm
Bds
JAh
BFk
CcV
Ftd
Fke
Cxb
BiD
GeA
JAp
DPh
DDZ
FUS
Kn_
L
HTz
DoP
Wc
B_B
CNd
Fod
Iqb
LGK
EBS
Ewr
IZe
DHL
iI
EpW
JCp
ExV
D_G
FrK
LUw
HGK
EGz
GIO
HwY
ACH
Jta
FMF
AlG
Jlk
KmR
Hyj
GUn
KYf
IQF
ARa
Erx
EHq
BDs
Ik
GcK
KnJ
BSw
Coz
JWH
lj
EJY
JlK
JQE
JaH
BNf
Bj_
JoV
EiY
HeN
KRe
Fbb
JYC
HP_
Hlz
gd
JPi
Hmm
HhI
Czw
EzW
LAH
CGR
FIH
Ab
Aig
LMh
GEh
KSm
Dn
BFh
FCc
GVa
Flw
FdV
CSH
ANL
DHp
IKA
Fkw
Hmb
IYU
Gil
GDZ
HkS
DDD
HDw
LFG
IZa
EcV
Pn
MF
Geq
ET_
HEJ
HBk
Blj
KlO
Ink
FcK
CI
LGC
GRD
KiH
Kpo
Aea
KvK
Kv
KBw
HsQ
yQ
ETM
LAO
Fwy
sd
ExG
AXL
IiC
AY
FwT
EAa
BjK
HVZ
LUH
Gkr
Eff
EzR
ATQ
LGO
HYW
IaN
AtE
FuO
IoE
APL
Kor
Fba
IFN
JyM
KCY
EUA
CEe
AOE
Hhx
CzA
LFn
JaG
LDv
JrL
Cht
Ja
LFA
GjI
DNW
HPS
zn
EEn
Gyy
JhY
AIh
IPJ
HKN
BLt
CJx
HxE
Avc
KZr
Kph
FuC
HOC
DdS
BNk
Anj
GYE
HUy
KM
Bgu
EDA
KEs
Ghl
JtQ
CUm
BII
KgG
LOV
Xo
AgT
xD
CSX
Mu
Hly
EDu
Boj
GFu
FFK
Hjl
Bmp
HGY
DQ_
Gye
KKI
ABC
HgR
Acm
kc
Bkv
LFX
JpA
DIo
EcP
Pt
KEP
KFz
HZS
EeI
EGJ
ARY
GCp
HLm
FRV
IgZ
EmB
DDV
LTk
DQW
JNj
Hil
JsC
kt
BCP
Iur
BqI
Dja
BfM
Gwa
GNV
DJD
FRF
KUF
Dcs
HVh
KHs
DBv
JPK
GSy
Hb_
HtA
AqA
FVN
Uu
IeU
AAu
BGS
Ed_
IHG
Jfi
EfK
GmI
Iwc
AVm
JLT
FGb
CsS
JFU
HjZ
GLo
KJi
Jjq
LVG
EJn
Ikb
ELo
EpI
AtH
ErH
Gvy
APA
RM
Jur
DeL
KuU
Bmz
KxX
BCj
BxV
GFv
AKe
DNA
GeB
DLx
KAE
Com
CTw
DUX
AmS
Isn
Jda
Di
CWT
EPz
Kir
CpL
EkP
IMj
AQO
JRG
KBr
HDv
AmP
Jmk
Ija
up
KLI
EeY
BST
FTz
Ddv
LLi
Bdd
GAN
FGB
Ece
LXE
CPq
HHz
Kvb
yO
Btc
JPD
BzC
Jtx
AIg
KaX
FBd
AwW
AfX
EWa
JMN
FkD
DqL
DpV
DeR
ATI
GxG
EkX
AOF
KJQ
Gxr
LIB
Ezi
AtF
BJw
LBK
CLd
AAl
BLf
ELY
Kxj
APH
HFv
Df
Kyd
GHC
ANe
lY
z_
Ifx
AV_
GYj
ISG
AJG
FEr
LPz
Kan
BUp
Buq
Hpe
KVU
EiP
DkV
HsS
CGp
IzR
IYc
ILH
JYi
Wx
DHo
AFp
KIm
KeG
FrY
Hkt
OS
DIJ
KkQ
ECZ
CAk
KBl
HVR
Huf
AWT
LWP
DMV
Jsr
BGC
Kjo
DBp
KHq
Cgd
LT
tM
EmE
EJo
DyB
Hrt
AWF
DHV
Cyw
DU
BYe
ArW
KTf
Iog
KwJ
KhF
JvF
BFE
Ifd
HJk
CNs
Zv
AmI
DDQ
Ixx
LWv
GCt
DnQ
KDz
FEs
Oa
Abq
KqI
yJ
IoG
Cfz
BYl
cZ
D_O
KhJ
Eqp
ErF
HyA
Hwf
CSZ
BVp
Dkq
Egl
Jri
LAv
LMX
Cio
AkM
Kig
JZv
IuX
EmL
Goo
DfB
Amv
tN
Gcc
FLs
yq
qA
AYx
FbW
Fhz
KWm
ElS
Ctv
BwP
Hih
AWo
KPj
HYe
ef
Jqb
DtJ
BaC
AWc
Jrm
ACE
BGj
AQr
KfS
CAg
HDO
EhZ
HVg
Mi
DCg
DqB
Ipf
AnC
Krw
GvW
Cdb
H_P
FfH
JrJ
JfM
FDQ
JDa
Oi
Jdf
BgR
IyD
BsP
Fyo
IcF
AVQ
KYl
kD
JmN
Exy
ISd
ZC
Ggg
IBQ
rV
Ipg
KvC
FTe
IOZ
AJ
BvN
CPK
FTu
EAV
aS
FMP
IIe
DsB
IzH
Bxd
Bxh
LQi
Iot
JKf
AOK
AjC
GJ_
Yx
Kuu
BAn
HeI
GJy
EHc
HWG
JD
Fem
hu
AYi
Jkm
HUd
ENf
CZi
AMP
JYj
qM
CWe
DCJ
Clw
ChE
KoV
fh
AQb
DRM
wQ
KDZ
Elm
BIH
JSx
EEH
Brq
KcP
Idq
LSi
CtM
KgX
Ghd
Hf
BDF
Gpl
CRY
EkH
Crg
Hst
EUn
FiK
Ox
KZV
Dhr
Dhy
DlD
D
Emj
EQw
CnL
CaU
EAY
IbF
BcE
KEi
Fab
Gzi
LJs
YT
Dw
FiF
GaJ
IrC
JN_
AlE
DJy
GVq
GHG
FFj
FQe
_O
CyF
FeU
ERB
FIe
KrH
Ket
CND
JtU
CcX
IGa
Azo
GOM
EbO
EKS
HMJ
KHo
Gpg
JAj
DrD
CaQ
CfE
Ezp
Iyp
Hwr
HCh
AEH
CkE
Dse
Hdx
Jed
BsQ
AvW
EQE
HkJ
Kuc
KXN
KWM
APN
Dnt
GPB
CSP
Fjs
sy
AWB
Jmz
ts
PO
LEo
HCv
KQQ
HOb
JDk
JlA
HXq
FHr
IWU
Agk
Gus
HKH
IKF
FRC
KVm
AMA
Bfc
KyK
Cfj
QG
IAm
CTX
JUh
J_l
FTR
FEK
Jjk
LCp
Ghx
FbR
GTp
Kzv
rh
CAH
EKL
AeI
oA
Hfs
IRO
CMG
HSd
KhQ
Gal
CXn
Ny
Aag
FHl
Iiv
FSx
EYn
DBR
BnW
Hzv
CFe
DVk
Hlv
HTU
LLP
ASB
HDI
ATn
Na
CHe
JEp
IeM
BIC
GjP
CbP
NT
IOO
BSx
FGI
HSz
oD
CyO
DoJ
CGk
Azn
fj
Jao
IRS
Aku
CyX
KxB
KXL
GrJ
KZs
jQ
GTH
JjU
KVL
Jvk
AOD
DrA
DqA
Eaj
FNl
AJy
KKF
IYk
IZx
Dih
ATC
FAZ
IcI
KCM
DFM
Ejh
IIO
IjM
BBT
HsV
IrT
FqE
GCY
HlQ
Jli
Bum
DmY
DBs
Su
hI
Fxi
JpP
zW
KmV
Emz
Fml
Eyx
CqU
CnC
Fzr
EDV
Bwu
JHH
LGF
CBD
JuV
Fqy
LBQ
LDm
Dwg
ox
FYx
Haa
EgG
KhS
IWg
DRI
sB
EOn
ABK
AUY
LQV
JQW
xz
FFa
Bun
ma
LMM
HPA
Jcg
Ll
JOi
AVV
Jhd
AaN
Imw
Kou
HNR
BiA
Koy
EBQ
KYm
GRm
Fhh
KAM
LSf
KFj
Jne
Dra
IhB
Wt
Acf
FyR
JYB
BDA
aJ
J_z
IlA
JEs
HPF
Hun
Dfo
BUi
Hyd
LTE
BIf
LEe
Arc
LFq
GxN
KAK
JQs
DcY
FCg
Lk
KjD
Hzi
AOz
FpU
Ahs
AWs
COC
EsN
Gam
GJM
KbT
vs
Fqc
LLu
Gnl
IqN
Jjb
Jk_
gL
KNk
BlU
JCn
JHR
CoD
Fa
JlD
Ark
DCF
LFd
IGk
DPr
Ksc
Hxr
IkP
B_
AZO
Jkb
HWi
DLQ
Hb
ENj
UF
Fro
Bqv
LKC
AMI
JIJ
HXL
Hon
CEY
AiE
Cmf
AcV
VQ
JHB
p
DGA
Jup
Aad
nR
Gii
Imt
Exx
Ggd
IWI
LES
GxZ
Kfv
FOR
JCc
HtO
ChL
JJ
FON
JMp
AjV
CBt
Hab
AWf
Crj
pq
DZB
Hy
Bql
JoZ
DbC
FXw
Fav
Fzp
Ekv
BVK
KMa
Vs
Adn
HRa
Kio
BlR
ALy
CgI
BFP
LJT
Fzg
Eiy
CU
hc
Jvw
AYq
CrR
ANB
KdU
KND
EpJ
ui
GO
CeN
NV
IfS
DPq
Jpf
EGS
EgC
AYF
Jkf
JsU
DCb
AXD
DUb
Ksd
Ka_
Dx
LTp
KZY
Dgu
ELH
JoK
BBY
BfA
JJt
Epq
Eur
BBF
IuT
GdQ
Arq
JAs
xE
HMC
JPL
JDj
CqS
KSX
GQ
BuA
AFT
Eyf
IvO
CFw
ki
F_d
DGx
LOK
DXP
Bu
zd
GZz
CfF
IW_
DkI
EKi
BEx
FiW
EZm
JA
JFN
HXJ
ChQ
AIR
EPf
A_H
LGV
KHV
tA
KdQ
KuX
CuT
EXI
FMh
J_g
EjT
DzH
EnX
Jwg
ACW
BgG
AQP
AmN
GxE
yH
wt
ATq
Bll
IbL
Tv
HwT
FlV
LRz
LWf
Dkv
KkM
Ant
Cxy
HDo
ANT
Akk
Cvu
wf
Aab
EZG
D_i
Lp
FkZ
DDo
Inr
Fwl
KcS
AqS
Kbf
Vq
HCY
KAS
Aep
DMO
FEl
CLJ
EFk
BSX
JBP
DVj
EG_
CKu
AOL
GDp
DDq
APK
Are
ASG
Bem
zq
LWU
LXG
IjG
kF
EWP
qO
Fzc
CjO
ItL
GgW
Kcg
JKc
Biq
CVp
DTA
FVO
qz
DqH
Fbv
CMh
UB
Eob
tp
LFh
IQm
Cuu
EBi
CaT
CFE
Fnn
BLL
BpK
HVx
AVX
Bke
ERS
nh
LY
Gyz
RI
Gia
FNz
FmE
Jqd
Fwd
FvD
Gdo
EUk
Brm
KgF
tk
AAs
Jq
FUG
EMv
H_
LNl
ByV
FpP
DgA
Kif
UH
FPi
Ln
FT
EQT
IWO
Jun
Dnp
Zq
rq
FdW
HJo
bY
DAy
Vd
Gfs
Kvd
bG
ECx
ASJ
DtI
Gas
BKA
JqA
GLs
HLN
Wg
KpV
GEs
CtS
HRJ
FYi
A_
JdL
LQJ
Jsp
KgK
GwN
Axo
Em
KBg
BXM
tY
Dfq
Ejr
JrQ
IFK
DMe
JiD
FSS
LUg
HRV
KHS
EIY
LJy
HIA
KHR
KVl
JXK
Fvj
Euk
GVJ
Bmi
ii
Kwv
CZ
EKG
KVz
K_O
Iwg
zR
Eel
IMy
JjL
IqT
A__
Eky
LUa
LKs
GjF
Dhx
GTy
KRw
JIq
BeP
EYo
BVj
oa
AHG
CdB
FHs
Dvg
JSc
KsN
FRe
Sj
BzU
KQf
K_W
CHh
ZO
YQ
ChB
BAA
JUn
Gd
bZ
Os
Kjh
AYh
Cg
Jrc
JvX
HRN
AEs
KrN
KxH
IaX
LEs
LJK
He
GYc
Itl
HHH
FMM
Hkx
LJe
IeX
HoV
LFV
Kaj
JKj
CnI
FUZ
DGO
IIV
KAc
ANH
Kji
JFM
FQW
KYD
mB
IuY
KVS
ND
ABF
GBM
HzQ
JWt
Jxk
IcZ
KvA
IUD
EJC
Kt_
LWK
CJw
GWF
DCn
JDQ
Byq
FPz
aQ
KEv
Gnt
XT
di
Hvq
vZ
KsI
HxN
CGU
Bea
CmP
IoJ
LAQ
Hbq
YP
LSl
LQm
Fua
Gkb
Iws
NP
CvS
BRb
Dg
HZz
GTB
CVJ
Fg_
JDP
KNP
A_F
ARe
AAq
Jum
Hjy
FQg
gR
LOx
Cts
KEy
Xx
LGh
FGt
HdH
BEA
LGu
IEL
ATY
HYN
AoK
LJc
Gec
JBF
Alt
ik
Jxo
KTh
AQc
LHj
Dou
D_u
KOz
ym
CDX
LHH
AcF
AaY
Ayg
JlW
IaY
GxI
GRu
Gke
LKP
dG
AgF
ta
BOA
KSK
qZ
Kug
EqM
CiS
DMh
KnL
Ec
JGk
AQt
DTU
GZQ
Jqq
Cnf
LPK
Ahb
AGf
JcJ
Kkn
BXD
Aev
FUP
IwN
IbA
Jsf
ErC
Chm
HVu
Chu
Fga
Enw
BE
Jog
Jmh
AsX
BhW
CQa
ElY
BZD
FrH
JVj
Kfx
KxG
SJ
Aec
Ajn
Arj
xA
LPZ
DbZ
LKV
EGt
GWj
Ags
EHi
LEX
Ft_
Qc
CmW
HDp
AmO
iG
Ig
CDL
KAO
BzJ
FXF
KmZ
IRF
BbN
Ieg
KV_
d
Hya
JjE
AOV
GXU
CmU
Kip
Cic
GMa
IRt
EMr
FLd
DRT
KGY
Aji
LIQ
Akx
DCk
Boy
BjP
KqA
HiK
IVq
yD
BC_
lx
JKg
KO
Kar
LWE
Ecj
LFu
JqV
IcV
sx
Hui
IIX
vr
AMc
AM_
BPQ
BiY
ADU
Bqo
HAM
JuP
Yb
CyE
ATD
BOj
LEL
Gfx
Gxt
Kdk
IgC
ANu
Kpw
CYW
JRP
GyZ
Iyb
JCb
BXk
JSs
FrE
sQ
AZN
JAe
_S
Iyg
Fks
AQf
HGC
LRu
LBR
KCb
ba
IGX
HyD
KYz
Afx
UM
RC
LLv
Dp_
BGd
IMa
FyD
JzR
FE_
Dkh
AIE
HIT
AXR
Ktg
A_w
Kjw
jT
GxH
JHG
JsL
LEn
JrE
Ksw
Bsr
Gz_
H_r
CT_
cQ
FaC
LEN
JcZ
KdW
Hbp
KBe
FHF
KIz
EXw
GmH
CkY
KXn
GZl
Dpf
LEp
AOe
BLJ
AKY
Aft
ISI
Dkm
qU
qo
JPv
FjO
FI
Gom
Aex
Bd
HFJ
Kju
Kzt
E_A
LNU
JUH
DcX
Fy
bz
LHz
GDn
ILI
EPK
Hkm
LHQ
FLj
Kiw
IVR
Cna
Afl
Gad
KBk
GfA
GbI
FQd
JwF
KyN
rC
LCS
FjI
HOu
EZx
KES
KEo
bK
CUR
LJA
Kjn
TW
Jkg
CFz
uW
Bgz
BSC
Kib
Jud
AAv
ITf
JTY
RK
mm
HWf
Fnp
KDR
IuH
HHb
eX
Dhk
Cxw
UX
bx
GnI
LAc
KhK
AIN
FvF
KuC
EYd
Faj
DGc
aD
CbS
oj
FOb
GPi
BoP
FNP
Far
Alv
ASc
KHg
KcO
LGT
A_K
GGc
GtM
JkG
hK
HpX
CV_
DEC
CB
Ckw
HuN
eG
KTO
BAk
GMo
ASU
KOX
DGQ
SQ
GwS
Fi
RQ
FP
BTD
EUs
CQt
GtE
LIc
az
Jhj
IXM
Ecg
rp
LOt
KMS
Koi
KFe
IUu
FlX
EfC
Jmi
KGC
sl
KkE
Apv
Juj
CDr
KAu
AVq
KKL
GGa
GrD
KGK
Jze
Bqe
Agg
HoU
Ask
Jl_
GxR
FXr
xV
LNu
LPD
CmR
CYF
sJ
JlR
Vw
Ix
CVb
LUm
D_Y
BLI
DbE
GPq
CAC
JkT
iV
KGq
HWB
_X
JmQ
BkU
KOh
LK_
lv
AMb
IKe
GvZ
Han
Acd
Rs
Kxt
FHp
AFo
oB
GcJ
DAp
I_Z
Joc
Fan
JJo
GtG
HPE
JCI
ATy
KTc
Kxn
Gy
ADH
LJL
LI
DiM
FX
LKd
BJx
Jzu
CCG
HVA
LMo
JZi
JkP
ex
Jsd
FTE
EUi
IOH
ISD
LVS
AWb
Ity
Eip
LJH
EQN
AHs
Gnq
Jla
BSb
Gmv
CN
AHa
EyE
Dzz
KTr
APO
lk
Iiy
yE
Jd
JEf
HtF
Hfc
BEr
AVZ
BBf
IXH
Krr
FFY
GfW
GfY
Cet
KIE
JwS
AaT
IIJ
Jp
HjN
AhI
Ipm
KhL
K_Q
PR
Ekm
pp
KYF
Gqb
HFA
BxW
LCx
KyB
ESs
dj
HLa
IO
AbN
AXI
DOL
KMO
BLV
GzI
AYU
Fsp
HLH
FPC
Bfj
ABl
AEM
AWl
DuM
KFT
JpE
LHl
FSP
As_
DnA
gO
JrT
APb
JQY
HRe
KUv
CnJ
LNp
KvD
GGd
uK
LVD
iL
GgF
KWc
LVv
GxJ
AeD
Fvi
Jtu
KJu
Dwz
CDS
ARr
JxO
BcA
IlS
Eqx
DQv
Cca
EkW
Gsc
PK
KyQ
IUO
AVb
JRg
Joz
Doa
CiO
Crm
JwV
LFD
DTn
GJm
dB
ANz
IDg
JiN
nP
JLY
JS
Ivd
Kfd
FMA
Dmz
AhT
LEd
