thundering_stretch
korean_hickory
determined_washer
unpleasant_victim
sad_zeros
super_look
retired_history
bitter_zips
magenta_moss
imaginative_chairs
beautiful_thursday
developed_misfit
chemical_disease
relevant_bombs
right_huts
straightforward_loads
assistant_standardizations
steep_davits
grotesque_asterisks
painful_bushels
wandering_freshwater
extensive_pools
rolling_rods
devoted_spool
lovely_tactics
familiar_leathers
quickest_trains
islamic_person
correct_gage
certain_addition
gentle_dose
specified_weapons
improved_fashions
safe_ordnance
outdoor_idea
close_armories
round_counsel
continental_drift
important_song
advanced_oven
proud_slates
content_swamps
beautiful_brace
careful_splashes
wide_vice
uneven_operators
rigid_vines
weekly_mist
horrible_surveillance
asian_issues
residential_runways
proposed_matter
heavy_liberties
unusual_batches
presidential_shipments
working_quarters
broken_miss
well_certifications
novel_ribbon
private_equator
voluntary_merchandise
far_harpoon
glad_runner
happy_punishments
pale_boxes
repulsive_railway
friendly_needle
main_technique
friendly_multimeter
variable_sills
prepared_parameters
proposed_rockets
superior_guest
european_classroom
lively_standards
depressed_fillers
embarrassed_formation
well_known_deaths
mere_collectors
developed_bailing
eager_lash
roasted_bridges
watery_fabrications
significant_designators
active_eye
urban_managements
negative_word
iraqi_map
implicit_turpitude
burning_aliases
tan_ladder
harsh_plate
novel_side
agreed_reveille
good_researchers
disturbing_exhaust
stingy_hilltop
premier_listings
furious_cities
united_taste
respectable_fuse
certain_jewel
tough_principle
coastal_destinations
silent_circumference
applicable_dips
soft_marble
spontaneous_forts
fresh_apple
improved_emergencies
spicy_fruits
red_occurrences
selfish_photograph
scrawny_outline
dangerous_blackboards
small_electronics
sweet_mask
proud_dissemination
civil_beacon
encouraging_extent
smart_ideal
rational_lane
frightened_sips
flat_capacitances
bored_fist
new_rails
comparable_ammunition
previous_fuel
moaning_lesson
monthly_dynamics
literary_binoculars
teenage_charges
resulting_quotas
poor_doorknob
administrative_straighteners
theoretical_milligrams
willing_truths
safe_amplifier
governing_truth
mere_bumps
mental_experiences
sad_outlets
double_autos
chief_flash
sole_church
distinct_calendar
israeli_responsibility
distinct_fares
present_losses
japanese_submarined
determined_amperage
rough_delights
powerful_documentations
hungry_cup
german_chairmen
anxious_cliffs
overseas_hands
lovely_math
human_drainer
faithful_worksheets
friendly_cars
protective_chest
shallow_budgets
pale_beds
bumpy_kiloliters
existing_prisoner
radical_qualities
steep_subordinate
confident_ignitions
hungry_oscillation
cheap_sand
bewildered_eve
linguistic_victims
old_fashioned_performances
productive_deposition
striped_magnesium
furious_efficiencies
repulsive_discovery
invisible_tendency
colossal_foods
hollow_stitch
husky_bridge
cheerful_checkers
selfish_tubs
tired_combinations
delightful_depot
innocent_entry
preliminary_spar
future_oscillators
irrelevant_capabilities
spiritual_mistake
tender_prisoners
subtle_generators
mature_cross
uneven_stitch
light_navigators
excellent_nines
accused_medicine
premier_soils
living_exceptions
determined_algebra
mere_alternation
creative_strength
sudden_sneezes
hungry_purpose
unknown_classification
standard_muscle
crude_discrepancy
sparkling_causes
weak_relationship
excess_stove
dutch_rules
safe_bets
inland_letterhead
civil_alternate
dangerous_builders
eldest_fasteners
following_core
crooked_maximum
delightful_brake
encouraging_horizons
pleased_bits
compact_overcurrent
happy_knocks
raw_detection
financial_limitations
old_fashioned_punctures
coming_blade
grumpy_bear
public_condenser
narrow_cries
big_balances
tremendous_washtubs
mad_lubricant
expensive_bandages
korean_attack
pleasant_reactors
cloudy_shipmate
unaware_flares
interested_retrievals
empty_coils
associated_sword
managerial_guard
exuberant_capital
soft_improvement
prior_ounce
colourful_class
solid_surveyors
continental_sports
secret_tugs
anonymous_installations
southern_directory
innocent_sailors
moaning_felt
large_scale_shipments
rare_offer
pleased_interactions
multiple_angle
large_lubrication
high_reaches
impossible_knees
bare_apportionment
general_ray
favourite_squadron
raspy_passbook
faithful_gage
annoyed_haste
probable_professionalism
pink_mustard
turkish_stare
meaningful_structures
stormy_edge
slight_sun
clumsy_minuses
regular_roofs
joint_bands
maximum_ticks
plastic_version
mechanical_raincoat
broken_pushups
regulatory_welds
ministerial_electronics
roasted_sod
financial_selectors
crazy_ingredient
supporting_rain
secret_taxis
modern_shores
civic_mouth
excess_pops
monetary_grant
automatic_cloth
muddy_documentations
neat_pounds
high_gears
overwhelming_tissues
clear_preparation
secure_decks
nursing_eves
better_weapon
eventual_price
catholic_square
grieving_season
subtle_specialization
cultural_drain
chilly_recruits
complex_buses
naughty_ornaments
electrical_decontamination
injured_towns
rude_detonation
competent_school
maximum_toothpicks
severe_intake
cultural_halt
perfect_crewmember
irish_straws
printed_deduction
wide_eyed_eligibility
clean_shot
inevitable_knot
uniform_papers
comprehensive_coals
witty_flaps
numerous_rowboat
unfair_percents
balanced_dollars
anonymous_deposit
silky_february
ratty_lake
elegant_distances
integral_bolt
miserable_tones
guilty_shares
turkish_dates
governing_landings
frail_stitch
aesthetic_polishers
sad_features
happy_refurbishment
complex_generation
young_lint
guilty_rattle
mild_surges
assistant_tours
sweet_corrections
serious_thermocouple
elderly_clubs
occupational_stitches
silky_takeoffs
fuzzy_backups
quaint_showers
roman_principle
fine_users
electrical_president
british_prices
classical_diameter
awake_header
adequate_agent
excess_grasses
fond_colons
dying_railroad
curious_son
raw_equation
helpful_fare
isolated_runaway
impressive_rhythms
crowded_anthem
wet_planes
remote_trash
smooth_technicians
northern_injury
female_paces
running_flickers
unknown_statements
weekly_subsystem
marvellous_purge
plain_night
bold_gleam
identical_inferences
sensible_thickness
brave_curvatures
many_farad
proud_rating
active_removals
near_processors
satisfactory_tender
communist_fifteen
long_accordance
powerful_realinement
sophisticated_weeds
organic_failure
deep_timers
senior_wheels
unemployed_cap
abundant_sill
precious_gaskets
autonomous_desertions
terrible_bill
subtle_odors
causal_tubs
english_problem
tall_confessions
final_comparisons
adverse_buys
atomic_theories
close_computers
enormous_decoration
french_explanations
emotional_produce
manual_motions
working_class_petition
vague_carts
cold_applicants
coherent_nameplate
disturbing_decisions
applicable_authorization
ethnic_math
safe_trousers
grubby_character
full_thirty
convenient_outlet
great_symptom
bright_master
sweet_missions
bored_sheeting
sound_dollies
intimate_electrolyte
bad_wind
modern_mothers
dry_captains
tart_leaper
minimal_printouts
palestinian_calendars
warm_collision
persistent_resistor
universal_muscle
bumpy_meat
nuclear_substances
square_navy
insufficient_plead
narrow_jars
dizzy_tugs
ultimate_conversion
wee_medicine
cute_brooks
spare_pad
grubby_loaf
symbolic_scabs
old_fashioned_branches
fast_shields
open_machines
upset_flickers
integrated_jeopardy
rapid_springs
head_conversions
precise_validation
extra_scabs
mighty_pits
hard_bridge
prominent_rower
marine_brooms
natural_canister
organic_churn
detailed_sea
quick_time
thoughtful_commendations
chemical_accelerations
powerful_guys
deliberate_sentences
bumpy_propulsion
normal_cloths
boring_limp
italian_midnight
encouraging_sport
extended_summaries
uniform_puddle
long_conspiracies
dreadful_appropriations
gorgeous_burglaries
tender_pick
bored_pins
subtle_officers
realistic_wholesales
unnecessary_durability
lexical_malfunction
voiceless_ribbon
raw_triangles
different_chokes
mental_shower
wide_lanterns
whole_airports
quickest_sizing
clever_fractures
different_tide
determined_slices
only_screw
comparable_dependents
relative_fleets
nervous_crew
different_blanks
obedient_bullet
grotesque_illustrations
rainy_shields
unusual_showers
labour_guys
tiny_swimmers
huge_backs
nursing_chip
combined_pins
anxious_conversion
poised_attesting
chubby_concentration
classical_parachute
english_mists
working_influence
lesser_rotations
sorry_divers
scattered_bus
splendid_variations
supreme_morale
arrogant_listings
random_pistons
familiar_airplane
curious_footing
great_combination
resulting_fathoms
boring_enlistments
sacred_independence
victorian_tanks
thundering_marches
known_sonars
suspicious_explanation
splendid_bang
curved_silicon
well_decisions
pleased_ingredient
hidden_pedal
varied_multisystems
daily_crystals
tall_bud
scientific_grasps
little_devices
magnificent_hushes
leading_publication
friendly_centerlines
selective_dose
mere_stoppering
favourite_women
valid_slot
peaceful_cell
respectable_stare
inland_result
korean_forehead
convenient_grinders
korean_energizer
complete_strike
stuck_objectives
sporting_taxes
plain_lashes
massive_fetch
top_battle
dual_depot
straight_hoses
upset_fishes
miniature_record
pale_drags
sick_parcel
nasty_position
shaky_dependents
bitter_elections
fresh_houses
net_environment
australian_contract
long_solders
innovative_claims
personal_forces
orange_origin
negative_comments
foolish_complexes
surrounding_stairs
interesting_clicks
crude_june
depressed_range
grumpy_games
skinny_regulators
instant_helmets
effective_milestones
toxic_holders
conscious_ingredients
balanced_sock
nursing_coordination
fantastic_slit
indirect_reinforcement
exuberant_ramp
tragic_densities
magnetic_abilities
narrow_standardization
unaware_grant
sudden_wonders
other_defections
latin_linkages
purple_drives
total_turn
islamic_pot
miniature_farm
ugliest_shaft
generous_correlation
interested_airfield
important_henrys
proud_midwatch
unaware_dawns
accepted_diameters
traditional_course
extra_relation
interested_dresses
official_yields
curious_vessel
shallow_measurement
small_removal
mysterious_arc
protestant_deductions
peculiar_vapor
energetic_plan
causal_indexes
vast_weapon
apparent_panel
thoughtless_frequency
complicated_stations
spectacular_reach
determined_ranks
impossible_sash
helpful_hoses
real_end
successive_misalignments
bloody_explanations
old_stings
moderate_sheds
tight_screws
close_bullets
lengthy_array
helpless_selector
spiritual_liquors
liquid_memories
mild_billets
ugly_guard
severe_labors
final_combatants
internal_odor
tiny_decay
weak_health
individual_circumstance
reluctant_classrooms
tense_crashes
unknown_loudspeakers
male_morning
excess_fort
outdoor_teams
ambitious_signature
disturbed_shipping
high_thermometers
philosophical_checkouts
future_kiss
korean_toothpicks
fascinating_beaches
blue_whips
basic_projectile
sunny_thread
relieved_chairwoman
genetic_bandages
added_minority
korean_show
helpful_demonstration
gentle_drawer
regular_sand
tough_recordkeeping
familiar_condenser
odd_schedules
extra_admiralty
exact_adherence
tiny_compromises
obliged_son
southern_chaplain
evil_plane
incredible_electrolytes
ancient_hyphens
chinese_accesses
innovative_prefix
managerial_instrument
distant_complements
inherent_guideline
mental_mail
quiet_linens
ministerial_futures
impossible_abrasions
upset_piston
surrounding_shell
ideological_deserts
top_colors
recent_trades
diplomatic_glides
young_motions
precious_additive
hissing_cab
related_significance
nervous_pole
unpleasant_throttles
ugly_overvoltages
enormous_models
sensitive_season
working_class_gram
monetary_envelopes
quickest_butters
usual_multisystem
ready_blazes
creative_petitions
misleading_saving
brave_discontinuations
willing_details
black_deputies
obvious_lanterns
advanced_drawings
deep_molecule
fine_park
charming_desertion
annoyed_delegates
urban_sheeting
jewish_nation
written_sponges
constant_tail
colourful_handles
cool_tuition
flat_sevens
enormous_jackets
deaf_jurisdiction
urban_wage
ugly_carriers
literary_abettor
slight_component
functional_amplitudes
distinguished_jumpers
realistic_armor
improved_drawer
accurate_wars
big_ax
smart_terminators
traditional_opportunities
light_decoders
cold_hose
fortunate_warranty
evolutionary_inceptions
surprising_segments
melted_city
spicy_deaths
handsome_cubes
rigid_season
petite_law
implicit_liquors
glad_tailors
helpful_meals
light_bin
impressed_ratio
usual_illustrations
like_instruments
deafening_yarn
slim_anchor
few_debits
striped_clerk
chemical_cartridges
tall_oscillations
vivid_kicks
striped_operand
printed_loan
numerous_billet
sunny_millimeters
diplomatic_boxcar
homeless_wrists
suitable_headers
military_alarm
labour_miles
purring_mercury
glad_data
equivalent_raises
smart_development
tame_baseline
glorious_roller
mutual_drug
male_offices
post_war_interval
vital_priorities
junior_silences
private_processors
magenta_suction
mid_seaman
sleepy_artilleries
competitive_suits
funny_backs
gothic_bushels
unfortunate_berries
determined_technician
dangerous_millimeters
painful_grains
african_dispatches
compact_cradle
wooden_draft
profound_balloons
psychological_present
light_discontinuation
rainy_shapes
great_shed
registered_modes
constant_sunrise
domestic_marines
helpless_geography
brave_cheaters
ugliest_hyphen
prior_drives
outer_ears
australian_fabrications
nasty_submarining
shallow_funding
rainy_advancements
rainy_case
short_cheats
burning_cups
slow_huts
relaxed_molecule
brief_organization
rival_reactance
additional_dispatcher
decent_marble
vivid_cup
critical_fields
subsequent_lesson
rare_handfuls
curly_watch
alone_touches
coming_harbor
just_drunks
straightforward_preserver
net_background
indirect_burns
whispering_parties
additional_dynamometer
maximum_months
voiceless_beings
quick_sneezes
light_hatches
perfect_cheeses
improved_cupfuls
small_class
nosy_rowers
tall_knocks
glamorous_rocks
late_drives
academic_augmentations
unconscious_cargoes
evolutionary_chamber
magnetic_minimums
sweet_loops
unpleasant_priorities
tired_watches
aggressive_turpitude
deafening_fare
early_speed
elated_condenser
bad_tenders
continuing_tars
primitive_wound
radical_tendencies
political_introduction
soft_levels
successive_stakes
icy_benches
acute_sill
fat_jug
innocent_operands
puzzled_hyphens
confidential_dopes
short_temper
integral_distributions
grubby_hushes
technical_thought
improved_legislation
upper_rules
clever_cut
fond_worm
artificial_dispatcher
slippery_jewels
far_lamps
defensive_search
fucking_detail
intense_hairpins
mere_station
residential_trail
parallel_mines
guilty_precedence
beneficial_corners
tired_straighteners
formal_combination
scrawny_rehabilitation
rapid_seasoning
parental_titles
small_coordination
civic_inlet
modern_striker
powerful_buildings
external_move
jolly_ditch
collective_swaps
red_adjustments
occupational_witnesses
enchanting_cathodes
exclusive_sole
persistent_ballast
specified_cashier
high_pitched_presentation
warm_wire
pregnant_fall
gigantic_conflicts
easy_fountain
stable_throttle
joyous_complaints
large_scale_drafts
institutional_dopes
instant_odor
noisy_galleys
brief_overcurrents
institutional_bushel
standard_carburetors
imaginative_voltages
wet_cheek
united_buzzers
excess_drawer
brown_loans
marginal_privates
faint_rim
cruel_supply
provincial_sources
experienced_electron
itchy_accuracy
canadian_bushings
hidden_fight
rapid_drags
slow_positions
agreeable_personalities
accurate_closure
fantastic_separation
lucky_cloudiness
rude_steps
tender_apron
agreeable_park
human_temperature
ancient_classifications
working_miles
flat_subdivisions
very_blurs
shared_doorstep
remarkable_processor
spatial_love
combative_reliability
given_hydrometers
kind_accesses
nosy_blackboard
married_compasses
purple_liquors
associated_splicers
prickly_lubricants
ill_pea
gorgeous_weld
mysterious_fatigue
overwhelming_auto
continuous_balance
gorgeous_sand
imaginative_regulator
daily_multitasks
clinical_uses
strange_hatchets
precious_abettors
invisible_crosses
financial_cottons
plastic_surge
poor_infection
institutional_mechanics
different_circumferences
fluffy_harbors
sour_daughters
fancy_hate
damp_can
arab_harnesses
principal_presumptions
latin_kills
controlled_notation
low_fatigues
chosen_cheeses
realistic_passes
sexual_pat
diplomatic_spins
relieved_stators
latin_configuration
silent_ring
ripe_misalignments
hilarious_parity
surprising_mind
jolly_face
passing_brother
open_precaution
homeless_swimmer
fixed_subjects
theoretical_americans
tart_cough
soft_dears
established_category
firm_tugs
sacred_bilge
sick_opinion
exact_binder
notable_rollers
managing_float
dusty_net
anxious_coordinators
intimate_knobs
fat_regulator
civilian_discards
tasteless_commanders
successful_vacuums
concerned_picture
violent_source
electoral_comfort
wee_servant
crazy_altimeter
unemployed_semaphore
sufficient_chimneys
chemical_bunk
commercial_donors
bare_duration
intelligent_airs
diverse_mother
closed_falls
future_airspeed
insufficient_thoughts
royal_pen
huge_raises
average_users
rotten_debit
agreeable_flame
certain_brushes
advanced_augmentation
colourful_acquittals
elegant_anchors
persistent_buckets
silky_vicinities
panicky_certifications
long_stabilization
optimistic_rotations
minor_snap
efficient_straws
traditional_handler
prickly_core
smooth_holder
formal_violations
prepared_lee
deaf_evidence
verbal_usages
wooden_president
patient_components
managing_cheeses
spotless_girls
wicked_disasters
heavy_billet
iraqi_candles
strict_versions
tame_collar
creative_groves
dramatic_works
tiny_interviews
quaint_participations
different_feelings
realistic_confinements
ugly_tastes
dangerous_cellar
big_raps
formal_enlistment
parliamentary_statement
unacceptable_navigations
cheerful_messages
hard_midwatches
coming_lard
mixed_sun
tan_establishment
pregnant_mixtures
calm_gravel
unknown_abbreviations
everyday_rod
apparent_holds
super_tag
invisible_log
pure_residents
deliberate_amplitudes
relieved_instructors
courageous_misfits
stingy_constitution
magnetic_batches
depressed_stators
surprised_cots
entire_ticket
proposed_age
imaginative_waterline
various_secretary
joyous_highlines
wet_fractions
american_bail
screeching_residue
deep_parallels
testy_look
busy_locations
angry_task
total_threes
glorious_garage
massive_hundred
married_worksheet
defensive_length
encouraging_drop
growing_shade
yellow_chimney
constitutional_combinations
overseas_driller
academic_inches
happy_twos
managing_figure
given_takeoffs
complicated_sizes
mathematical_fold
fat_fogs
unnecessary_captain
fast_hubs
digital_orifice
still_harbor
precious_exteriors
blonde_rheostats
damp_link
rolling_device
previous_echelon
silent_man
deaf_bond
electronic_lasers
soviet_schedules
grieving_eggs
prickly_aims
planned_mists
superior_dents
painful_uniforms
allied_depth
light_attorneys
wet_ignitions
steep_moneys
variable_nails
many_walk
rare_produce
redundant_millions
fresh_gross
democratic_swimmer
continuing_transiting
straight_henry
uniform_breaths
interim_waxes
alone_input
primitive_hunks
strange_pier
protective_thumb
glorious_notice
constitutional_tunnel
tiny_scales
moderate_concerns
hurt_watts
broad_navigation
cognitive_sidewalk
fixed_increase
possible_boatswains
obliged_stuffing
apparent_shots
stupid_finish
diverse_initial
fuzzy_dictionary
productive_apparatus
important_soups
italian_deletion
objective_chiefs
content_second
excess_eighths
operational_cements
happy_waist
valid_tickets
frail_maximum
helpful_twig
blank_today
comparative_organs
artificial_shield
notable_attesting
fascinating_hardness
collective_stem
extended_bow
useful_pond
full_time_hoop
indirect_maintenance
panicky_possession
sole_arches
controlled_voltage
criminal_rudders
american_july
gay_rejection
alert_driller
bored_whisper
so_called_howl
round_weaves
abstract_opposites
valid_nylons
institutional_spools
wild_misleads
worthy_wholesale
quiet_shade
striking_rotation
sophisticated_numerals
empty_escape
tan_forecastle
horrible_troop
innocent_dials
magic_stones
young_fines
violent_quarters
convinced_information
quick_command
easy_canyons
theoretical_assembly
spicy_clumps
funny_pops
harsh_smoke
panicky_chairman
dual_rule
secret_woods
angry_tuesdays
noisy_claim
quick_jackboxes
dutch_progress
afraid_element
classic_kilometers
isolated_props
chilly_basket
classic_lesson
mighty_graph
difficult_disasters
ashamed_breaches
global_counts
preliminary_sod
premier_offset
successful_winches
institutional_pushes
coming_rescuer
grim_sediments
running_smell
eager_heel
fierce_nulls
autonomous_trains
stable_chairmen
yellow_lens
driving_stop
fluttering_tab
homeless_observer
furious_runner
determined_conjunction
coastal_casualty
vivid_lenses
stupid_pops
yellow_grips
financial_triggers
middle_class_conversion
nervous_bases
remote_tablets
glorious_tenth
detailed_takeoffs
patient_crime
inclined_arraignment
moral_uniform
puzzled_drag
naked_dots
innocent_strike
teenage_platforms
funny_chapters
wealthy_nations
late_wave
like_initials
racial_human
similar_session
distinctive_reinforcement
independent_contribution
apparent_throttle
quickest_pier
bitter_item
clean_affiants
busy_paragraphs
deep_technology
distinct_merchant
average_volt
video_taped_hoops
broad_steeple
only_rinse
shallow_spikes
yellow_requisitions
famous_tumble
particular_polish
tremendous_regulations
close_college
retail_cover
proposed_nuts
worthy_emergency
appropriate_recesses
civic_burglaries
big_steels
cool_windlass
everyday_custody
still_vendor
strange_accident
tired_accordance
just_religions
required_crop
monthly_overcoat
broad_farm
civilian_container
greek_exterior
blind_readiness
operational_item
tan_default
political_tablets
bright_crops
jolly_adjustment
sporting_copper
shared_post
forward_beds
african_ambiguity
super_saturday
silent_figures
square_wrecks
poised_checkpoint
secret_entrances
nursing_friend
dual_click
new_friction
female_ovens
old_ohm
lengthy_adhesives
loose_endeavors
unpleasant_sabotage
dominant_service
round_vehicles
inappropriate_chips
tan_answer
few_shipping
stuck_rolls
famous_yells
known_radio
rapid_deals
rotten_trucks
marxist_threader
straightforward_samples
total_transportation
flexible_thumb
inevitable_signature
fortunate_courtesy
narrow_compressors
young_resource
bewildered_nomenclature
dead_refunds
peculiar_cough
short_tunnels
growing_attribute
crooked_drift
excited_directories
unexpected_custom
applicable_article
nervous_leads
clever_shield
alone_toe
separate_devices
unfortunate_durability
administrative_lead
rude_delay
ridiculous_quantities
female_smashes
excited_metals
hostile_implantation
intellectual_present
eastern_tubs
drunk_completion
exuberant_grove
major_builder
fundamental_nines
prominent_indexes
urban_lees
long_cures
specific_entrapment
little_groan
correct_yaws
frequent_motor
mere_fall
lively_portions
big_creeks
private_frigates
lexical_shelf
rear_cellar
then_belts
handsome_discriminations
cognitive_blanks
big_kill
metropolitan_glands
technological_mate
watery_logs
final_servos
nutritious_expense
broken_elements
different_factories
deep_tension
successful_illustration
immense_tray
actual_reverse
educational_skills
red_pins
tricky_decreases
urgent_painters
agreeable_bristles
dark_poles
lively_assistance
capable_chock
rainy_telephone
blonde_tents
alive_slaps
basic_frames
biological_orifice
ridiculous_fetch
right_patients
famous_handwriting
uptight_destinations
quiet_journey
lengthy_features
aware_apprenticeships
back_drainer
subjective_flickers
unusual_helmets
running_blades
new_howl
cognitive_stoves
professional_circumstances
final_raincoat
western_leap
friendly_firer
unfair_vice
unfortunate_disposal
hissing_nation
angry_ceremonies
lively_zips
nasty_orifice
tender_conduct
classical_tie
smiling_mists
tan_qualification
gross_employee
big_halyard
tired_switch
economic_hoods
unsightly_filters
fancy_tongues
balanced_dimensions
substantial_judgment
desperate_tendency
electric_specifications
competent_accident
weak_boat
exclusive_sort
slow_debt
islamic_coins
creepy_bigamy
senior_member
novel_interpreters
significant_average
round_presentation
various_livers
stable_stock
historical_integrity
filthy_joints
geographical_ending
obliged_donor
unnecessary_disasters
proposed_garden
promising_resources
passing_disk
contemporary_dollars
comprehensive_strikers
associated_rocks
deaf_owner
inappropriate_charts
definite_gangways
quiet_captain
strong_sets
surviving_toolboxes
exciting_stoppers
busy_plant
visual_evidence
alive_moneys
rural_nonavailabilities
medical_electrolytes
grumpy_paint
boiling_affairs
tall_accessory
ministerial_guides
sacred_consideration
pretty_fabrication
major_compromise
islamic_mouth
hungry_thin
alive_stone
elated_sneezes
pale_grips
statutory_increments
short_rubber
working_dabs
continuous_nylons
hungry_signalmen
extended_million
depressed_truth
wicked_tack
cooperative_accident
ethnic_chances
scottish_laces
ridiculous_tunnels
different_clerks
magic_sport
rainy_rainbow
adverse_route
musical_layer
prepared_million
whispering_signatures
plain_books
painful_generator
additional_nut
marxist_relief
square_cannons
vital_helicopters
uninterested_sunshine
good_stitch
bumpy_contempt
massive_wills
inner_drives
overall_threes
slim_debts
grumpy_runners
arrogant_services
toxic_raps
faint_harmony
fucking_skill
independent_rumbles
appalling_hulls
charming_contrast
splendid_fractions
historical_passivation
helpless_task
excess_signs
disastrous_times
confidential_career
likely_calculators
other_lake
interior_pans
nervous_limits
monthly_deputies
uneven_theories
visible_hunts
mixed_situation
strong_trees
distinguished_telecommunications
required_shelves
adequate_man
greasy_careers
round_protection
grim_suspect
good_nation
redundant_splitters
jolly_passwords
labour_printouts
many_compasses
square_jobs
rear_explosion
unwilling_lids
colossal_pockets
steady_power
ugliest_meter
sympathetic_ditch
national_locomotives
fair_hierarchy
unable_humor
subsequent_leather
various_orifices
victorious_medals
flying_combustion
old_fashioned_finishes
aesthetic_valley
strategic_appeal
rapid_wounds
silky_surprise
wonderful_church
common_tire
live_meal
crazy_linen
male_memories
far_course
governing_distributors
swiss_dwell
grim_blow
brown_diver
loud_airspeed
old_fashioned_garden
accessible_freights
simple_smokes
logical_ampere
anxious_crawl
decent_words
ok_televisions
welcome_interface
hissing_procurement
eastern_breaches
quick_hundreds
ancient_seam
added_interests
shy_promotions
disciplinary_hazard
working_mine
general_currency
sour_security
objective_honors
beautiful_choice
interim_centerline
certain_dump
weak_spots
wide_rest
extreme_primes
alive_cruise
elaborate_bureau
creative_shipmate
changing_ways
ethnic_calibers
biological_exhausts
soviet_housings
pale_voltage
familiar_prime
visual_strength
underlying_interview
black_salutes
irish_birth
imperial_flashlight
middle_class_quarts
reliable_printout
aggressive_bed
clear_slope
tall_labor
theoretical_complexes
huge_gallons
spatial_dioxide
allied_lamp
horrible_entrapments
crude_transistors
criminal_realignments
unlikely_column
experimental_cries
planned_howls
mental_grease
powerful_patterns
round_educator
running_laundries
splendid_mug
empirical_images
prior_battles
regular_ability
intensive_ports
like_wiggles
weekly_selection
chief_regret
hot_inventory
witty_cent
balanced_races
inclined_navigations
rare_galley
ugliest_seamanship
popular_recruit
molecular_river
odd_analysis
single_depth
established_concept
grey_letterhead
rubber_oceans
invisible_preliminaries
stable_classifications
alone_chits
continued_bottom
severe_hundreds
strategic_fathom
relative_contrasts
spatial_choice
usual_allegation
mobile_surprise
rival_rudders
diverse_problems
cuddly_suppression
steep_summaries
payable_glides
chosen_troop
uptight_gasket
enthusiastic_factory
domestic_exhausts
brief_plans
definite_company
keen_scrap
present_limitation
fancy_superlatives
local_lake
vulnerable_harpoon
dead_overcoat
available_implantation
extensive_dedication
fat_spoke
chosen_recruits
small_languages
legitimate_deposit
wise_nation
beneficial_subjects
qualified_electrode
beautiful_skirt
frail_annex
elegant_habit
symbolic_aggravation
national_compresses
healthy_health
ethical_magazines
bored_fight
swift_packs
bitter_dots
imaginative_blows
royal_striker
sorry_eggs
remarkable_mixtures
unfair_president
plain_mug
hissing_guy
conventional_powers
mute_eddies
orange_destroyer
implicit_opposites
magenta_nations
sound_library
increased_retirement
broken_slash
pink_runoff
determined_rail
nosy_width
technological_hub
envious_separation
everyday_wells
outstanding_stator
compatible_syntax
happy_radars
correct_directive
chilly_hate
coastal_fault
wide_journey
zealous_sums
naval_factor
fine_channel
leading_swaps
magnificent_lenses
linguistic_tree
well_known_soils
old_fashioned_pieces
intensive_assistance
flexible_sequence
realistic_stub
influential_nests
existing_petition
unfair_bend
insufficient_thursdays
unfortunate_ropes
rich_thread
yellow_area
desirable_accelerations
major_tellers
preliminary_drift
parallel_diagnosis
just_pier
rising_rumbles
bright_crystals
above_vine
extraordinary_countermeasure
charming_act
entitled_tin
faithful_platter
closed_deposits
alright_passivation
identical_specialties
chief_forests
head_conspiracy
gigantic_desire
wet_drives
famous_goal
aware_concerns
indirect_label
poor_cliff
agreed_leaders
well_checks
rural_dictionaries
chinese_buckle
indirect_actions
grubby_arms
super_limbs
fatal_gases
gleaming_flake
sporting_prisoner
many_kit
monthly_impedance
diplomatic_transmittal
sexual_hairs
clumsy_inventories
remote_halts
formidable_escapes
alleged_patrols
reliable_cavities
large_scale_thickness
crucial_view
creative_notes
zany_occurrences
collective_laser
electrical_sunday
middle_class_choice
static_room
fat_statements
short_command
gay_routes
daily_nail
rural_expenditure
welcome_overloads
typical_crystals
dangerous_wrench
small_district
innocent_pounds
furious_cakes
shocked_story
low_harmony
rich_toothpicks
magnificent_generations
primary_sticks
kind_combatant
related_architecture
fascinating_animals
absolute_jewels
toxic_ingredient
continental_gear
beautiful_flakes
evolutionary_admissions
unfair_lift
average_indications
cultural_trick
combative_plexiglass
interesting_mat
amazing_catcher
creative_slides
correct_fathoms
moaning_participations
structural_vomit
fluttering_circuits
canadian_registers
brave_saving
spectacular_fetches
general_elapses
overwhelming_religions
meaningful_authorization
american_drug
chronic_cannons
lovely_student
used_turn
subsequent_product
golden_books
fucking_circumferences
christian_taper
poised_weights
ripe_station
upper_purchases
small_brake
strong_time
western_firearm
outside_pilots
bloody_world
familiar_desire
obvious_gate
naval_flame
continuing_relays
balanced_reliability
nearby_scopes
holy_echelons
fancy_decoder
whole_shave
nice_float
medical_originals
mechanical_blows
wide_diaphragms
swift_amplitude
ltd_weaves
lazy_budget
concerned_radian
private_divider
radical_plow
worried_reverse
satisfied_sockets
creepy_procurement
straightforward_standards
notable_navigations
whispering_annex
jealous_beams
coastal_landings
adverse_record
embarrassed_formations
charming_metals
expensive_daytime
busy_stripes
shiny_reenlistment
courageous_pocket
blue_leathers
stuck_gulfs
silly_cupfuls
solar_cuts
powerful_stresses
golden_usage
fascinating_documentation
visible_couple
armed_messengers
distinguished_hum
empirical_straw
full_tears
comfortable_thousand
noisy_sleeves
obnoxious_dispatchers
prospective_flood
absent_bowls
tired_ration
native_polices
living_mistrial
subsequent_gloves
then_hints
gentle_crusts
due_cuffs
ill_privileges
steep_pane
sour_compensations
frantic_solder
simple_arch
funny_allegations
dangerous_downgrades
angry_energizers
electoral_offer
controlled_flames
normal_advancements
powerful_picks
wild_indexes
native_shotlines
administrative_knot
balanced_boresights
damp_multimeters
courageous_distress
visiting_south
full_time_forests
acceptable_sounds
bitter_releases
frail_pastes
crooked_experts
widespread_quart
welcome_runs
nice_arms
vertical_superstructures
unlikely_impact
worldwide_attorneys
social_capacitance
gentle_hill
scary_screen
peculiar_compresses
flaky_housefall
keen_leaper
qualified_offender
corporate_jurisdictions
managing_interpreters
adverse_rock
magnetic_ticks
scientific_stick
nervous_oaks
solid_conspiracies
welsh_sewers
vast_tours
upset_change
respectable_hut
very_glues
arbitrary_beliefs
genuine_plugs
victorian_person
nosy_farads
aggregate_energies
dull_compass
crucial_rhythms
dual_pits
passing_realinements
integrated_wingnut
comparable_nod
tender_corrections
rubber_hair
tough_stowage
delicate_returns
lucky_value
green_hardware
enchanting_return
jolly_solution
white_guesses
separate_rhythm
managing_mode
many_writings
current_reconfiguration
huge_switches
poor_sessions
doubtful_forecasts
amateur_cart
glorious_periods
good_rumbles
spicy_mask
flaky_trackers
outer_breaks
afraid_executives
big_primitives
present_grounds
miniature_brushes
scary_method
dangerous_processes
clean_account
abstract_beaches
curious_ejection
occasional_capacitor
mild_result
tiny_plexiglass
brave_negligence
panicky_figure
present_collectors
naughty_sights
effective_paw
fragile_echelons
concerned_subject
quick_cuts
great_bush
encouraging_chair
repulsive_pistons
shocked_solders
written_jumper
hard_elements
sensible_airship
full_time_input
impossible_cap
exceptional_strip
systematic_brother
single_meet
surviving_appropriation
tasty_basement
spare_paths
early_minutes
smart_pine
likely_rust
occasional_runouts
dependent_tractor
autonomous_interaction
low_forts
slight_crew
steady_duration
better_seas
lucky_acids
fortunate_drive
cooperative_misleads
new_mornings
active_input
bright_apprehension
proud_confidence
cold_arm
high_pitched_scene
bad_parenthesis
busy_folds
tame_terms
wonderful_terminologies
important_implements
mild_credibility
round_fighting
fatal_crosses
roman_paws
physical_pipes
partial_monday
tasty_regions
bright_straps
deep_device
alive_chases
feminist_bulkheads
surprised_hopes
combined_ratios
elegant_compressions
unnecessary_bumps
precious_wishes
annual_mountain
vivid_pine
chemical_pen
isolated_tills
mass_reverse
stable_city
wet_certificates
nice_networks
wild_commendation
whispering_position
unlikely_drawer
foolish_investigation
victorious_army
regional_touch
coloured_february
spanish_harbors
assistant_smoke
african_eighths
clinical_art
tender_binders
handsome_shotlines
desirable_brush
nice_beginner
red_trucks
incredible_assistance
defiant_spacers
annual_spokes
technological_path
commercial_talker
logical_cavity
clean_attention
flat_interpreter
sensible_translator
distinct_fight
scornful_sisters
fast_module
teenage_messenger
monthly_admissions
simple_diamonds
closed_excesses
spicy_costs
controlled_associates
expected_fan
electric_homes
post_war_stages
marginal_fractures
tender_boot
friendly_lesson
strong_dereliction
useless_withdrawals
spicy_lubrication
other_checkouts
useful_soldier
ill_missions
wasteful_rations
steady_butts
flat_membranes
elegant_transmission
fucking_bauds
horizontal_faults
urban_worksheets
strong_swamp
devoted_tan
strange_cellars
intimate_woods
evolutionary_bead
spontaneous_hardcopies
interested_much
brown_fishes
arrogant_helicopter
cold_tail
statutory_knobs
important_noses
personal_circuits
universal_sum
valuable_customs
extended_inclination
hostile_letters
philosophical_weight
inadequate_messes
correct_sole
boring_respiration
detailed_listings
worrying_appraisal
literary_troubleshooters
excited_submission
unusual_man
whole_warehouse
gross_friends
crowded_fountains
accessible_seamen
intense_resource
dear_bottle
wooden_storm
future_hint
fucking_tactic
awful_dip
petite_pattern
printed_disk
long_arrests
compatible_submarines
afraid_prefix
tan_yard
full_time_debit
dusty_curtain
exciting_licks
homely_cabs
double_hopes
verbal_peacetime
fragile_sips
