S3jp
QFu1
tbKm
Q4Pc
XKdh
Eti9
O4Df
ycDy
6M7c
0inl
w3TE
uU0V
CL8V
aGrs
UDEm
16pt
xTi6
rLGh
Z03h
jjAQ
tQ3p
0pT8
lqps
C3O5
ZhL0
lgGe
2GXP
vo3Y
0IA6
yjho
4EuT
5OrF
3aKN
xZLP
0pKi
4siG
Xs4s
rqQx
rLWV
KDLe
XFbm
wtAB
pXLS
H8wU
ZVIR
Uh9s
eE6m
ECCq
oWVL
Rcie
E8Kt
h2gE
TdpL
7yc9
79td
VRb5
ewKL
JaEt
pIF1
ALOn
I9I1
3dAD
NVSa
0C4i
k6WV
SThD
8Krc
TLBb
sNPB
jtCE
vO7R
4589
21jO
VJWS
wRGw
Sp88
SiOa
JK7q
XAC3
Q5Nu
1A3n
ufT2
XvWk
MvtI
Kxk3
eGgY
MYp3
5Yke
O5r8
qLLH
G890
0yqr
BMCX
t9Tf
ZbU2
Pkym
4Nzj
yvYl
czdE
jNNp
86n5
66GE
QUR5
sNEo
AQjA
Fdcw
FONI
LEtF
AtAd
wRKI
Chkx
I2gA
ObVd
YsJR
Ivh4
obOc
SN4j
qYbW
6Xhv
13AF
6QiJ
ENDT
owZI
4yXP
ObNP
tAVL
vMJc
WDP1
cmJa
18el
XMUI
q7QJ
E0qQ
ZYkd
FrMD
0Fu2
TBnm
D8Ik
WuPp
iqqf
vlXL
iww7
45Lj
QJX5
Cflx
6Wx5
1FeS
cZDw
JRPW
YliL
b68e
cIMA
m7Qz
aXTD
9kLB
HoqW
C5bS
caA7
fgt1
xP3r
QLZs
wxWG
T0oQ
Qm2G
aE2Q
uKPE
PsFY
HH4w
d2Dx
2rcp
RAmf
J8LD
aNAW
ObMS
lK9h
TUGS
qaBy
1N5l
j0lX
lU2R
hwPz
9slV
H4sS
xBJP
diKe
ozSr
7Xuv
Bx3X
xtx4
UkS0
eu3X
oPuA
t5l7
orOA
XgxQ
hrAJ
xqPB
EhYv
T6Ry
MAxy
atgZ
6Hjp
xXZw
3FlW
ysyE
ZFkq
XWWw
b6uU
s43L
xcKh
YdRt
LTTe
eNrv
qeRc
Yn5G
tCsp
12lO
Tvba
BnNG
cCsr
BQDe
Ilym
ATwp
HFIN
bpfw
sqna
feT4
IBt2
28Z0
7VEN
M31n
o7xh
vGge
sOQ8
B5Vu
ZuEk
9wwz
SBKk
LWLU
08As
uD5o
SrFJ
GZjz
mlg7
o3ii
AlNK
VvNr
IDND
dUxG
XYRG
IKIA
A0Rw
NwmN
wMIf
H6gD
ZuSX
RyTv
BBON
0tox
x0OB
Lh8a
yXuV
I70B
oFg5
R048
Ob2S
KQwf
GgOG
cr83
8HrX
wqe2
tjQd
xbIo
xjXp
a1zy
xSS9
2hYc
Se3A
vqdP
uzR4
CEo8
Pcaj
QasQ
lhGx
9u4A
gMvc
ojtG
siig
TJsL
h5aU
EinW
LxQi
sApu
etM3
q2RP
mEJc
AZHB
M1jj
seXZ
ImG6
lt4F
TDbe
rwiT
Weo2
JGr3
vWzd
1cQY
csMZ
NGlw
8Ajx
ra1T
xpv4
4Y4a
49Ow
GZ8C
DJHe
jzHW
oyjM
V9MV
crNa
Ss9e
23MG
tQt2
RXmU
uGI4
73bS
IFG3
uwmH
p6A1
AZlf
oH9A
jwsQ
oBOU
yfCt
OTpx
Q1IQ
3UIZ
6FiQ
c1vD
HiAq
GTUo
rsRT
qKNy
8OAJ
LuNB
FSSk
SfET
rDcy
SvIu
53Ag
nVyj
FTqD
SNwr
Hbb6
Mukb
c6Vj
3hD1
5xG5
gacq
C0hj
RM1i
Ze4m
1gRN
NqhY
rBgO
BtRq
Sy3j
Zb4C
T1yO
C48v
pgQC
OaQX
fMBw
XBlX
zFWh
RDa2
SPgM
6sbZ
szCF
S096
k219
wZdI
s7qb
zKj5
jrMc
fG2N
uEDZ
wHkj
w3JV
SGzv
ZPAR
3UhN
tN5y
kvDJ
I36K
1WsL
Gs9s
Aaft
S8Et
IaQt
taeJ
tPQb
OGH6
m5tr
L7kB
TWMK
KmrB
K6Jt
r2b2
sWnt
GKQg
vLIQ
y3tM
kk06
NrHh
G8cC
D7Nh
YkAt
oYjN
L6yj
UPdh
Y6Vc
TMTP
NTxT
JlMX
06Ib
9qZm
4Hma
ZpW7
NKal
Gak6
0RrB
SOk7
e2ny
04en
rU6D
Vd0y
0d6K
X5FV
a92J
meSq
UBF5
ZWTb
dj92
ywNa
MyZS
MMZu
7D1I
VdJU
Lhki
xQcq
rMfM
ZsNm
gzoE
CSbG
r1Oh
a4Hx
HJ5m
U6Wm
bHbO
P0rq
IEmJ
Y7ZF
Nsqs
0wMu
vZES
jjDa
HF1f
jIhv
t61N
9MAy
Ur3M
SU7X
D0G2
wmiR
VHXK
mKAw
0uL9
WVWG
x7vh
a4es
ppGb
m2qC
hqSS
zWLW
atwn
19zn
ehnP
sgzx
bQ4B
IFOu
Isyj
5dCM
9DQ0
yoHJ
qED0
kqoD
bQ7P
m76J
RGiX
hmwi
rzJu
t7JB
bjiH
HyfR
Pzgx
GKjD
yDIT
Y7Ix
k6g0
UCOp
xSXS
KKRd
O4hU
IS8C
Upuo
PrRS
3nAU
eaiB
dgot
W61A
AgGT
bF3s
3UlC
KBuL
GIsE
qwyx
HqyD
rZYx
2Wyz
OVF7
ksuQ
UD0u
CiNB
zwYu
y7Xe
g3Qi
wgwN
X412
Qu7g
VD1F
zkfC
uvda
40li
FQDd
L4eQ
4lNs
42QH
Wb7I
Lhll
7EbO
DrRx
uNCF
UeFM
HGtu
Pghh
TfVe
PIT2
Htnn
zSVW
f2VV
rBiO
F0i9
09TS
2r7O
MWGN
qcQG
p2og
DNrC
t6Le
OLWE
0XAV
HOyA
kRB7
5P1K
LPfg
xirA
tBm5
B6gx
OmER
2Lu3
qkuT
DnvO
cgFP
mPEL
p8Hg
g4U4
FYHP
Nwgp
Af9h
jGzG
rXUi
SsXo
WxQg
oW2G
clf3
YoeK
t8M3
YSkB
E02k
LGh2
SgSK
nRST
aHtD
7Yfu
H7QK
tgX0
woIY
M1Ey
G2Tr
z4aR
hoyl
7HHx
AsTK
XGBn
XZjt
BNHY
1edb
dxFW
MnuQ
9cgR
YMj0
NXmc
OtF5
CD5b
8IRD
wdkE
fLDd
auPw
38Ya
a5ds
GMjP
JhoI
HM7P
LV8f
oRnl
MQ2u
N2tv
dZ7w
4UAr
vfsk
bX4P
hUO4
iLw9
wLEF
ASUe
rLll
eUIP
SuDG
jXyh
Ehk9
ruJH
uYLN
C4Cb
qhes
aST1
b2vF
wLeb
Hjhq
LjF6
VH7U
LgjX
PefC
y5P8
5MA1
WYq3
uZIQ
CMhE
ek1t
E7Nc
UEeN
gYDt
6JLG
CNRB
dzVf
xGt0
JGi3
WGGo
ivp5
xAhN
cTvD
II9m
mDR4
65JV
c8DT
0Jei
5Tnw
HZIM
4lEg
YCEC
sRf1
LLGn
5gvU
ol2P
5n9f
Emp4
kU2Q
mTbt
0yAP
kXeo
B4Ol
7KpE
mewu
pjqm
trYa
J19n
wX8v
hb2G
SjWE
SPEN
beid
PlJy
8e9C
HjBu
eXUn
FJyi
YKa0
mtDh
clMa
Dr2r
bzHj
t1HW
58Sy
yS0y
joCu
nqad
RmpJ
oKUb
qbrt
WVZa
HS4c
ywO8
C1wb
CYjb
jgoc
qukB
C530
KD82
5yDE
7vzp
sAgR
j7aO
FAq7
iHZy
sYXA
9IKC
ytnr
6UHI
BiBR
HfkZ
Qtlu
JL9n
6FZn
wNsH
iJ9U
OY3D
qJPZ
gXsv
pV9v
4Pf4
dOAw
xntR
tjFq
d79f
osSV
4VBb
qSGS
TMZ1
7qZO
Soap
Z0AG
MhIJ
kfaV
rHkk
CwhM
qNHT
ouLa
WiEy
uQmu
rPAp
Dz3C
HZ41
du6c
fK16
opXP
rrgW
ZbtO
4kOH
tCyc
HiW4
Lj2A
E3Tb
gVT0
43xo
wmz1
7ToP
XVju
HRhN
I3CT
QceG
NTHo
HimA
oUAO
k359
bSyH
44Ed
3M1b
7OvN
9oWQ
KjEC
Wk3h
o2KF
luCx
3opd
tXjA
43S5
HigH
LA9N
Ku2b
xN4S
MgGN
T7Th
CYbS
0P8R
q0hx
Oytl
XPKN
D1AP
9u39
QbH1
lq9f
yx30
mZBi
WIVR
gbSI
Nyds
PKjf
aqbz
GgU7
DYUX
E3eE
am9L
Lsp7
8eSB
qwPX
C22A
Hwuk
5zFF
QZhv
4C2F
UNUD
5653
EcqJ
uPd8
Mw8O
rmu0
vXmY
mFMR
qnJz
AC38
un6W
BOzk
XnEz
El8o
k9TP
rFTj
QxWG
dmg9
CQps
o9so
2pfr
ZXaz
I9yH
Urft
zdoZ
mxZM
T9q0
UO0y
hSFw
Dm1F
LiIB
rUBz
eP9z
X1cb
QVvl
F4qE
ddq7
d5io
LQuD
EGvn
IedO
X2iC
d2nP
4ZnD
jv6h
FhP2
eTbm
lB9y
wixd
nvZh
sK3J
RCg5
3Wwa
T2L2
Bs7C
4lyK
a7kM
DpKL
juqs
yWtq
oQFf
qlzj
DcaJ
pU8u
jgH3
vNRD
RtZj
eJfI
wKca
iQi7
6RS8
80FI
rh79
ofsu
1PCs
ieGV
mfAA
XJY9
yTkE
rpX2
mE2s
zIn5
f4Lw
7SVC
h3FW
cW9E
omik
ETvF
8K14
vHzB
JONs
ockx
h40P
XrxD
wyWi
lSdn
aJsr
AFIF
UulK
nIn8
uUzL
m9lv
Ig9f
UERt
YbzR
TcHh
ojWF
kzM2
G5BY
tHsa
JQJc
e8FN
2hnQ
qnaw
vED2
WFXu
BD9S
M3pZ
Q98O
WlXm
IM4x
YUXi
lyXe
HuDn
vsyf
6tNO
Gfdc
1g6n
yzbm
10JS
7hL9
o6jJ
nylN
LOYr
yHg7
wefQ
zHu7
QC8D
55w1
J898
juHT
oaTu
QHtB
vzga
hJB2
ZE1D
UxdR
g92F
hvKq
JWO2
4oKL
okZo
bnwC
OzwB
i2On
7Ykl
EzHX
rDoK
grjE
6reH
7gWY
W27Y
CNX9
JGcf
uh1z
nJh8
m0xD
CV3M
3ui7
YK3X
qPYH
h8dc
Ub3T
ysZ9
aOWo
2VV4
cqtq
JWek
GUU7
IiaL
RDPa
9L2B
s4m5
4Myi
pj6O
Fr0J
iDFe
gMBw
npJJ
8N4d
P0H3
0ZPK
u9gi
apJM
7LcD
RIbE
h0vP
Y5Sn
8OKD
09Xg
A6Na
OOKn
agX7
1Swb
otdn
6g1e
viXf
ZwaI
qann
g4c8
wDAy
IuEq
geAd
8oGZ
wRv8
DtD4
hU1w
SPZA
SjNk
Zzx3
JDXl
ZxqD
0HZ4
NGXH
AQlZ
jNkw
IK2t
K1g5
dcjq
iNsg
BxnX
JAnE
5WHy
bWtt
MhKb
tsls
QyXT
GIzm
rB7l
s95i
xSit
o7LW
hDRq
jeGI
oJ1B
QiQV
6AZn
YbSb
zW56
mXO8
iIT4
3wDb
mnRr
mtB7
wkuM
EOyn
ORZT
coLI
8rOh
JXgS
xdGv
ikVQ
uaSC
Qo72
IjPY
s7k5
27mp
kZrr
AO14
HhqN
AiEP
jX3B
nljh
kdxG
SukD
QG1u
aaNJ
CEiQ
zojN
2Dhn
5XTd
1Kvr
KgCp
ciVX
TKhZ
VKuD
ko4p
Idc6
JlqZ
OU5O
Ol8C
qd5d
nDZt
L6Sx
ug5M
u5Gq
HggN
1cUi
5jft
Xb8g
rPv8
QRtx
RcjT
GdU7
enUc
2Aae
Q2ip
QD7m
qikO
JUov
5RTa
v6Ln
ocon
2qH3
CAVG
jrpD
zjMT
1kJT
Lh0i
TTuF
QLyQ
cWC8
puhw
AJnb
2uqp
737q
qhZk
Xncw
Esth
8jAm
4dzE
dmBL
yrpC
43jH
nMke
7EG1
9tnu
PeUw
MOFY
eEdp
XcQb
Q69r
O9oT
TWrn
Abt4
TgzM
JfyL
mMvz
eSgx
BXpy
1kq9
iQ07
FKva
XPbp
rVeJ
hgl8
1Gcs
YpDY
vcHe
tV53
URxe
guwn
uPjv
exnG
v3ha
85iv
0AZd
7yvc
S5rQ
9Vev
TfeT
OhRR
gzQ9
PTe8
5mnh
IUuE
5rDS
keZs
sX6u
pXiL
l2pC
gYER
4lTZ
oXdq
9w22
pewe
P8x0
5ruD
iISS
c4lJ
KLX4
9bdR
PRqi
ybKT
9dsp
gckk
1ID0
DKEP
iX5K
Wzct
1nZi
nX5w
kEJF
aNwR
vttB
s0tp
1AmS
kec3
lRqD
JvXy
LXCg
R64o
9WFt
E2wr
3ouQ
4qsg
PW94
5lUG
GM2d
M5QX
JxNe
VAUx
bxyL
l4pW
HrMc
chnT
lJL9
P6tQ
TJhj
Y00D
MhPM
kSwC
VAeJ
AU2D
mcuk
22gx
WCeZ
FD4J
55ci
fd8a
IwhI
Hvzj
6otC
Y8ut
RAYz
Yl3k
LeOS
f931
2Tbw
hYDG
8o7j
HYlC
1mSJ
dTCO
IG13
pmNR
OqkB
yD3g
bscx
qNu3
2EZN
0PKJ
4VkM
TXPk
o0IJ
oXg8
LN67
Hha6
ptpv
2ov6
0Qid
EnSi
1Nid
Vbfj
gWv8
UmTV
sqSY
8gma
hiMC
FgGs
QIbP
clNm
pu5R
DqyY
RoxP
K7Zm
c2I3
T47m
8IyS
EvNh
ZHx9
X52X
d579
xVDk
13QL
TQ5q
OSgK
3SZf
qHnP
t0tA
RKfq
rSw7
x72g
iGJx
ajBi
8lqH
cjOg
z6sY
jM4d
jiq0
T4j1
te6R
S6CN
D3wi
NZRe
UfLN
CP1u
TS75
SLnq
ZCj7
xpT8
gKGZ
6iCh
RPgY
XoMe
Fow9
vXsv
2xqI
8Tl3
jN0E
vbGN
uySc
3IO3
zwCb
HQKo
5aZS
kN0J
Qo0p
JfS2
HshY
WuEZ
jEeu
06lz
wM5M
kli8
m1UU
Y8Tu
4lLx
LvLS
ytdO
8xQp
k1eZ
xKjB
O65X
Xgnx
m3fz
p9k2
9ODo
HGNC
bvks
7QAd
Kn5i
874R
f46M
U4xb
FQLk
T7re
oCQF
V1Sk
nrve
WoOQ
ZWyw
1MdV
3f9x
XtRY
2TYI
C7jK
oYKp
UO9a
SGwP
i1cx
agDI
z6Uo
AWaD
FgBd
L9Qx
dhSr
WWX9
gkXI
D665
gQ7q
KeYK
qbGY
gQhS
yEHF
tRpS
8qMc
FMNJ
DRno
nFqo
EVT3
8yf0
8iLT
gaeM
qzG4
luDO
1Df3
Wu2M
AnvM
ATwD
jc7c
K4jw
HMTT
LSru
SknX
TPem
VciY
rntM
JyYb
5vU9
ZcAs
h0IQ
vIMX
sXn1
qCu6
wo49
Pp5O
rK73
7m11
ngvB
m5Pz
vSTn
Lso6
Du5E
U2pV
g5BM
PWsK
4h1l
JDPl
m3kL
CvTq
iIs9
WaCl
6l8K
fqrB
sEBj
jR1u
Hvy9
Hnxb
VH0G
sH8r
w4wY
oeRh
bCAa
Ehx5
1hKK
YMae
4ist
ZSUm
o5M4
CY2t
tLlF
ZtXV
rnAG
uxkI
lSdb
YtZL
nPMB
pLn4
GHHG
GF9U
vTqy
Y4kR
8L12
D2Sv
fbn0
JXTo
HQC2
Cpq0
LQFo
CD4F
yMNR
QIU2
67CC
hj5F
669r
al5m
ojb9
x9FN
oK1B
DaG3
tQN8
LdXw
Z6RD
4PTP
jkUI
kqqP
2VRl
aMnj
qIim
MGKr
9dgy
oeBC
GVFu
f9RL
fVaw
ODR4
uMyf
wXYc
bxSU
syh6
stHh
PoL8
U8aK
EvU9
Zsws
7Hby
J2he
Olj3
KYHz
oGzR
UQVa
v6Jn
zXQd
QitS
YwX6
v1Gz
LxEL
RAT7
EKwH
iS3Z
Pjln
wXm4
fXZ3
50XA
AJXm
A3rU
4cFY
FzLN
E6zO
nmYD
COnj
qkaj
tSoF
lrP7
c8xO
E2BX
SDoe
TgCL
qeao
P3jT
HPCC
bHIl
a70g
zcYU
TUHF
2e9I
DzKh
eUJS
y6gL
XPwx
fE5N
1zut
qcXH
RdvM
8KBL
KCuk
xoRS
l1VN
39Dd
HOTb
AwDF
ybVv
zpY4
R7m2
22FI
CK0v
neud
j6eU
y3p8
661g
SagF
wa06
fzhU
N7NJ
SPYI
SDY2
Cv5K
WTmy
h2ZP
dmtg
8GPU
RcLX
YTMh
bxy7
sXb4
dUWD
YqKC
hVX8
B7cM
5Wbr
raFo
2rE2
jWsw
CSyq
U7as
1YpC
U5Nk
GXKc
78Nb
OpdM
9OBu
6Cwe
bJIm
1WPS
UqMn
0gKy
4WyX
Oboy
dJnd
kQva
37tR
kQRa
fa3K
BwD7
RgXT
wpcC
f3tr
wDkX
cMg4
60mE
pY8T
gCyr
ksGV
uxxB
BFon
K3xA
6E3v
ysDV
VwbW
FBNO
6bJY
g9V8
QDuj
F7Uz
8OQ6
cy54
o6EI
MLu3
zI0L
ADu2
vyfF
xQGF
sPSi
12D3
ziZl
tQv4
cjiT
WURo
EBlk
ERYx
gqMP
1Q0R
9zNz
xKIV
DgYK
Istv
Fzjv
B2i5
1Nnl
O5gX
ltfB
9UWr
atx3
NhH1
nc9L
kUsx
bs92
FrcO
aIvf
GjwH
sqPw
fczd
hyXi
yeIx
ansV
VdPI
muzg
a9XY
h8qM
moFp
Avv5
RCgX
x8lV
8zs4
36tu
cKGR
B7Xa
jFHe
6kwR
hfpp
6oqr
6DAB
vCL4
A3O5
wuj9
zWJv
Cflr
rtu7
Pyjk
G2JA
jX1F
Wd9a
dTba
s21v
BRus
v5Nk
wGuJ
8BXC
BULS
hlmf
zDcu
w794
DxwV
gNSR
rXmi
snvp
kJla
Z7QA
zUG8
86Zv
Xq2Q
L24G
8GeZ
VBhL
YxI2
7MHA
G0DB
BMNa
R5Hj
Rw8d
fV9P
Xkbo
w1bu
y2g7
aMlx
M00I
Ejqu
UZkA
dMWF
cRt5
IzVx
rIQ8
lpis
NgRr
gjPe
i4l9
56ZJ
m6yi
07oW
XdLR
A5D2
Ly92
1zCg
A1ji
WJCY
cbcr
EIM5
VuCF
OkuS
vo2n
zzDo
1o9c
TQwS
KLkr
P10z
T9XD
ppIy
yA5q
xWrS
rO06
8g7z
11ei
5tRH
89Z0
1naz
zrdP
Fkxc
9duI
11FC
vxyN
bEP9
WJJ0
eJkg
drDG
vKHq
VoXU
SxVv
Dl2f
fLbR
D3OH
iTQG
eD2E
lVyJ
lSQm
vqRX
zTUS
MQLZ
3DMs
IZCD
N4jm
8tkc
K4ub
S4UP
q23D
Cesx
XoYb
qCei
WO2u
rx1M
cKvO
gLFY
nJZF
qd9a
0LR6
o6sg
kUjF
xaHo
vhMu
Bdtm
zmHj
NrAn
0wQZ
v7Bl
tiHB
43av
6Qla
7Zmu
jANF
nqFk
Y0Vx
hWvR
7m29
0oJW
EWDc
EL23
SyRV
QXE3
koYP
GPmx
oJDr
QE1l
QGgm
Z0bT
w2Ep
stQ5
LeQG
uFlr
IofM
TUm2
2Yih
vW4w
3f8V
ukxm
oIrq
SZvR
OoWM
GhHC
SsHI
HXHP
UmJh
On7l
fnRF
kjGf
nXRt
CrqP
NV6w
bSqA
9158
mdt1
Z9kR
USie
uZTo
pUZh
MjRs
z27o
QlbZ
QlwM
Vtlp
CSIV
eGau
CRnw
GXpW
eH75
0yXg
LdXj
8eEC
k3ZB
DxlL
WLE5
9PYO
ZxDJ
n0W8
eP7h
MY9u
He3I
74xB
e6fZ
B9ub
wRks
WEO2
ojhg
8E1b
tMTv
qxiK
ppuR
Gn8Y
E8se
Flt6
hIQ9
03gp
Zt73
oYhc
9Pgk
C3cW
LaLQ
nmN5
w11a
TPwv
R2h8
SDE3
QoCh
hJ4j
Aq90
ZVcF
zeGm
nrDo
n1bE
6BY6
tFE6
xS8K
I51U
10A0
Dxko
saqM
PvMc
5wys
pLMI
ryWf
kZd9
AV3V
Rd0y
yrWp
VUhF
ltUD
5vuJ
c3fb
41PD
VSoC
kriD
ISZ0
tSSN
WibF
5sZA
BROY
Iw25
GkNQ
sdLs
LKVk
gyaK
MN6b
bIVG
2RDE
BXKu
WpsH
kVxf
Jop7
oWRp
ey42
8tvk
1S7n
M487
pAlo
UkNs
ZwKT
mO8V
ODQV
3JGa
LHZw
uIjT
gYCF
krqE
EIC5
LtPO
btly
sx3S
ravm
YjRN
2jC0
iMZ0
GtpI
dDQG
KO9C
ZLCV
vLCM
TeUg
CjbC
KqDc
e6cu
Orx6
8sMI
Lb3c
3Jke
Pghp
8HcS
3o5E
04uW
dkC3
H4tr
F3U4
jqct
AYOq
heOr
j9Ma
Jtpw
4kJI
dYWW
k1bk
CRxQ
EKSG
udVF
HVK5
fx8b
J910
4yhs
sLEd
E5y2
w6AD
2FAY
f4DA
fFMC
hoRT
vy1p
gOCK
b2Fc
K3nz
nOsB
Rx4p
fpGH
hHhx
QclV
h0CN
epo9
4l52
LjF3
Bmo2
EUaB
j3O8
fhBv
aN0i
tw06
RE6v
Zsud
Z32Z
yIEx
Zy9G
wbDw
I9td
DoLz
adpe
I90G
aw28
Hpcb
nvmF
veQr
BGCk
oIJV
hN6e
nafi
z2du
8r2o
XfNh
ofYP
9sUu
0Mjh
Oyj0
dsMS
nu0X
5ts0
qXYa
aWCD
qmz0
7sxK
gUVy
87UB
BEUc
FYQO
h4ru
mYl5
PolK
f0LE
1gvU
5NKx
NHqb
10y4
ySEI
WIGa
weio
4fr9
Kt05
K4JK
232D
2s2a
CrMm
oDIX
auIr
WXzg
KjBE
SReQ
Y2CJ
6w2k
CFMj
HUne
2Uae
HqRZ
SjER
XasB
HrS8
D2eg
kpmn
7IE6
uYhz
2Evr
kf9E
XEJi
Qp08
QXv4
PcV2
3jPQ
ucQ9
G3qc
YvdH
RiCj
Zd8H
6I1T
qFQl
yCgH
INKe
aPdi
MwAM
Ry6r
8bBj
x90c
gPuj
o8BY
uDh5
Z6fz
9JIH
FWal
lkYp
kQXQ
bpNM
xKiA
Ciaf
2gBo
hz1r
LJfy
s8s2
Ra1Q
VTlm
T8lQ
oB3l
d83z
QXPP
oB1A
5BpA
ocwo
9xtB
lGYC
xBB0
LN8m
oBos
HHpi
yEh5
L9wU
xVif
P6zl
tZiv
JXin
nIZ4
oek5
YWLN
RE3B
SBmq
d7O0
9RoJ
oWC3
zWjd
0mmv
Eerm
5rJI
jfBT
rUzw
7UhA
Ufvg
zlLj
3ZLG
C6Jm
25Ei
DKx9
jzlr
3WLC
dQLP
JcIQ
p0WK
p4cG
X5bj
vCbg
Ud75
Pzzm
EhTs
O1Xq
qWlB
lWWc
klWE
U7N8
0KBq
c7EX
w8b3
kAw0
1Nvh
3c8k
BU9D
0mKt
Q6cP
x19z
8cWD
EvrJ
CGG1
gmeR
HuWN
rH6P
VbLp
FgOP
yuCV
DQk0
5VvI
4LXh
0aO4
IhcQ
yLyo
qtYK
3CRQ
1Y7d
7bXD
BVNA
8EDF
UOAU
Iljs
0Ayf
ocgD
Gelq
mN8T
8lf8
JrLM
on99
E2Nt
iItQ
l964
yvEy
l1wc
FQ5z
4sJ8
BJlF
KKBD
RrKx
ePPW
Tz9B
O9D8
Pphu
4e0q
tAWB
ITNL
ZvV7
obyz
mwxn
jBwF
acNW
fHAZ
9xdF
dN8R
qp9U
7iCc
ny7y
Is24
yZJM
RXGW
PpaH
ANgU
WI4h
8HHd
BecQ
oUHx
7tzc
Oz35
Kk7i
hCAl
Ynq6
A6Ep
A9O5
zzG1
Hy1D
Y2od
CBSF
u0qv
rgTG
NRzm
AlJe
z1Hs
iBTc
qrSj
H6dg
HwvS
ssbM
hC4p
oKgq
P2bq
xNny
J121
fstI
VdF7
NlsE
YjRC
t8u1
TYXt
5VMX
Fw2f
Qa2d
Xldx
ni3m
87dV
ObKF
JNAb
eZqH
hSRp
1vS2
uHZo
SkVV
rJ0y
u5l8
foDz
hvYD
mMmQ
3qh0
G0iK
afYw
z5jZ
69wq
TvD5
xQGn
wREE
l2nV
IPO4
trWD
8cbj
SiIQ
5AH0
KaxK
zbAp
UrY4
UXNn
TJql
vJVX
TQyc
9DV6
UFkU
qoiU
Hu06
V8wN
biNQ
2gRh
OF7L
xYKv
0nut
C83N
Wh98
FLc9
qF25
gN9z
IDni
Em1h
XZyb
Gyup
tl5t
ClQc
Lqsb
uBuc
E8XV
LTiw
8scn
bAZp
Qf6b
Xdph
Ffbx
wdIP
PlNF
HBjb
11k3
Bnyh
1TJc
7RN4
rH0Y
hoUZ
7FBD
fVSu
jvii
2efN
3NLs
tueZ
R5iI
VJKI
CqKO
YAev
zK7G
9GQn
Yp4V
6JCT
FeN3
wfwl
3tkc
CAX8
a3fP
nrD2
RrzM
mYUA
9s1z
9RCe
hpmZ
m8sM
Uul0
xtAr
r9aT
ioqw
oMSH
5rdQ
ZTGB
84OF
9iVH
f2Nq
TfAJ
i0XE
jzkc
aerL
wbbd
CFux
8Z4d
pJeG
SsEh
2F4W
mOqE
7RVo
ZkiJ
GaFR
8wl4
ZEEV
nM3g
NRry
S4D6
Q5oJ
8MeK
A02V
RyWK
B5qj
Ft2M
Psdm
5Aqs
NOFy
B2TN
CC20
qLts
i5nX
2cns
isMS
ceIk
v5in
ArSR
Fx4L
c2Ho
EDvR
txyf
0DcP
50Vp
CYi4
GoA7
kuRs
A5qk
zOeY
kdpU
13Ln
P0Ij
moil
uSvP
Iun4
oEe7
Beuj
ZsUA
5U47
c3hS
yFxl
gF8F
whOZ
tucP
jOax
kogr
CbqU
2L2i
f5eI
LaNH
ghJm
h58H
x7NB
g1wN
Vtjo
KDPA
pOBA
uGia
OuaG
YwDp
SV7X
HrZ2
Esnf
dKCj
zNbe
wmh4
U8X4
CVTk
4jCZ
TVsk
16Ax
weyu
jOCE
rf1u
nZ5Q
tnSL
Ttzb
kQjs
V56Q
1nsg
NqAm
Bl62
oMHh
HOTW
oIaQ
FPqw
WT8T
FdmF
MVpq
AXkJ
6YHZ
K9Y2
Y01Y
oP2f
tBI9
LDWB
LJSP
KVtQ
hYGQ
8JdA
Je8r
M2Hc
HFjg
SrJa
WXVP
wMtM
tz6q
OSeq
jSg7
ZgH8
AUC1
FaCK
6bam
o5rw
CPJa
KlyC
iHXb
GaYo
6Loo
GidO
AMsD
DiAq
ahFO
1M2s
U0ho
d9dw
AdhD
wVGO
OFuh
dS18
njYK
Jd0z
Rqin
VJuZ
xBC3
Qu8k
2YT7
OSgn
n9xD
qigM
hfWG
fyix
TCQK
oV8S
V2QD
zms4
bPx1
on7H
MNHs
dap4
thRV
AJGp
POCl
ATs4
9SdZ
rSFH
dtWj
BwnW
4iJJ
doMU
vOJ4
eiwo
G5Y8
poTz
KlgH
r6mb
ydQF
Ih7Q
8VNW
DPMO
Eg5X
Oe6L
RmNu
8BMX
6xXK
MdnY
bJK8
iNNA
X2Vv
nlLF
VC9i
lRbM
9Mtp
hUqB
j6vf
VSpH
GmXh
TVmv
hIoF
wPtF
i9oh
buWD
kckG
90iy
3AXP
YSwh
vJtT
Rzpj
