A00
A02
A06
A08
A0A
A0D
A0H
A0M
A0P
A0e
A0i
A0p
A0q
A16
A17
A19
A1J
A1K
A22
A2T
A2U
A2_
A2i
A3A
A3M
A56
A6R
A6m
A6u
A8k
A9y
AA_
ABf
AC6
ACl
ADl
AJK
AKJ
AKd
AKl
ALC
ALR
AMj
ANA
AQm
ASd
ATv
AVE
AXo
A_R
A_f
AaI
Ac3
Aca
Ae_
AgH
Ahl
AkG
AmK
Ap1
AqV
Asu
Axp
B0i
B2o
B2t
B4n
B4w
B7d
B8C
B9L
BFb
BIq
BKC
BM4
BQ1
BSA
BTO
BUa
BZ3
BZv
BaY
BaZ
Bal
BdV
Bhz
BjB
BkH
Bkq
BpB
BsE
Bth
Btj
ByN
Bzl
C0L
C1w
C3C
C4X
C52
C7Y
C7q
C9_
C9r
CCV
CFn
CIy
CL7
CMD
CNf
COz
CQa
CUG
CUm
CYB
Ccv
Cd9
CtW
CyH
D06
D2D
D2y
D69
D7A
D88
D9c
DE5
DFK
DGz
DHd
DJh
DLv
DNg
DQK
DQQ
DQi
Dd4
DgF
DmJ
Dmd
DnV
DuT
E2D
E32
E8D
EBz
EEC
ELw
EWr
EYL
EYt
Egm
Ejr
El7
Eqq
F1M
F1V
F1W
F5k
F6g
FAU
FAb
FB9
FBv
FGZ
FGj
FQg
F_5
F_k
F_r
Fa1
Fh1
FoX
FqA
Fr0
FtJ
Fvu
Fxw
Fyt
Fz4
FzL
G24
G71
G8r
G9G
GGK
GHc
GJH
GLE
GLI
GOH
GOM
GOT
GPE
GP_
GTO
GTW
GTl
GWH
GYA
Gf2
GiR
GkI
GlA
Glr
Gqk
GtD
GuR
GxP
H0x
H7p
H9d
HB_
HD5
HEM
HGB
HGa
HIA
HJR
HJq
HLb
HN2
HOe
HRx
HVM
HYT
Hel
Hhs
Hmk
Hn0
HpN
Hv2
Hym
I3A
I3N
I50
I54
I8s
I9i
I9m
IFF
IHR
II5
II9
IJO
IJR
IJm
IKY
IQI
IYV
I_6
Iaw
IcE
Iev
Ihk
Ii7
IkA
IlN
Inm
Ipm
Is5
Iw9
IyO
IzA
IzI
Izz
J01
J5h
JAJ
JBq
JD7
JDN
JFf
JHF
JIj
JNg
JQr
JW5
JXU
JZo
J_b
Jff
Jn6
JnX
K7j
KDs
KFu
KKJ
KPR
KW6
KY_
Ke4
Kfp
Kg1
Kho
KiO
KiU
Kmn
Kmp
Kn0
KqP
Kqg
Krw
Ku1
Ku6
KvT
KxE
KxP
Kxl
KyR
L0b
L3Y
L50
L8n
LB3
LBG
LEV
LIR
LM2
LOc
LQW
LXo
LaH
LkQ
LnI
Lnp
Lou
Lpx
Lqn
LsO
Lt5
Ltu
Ly4
M11
M1_
M4m
M4p
M5r
MCM
MDM
MEs
MM0
MQ0
MSB
MWy
MXW
MZ6
MaL
Maf
MmR
Mnb
Msa
MuB
MxH
Mxn
MzT
N40
N4H
N79
N7l
NIa
NIq
NU4
NWL
NYN
NfJ
NfU
Nhg
Npy
Nq7
NqM
NqU
BxO
MAq
BRb
Kq9
CEQ
HBf
NId
JA8
E99
CJx
H6b
Jf4
Ap4
GMX
LQQ
Jmj
DBp
KW5
J6_
Jk4
Ll9
Lq8
Hnq
CUz
D4M
KHF
Dw1
DGc
DWT
Fkz
FYT
CGT
JUz
Jeb
AOy
JeM
LDm
LUo
GkJ
HAZ
MrT
CGq
LhT
Fnw
Jhz
L0w
Gw_
GlS
GQE
BW4
A2O
Fsb
ACz
C9M
JOi
DNY
HqS
M__
Ek1
C0C
BMb
NNX
H1Q
Jal
LRa
DNe
F5i
Iue
M_5
Ghx
DAy
Hpr
Lr5
At3
Aip
Ivv
NiU
JH8
NYO
LRN
MVn
HXU
NGU
BWv
LLX
IZL
ExT
GN4
BkV
LXx
BAD
Fh7
HvN
IRX
HeM
AGR
C6b
CBb
F4Q
F2X
BXc
ALJ
Fjy
Ley
APU
NLG
G4t
Cjq
GJc
AqR
DDm
Mrz
G4q
DwV
HaQ
Iia
ArE
FU0
HR7
GOa
Hz9
E0x
Fu2
DxG
ArZ
MGO
Jdc
Km8
IB5
ExC
NZI
EeG
MI9
Ajp
GNi
BVg
Epw
HRh
MmC
JPL
Htq
D0i
DRK
DeR
G54
IuJ
L41
H7t
GZ1
BUc
L6j
JNS
BJy
FRr
FEr
M4W
Kl1
N6X
K0P
Bpr
HMZ
ALL
FFp
J52
NUz
FF0
J2v
Df_
Jsk
JQt
BLa
CBG
NSX
JqP
NUC
DGZ
KJU
M5M
MDm
GzB
DCq
DI1
GtS
Ag0
Ess
BrG
E4P
AFp
JvZ
ARD
MSd
JWv
Mrc
IRd
NH0
N9E
GtQ
Lyv
IV1
AtA
NNa
FRu
Fea
KLJ
JSd
Dl3
Abw
Iq9
MgI
NgV
Fj2
K8l
A5y
H3o
N64
MRf
EgB
BcR
NEW
H8r
B_w
IY0
C3a
ALg
DuR
Nlh
KxU
Gg5
AnO
EIQ
LHE
HKP
HJI
IFp
DrX
DAR
GnG
C8X
GIw
Ctr
CTF
CUx
FVn
L2_
H_Y
MnK
BYs
FjG
Mfm
CnX
BVh
Hx8
HeO
EOy
Eg4
HpM
LFd
Cjs
MIt
Nc6
AMP
JPM
LvZ
EkI
Lom
JDu
Fh_
MsM
B2x
KsM
GFy
NEh
N9l
EfG
BJb
Cfl
EfH
Bla
KgQ
