g1`
jXG
k.2
l\~
h1G
l{z
g}E
bH$
ayf
j-S
bL)
c[.
i9y
a:=
h_]
f?4
h>^
fK)
ay#
ji9
mpP
mFz
b&u
a*R
jBA
i!f
ifr
b:{
f}5
cx=
k%k
eTL
hSf
kri
jfB
axg
jyV
b0x
bUf
jTi
ix.
bm+
bFT
mL~
adM
i'<
by*
d[2
kD:
cu5
aRy
hUR
mw!
j-]
eSZ
gx9
b5Y
a2,
f7"
aV{
lNW
j!n
g~o
nm:
kc@
k*T
e^8
bzo
gdk
a1E
buG
daD
do^
c7-
ln{
bzN
mJ8
deC
bv"
j3[
c"R
mGN
b0Q
b:Z
m`K
b(v
j*"
jxd
byw
fI(
nsc
a(f
g>Y
m!7
m*W
k5j
l4_
d_E
a]r
k+[
dpA
lWQ
jTk
amH
mu)
kCG
c)r
cdL
iFG
j5R
jp>
c4j
myq
i^3
is>
gA#
lvD
mvH
kNZ
gww
a|C
aA<
eOC
k7%
flf
gd>
eo1
hM|
i6=
mCx
gk<
i2k
e*]
c+T
lB|
iHl
nA^
jxT
mu/
eh$
c#a
bSe
jGX
h#c
i_(
amx
ix<
mLp
a!N
aKY
aGW
m**
dN<
e_-
f2I
i05
m0w
k.Z
e+}
e[^
g46
aIM
g*P
gB<
h#:
db&
l!`
iMW
f^`
a|2
ilN
hPl
fx$
f_#
avP
gv\
je/
np1
eI#
k\?
g\>
fZV
hlt
g_y
grt
ayW
m@"
lF`
ak5
aEm
j:Y
iB1
eG}
eP=
dg'
g@I
fjb
h:z
bPt
h,G
fMN
c\e
fV~
dlZ
jNI
mW9
l9Q
jX2
iMX
kCW
am#
ew~
kSo
dkx
ecP
m&A
m~w
m4|
m(-
kgb
gnB
g,~
f}6
h*#
bWN
aq>
bpl
ip)
d\@
neC
m(T
afs
hZH
jk.
i\r
b1s
jF*
jqa
k/}
m(?
bFU
c{C
giB
jhN
mbe
e((
e!j
di[
l~`
gNJ
gx^
kD1
nm|
e1i
hYZ
d(j
bgB
j9L
cPY
fMq
g*#
bH#
j5B
c'|
gPq
gF`
cM+
iNv
ne|
j'&
hZS
e''
cdX
a4j
jE8
k_l
jhJ
jg>
eMa
mo*
h%b
hzr
h"Z
gXO
hEa
k4y
eQv
jQC
lHV
k~!
m#B
m+D
hQe
aP*
h#U
c{A
bRv
l&z
b$C
auP
m0L
kx?
nry
b}F
hEJ
mr}
d\]
jkU
b5!
f}$
fVj
c^s
fR!
iQU
mK*
f$x
m]n
bwn
ap6
m|Z
exP
en^
eY<
mTf
beR
l^N
dP`
i3U
giR
d])
hUQ
i7W
k8d
mx3
a|?
hIn
gUX
d$y
ggc
lr,
jw1
e"4
fZH
kgr
a{p
i.]
kem
eH+
d>Q
jB'
eba
g?U
dWn
j.}
d=U
hDc
b!d
f%f
gCr
h5C
lh^
a(g
aks
b)%
kL/
lxX
d2z
m!2
cfH
l4Y
l(?
hWU
f:[
jo8
j+&
cS9
czD
iYq
kP\
d*m
bb/
gQB
m09
eX-
fYC
j)g
f_)
euR
a@\
dal
e4/
e=3
fI:
af[
kax
b&)
iIe
fDz
g1y
iLo
kcj
l-'
mZ%
ib}
ei$
f.n
dAM
eUE
fJ1
jl^
bAF
eV"
b99
jsO
k>T
ipj
b3Y
dDP
ac/
iKE
cIO
bj*
jnc
ls~
a%4
i`m
hsf
bn`
bKS
a"^
g"Z
gq#
gna
ixH
d?z
j&c
i,4
bX[
bJT
gA@
cXC
k76
a%5
bN}
j~v
f<*
kPh
a'Z
i`6
dp.
h{u
lBv
l'^
h=I
ma{
d`k
eTV
fH\
bT.
bH4
hGa
d,J
m6#
a8R
jfl
bME
b"H
g2M
g8x
cXG
nhH
k9p
ckP
kwE
j?A
bDz
df3
lfC
h,q
mm2
e#%
h_M
c,W
c$C
l%f
aD@
f)E
j:}
lI)
caH
lN"
hb%
nbe
aBV
eDm
kf8
mbk
fDB
fT]
f,,
bL%
g>L
aCP
k=W
bDX
m0g
h>s
l(S
ekt
cLI
h5"
nr>
h<O
b.[
i2c
g,h
eTS
lNO
g4s
dmn
gN`
en*
e|B
gHs
b{u
ea_
g*2
dhh
agm
i6>
mKg
h_@
gi@
mo]
c@o
c5h
hXL
kp3
bc?
dtF
j+"
a5X
l@i
mg7
k$,
clT
i1B
i]2
d'*
aBi
kZp
b+-
bAv
jH_
j_Z
eH]
j%u
aCt
gO{
mOV
gQT
ePZ
nq7
bKr
gnQ
i-3
h[q
m[?
hi(
fA~
m!m
e~.
jZr
eK$
lq"
f\v
l3U
ja/
lQ>
gaz
kO@
kCo
gOU
inR
l&!
l/j
j(D
d7e
hy+
h!b
mP-
jIa
k'v
kFc
lY9
j]3
k@9
kVS
l:t
mLy
c9L
fwm
c!Z
azb
a\x
m5/
iJg
hP-
k7i
d8o
lRR
mvE
a\m
gv*
g!g
jM&
c~q
f>_
i1Q
lmn
d(9
b@$
mkH
lc4
l[I
c"'
ijv
hH@
gdO
mHn
fUz
kBy
cxE
gvn
gxq
nwh
kNb
gwT
jFG
m@6
jtU
ic}
eu&
aUI
i:p
g-@
mDz
bmm
ge7
g`~
gRz
fiT
daY
i<=
leG
esK
jT#
a<e
m]<
f.o
l]i
i]-
c_]
aGm
eO-
eEC
l5|
bv=
c#o
bfn
jR%
b'B
hZI
gQ#
edj
mX=
jJL
d4[
g!Y
df]
hF^
i9R
bNQ
a*z
lPy
hO"
k**
l\b
bvU
co*
hbB
f#z
jR9
c^D
iYT
b_C
j&z
m.@
d\K
j%I
da:
hk'
kO!
cpc
ag>
h6T
m)6
h^N
c2=
cn#
a25
cFj
m!B
h<m
jmM
c*t
b<v
l%W
lY5
i|:
eIC
aS#
d^w
b4F
b_G
l}7
hVp
c"b
cCd
h3j
clV
d/d
e08
h|t
djm
lO/
l~8
g'q
d>$
iLO
h1%
hU1
gQg
bki
g&y
ld[
nnT
bi/
l5G
mkj
l9~
c@K
eG0
ct+
lcK
lfP
gdX
k"-
h<X
j6s
iI7
gxu
l}q
f6O
nqA
m)s
f?/
lv4
k'`
m|p
i.x
f!t
lHC
dBP
nx9
h/m
b$1
c'A
ghs
d[Q
ka>
h:v
e<"
db3
l!(
ffH
fT"
ke>
h^(
kqn
ci$
h:n
k]2
fl9
e<m
c,j
gQj
hpA
bGa
cjU
lKT
aEI
mZp
g(E
j`'
bjD
d3T
aWl
m6G
a@6
myV
kIv
lBH
kcM
h/H
i@@
lZ3
j(q
lE6
er?
aCH
fx6
mi*
dm7
av'
ciJ
d3O
kw7
a2a
jpC
l<T
ls]
k#`
lX.
gwK
b,&
bB-
alv
ab2
g%w
lL$
hZi
i~(
lc{
iHS
blf
lE)
m=i
h04
g)G
bH%
a7%
c6t
at/
bQ_
d]>
l\k
b60
cm6
ak}
fXw
f,%
j(e
c1_
l`4
l*)
m*#
i#}
dX=
cV(
fZh
j*f
e.r
e0S
gy}
bI^
fgv
gee
e+a
aur
iKB
l@:
f9n
h35
l9\
bE?
m/b
b,#
m])
b<L
mRL
iQF
hp~
a&E
lz_
a~h
l><
juX
am^
f_^
fN,
iTv
j?G
kde
h9R
l/F
l'z
eAi
jH+
ns?
cT`
bd@
gX,
kVU
l&^
a-"
f|K
jvr
mSt
akf
jUa
f-m
jfi
j|*
eS|
i!X
hvC
llC
kz!
dYz
j~B
k~d
h`q
b_E
jm~
l'b
gE+
iy7
ddq
io|
jji
ku_
fj#
e-^
dqb
f6U
f&Q
fbt
h>Y
hJo
k]Z
dqy
fGi
fm4
j9{
m.6
gkZ
fIm
b^W
mRb
eFR
ie[
cd=
mTj
bT1
ey1
iEu
e/q
c>_
kY`
f"_
b$`
b3=
i-Q
i_q
ih&
b$l
cD0
j*t
iv?
brg
m2<
d9:
nyf
jq`
gy:
mr&
a(x
e6S
f[.
d8z
h2]
iYj
e[(
hY0
c\.
k[!
b%|
e2{
hMd
l6j
g\H
hj5
i2K
cM@
cvE
d7"
lt/
iA~
i{h
lJX
dFp
a^P
k~,
diL
gN$
l9B
hE2
mV*
kA@
kUg
dW#
bJ^
ivx
ji&
c4a
f`L
c]|
ht@
h9d
f9(
mol
crQ
iPT
i@#
hxr
eLm
k&Q
isP
kZk
diD
jKv
dm(
a%q
e'^
ec?
a2K
m)!
fpN
cHk
jJ0
al0
aYv
k]#
hM2
e_f
cj7
dQ?
fp(
ms^
d0t
d7~
naI
i_{
i]?
f0V
gCk
j{\
m`H
jb/
fI1
b<?
dB,
c>=
ldk
j{}
l<*
avA
jJr
lEc
jEw
aYh
g|L
m3H
l_d
a}[
ii"
kY>
gl[
c-I
d8Y
mnW
duY
f[)
dTB
mGH
j0H
iu-
aud
m&X
a*-
b&v
c~E
m[x
cg+
cSE
d/H
adp
nzw
d(Q
nu1
dJm
em4
j]W
izf
izp
ghE
b2c
fD>
i"d
jOM
cK8
kR*
acn
dC&
kK6
l?*
b&U
chC
dnR
k~c
j4B
i6'
cV{
b^'
fsJ
hFt
dmh
kL~
jf&
i/8
i5|
g_<
gdz
m"Y
dgI
c>[
ikb
kZ5
mK?
d$?
mki
f3z
lW]
lUe
g9D
e?r
eb-
b'@
dQd
jc3
aFx
m-:
a%{
mX|
i5f
c#L
fp&
ewk
gT{
mEh
eWR
h@D
e(a
f+=
g~`
lNo
lY8
b.e
bG"
cfT
bPo
m#L
cd]
dvO
l3f
g}8
k4r
hJ7
de"
ajU
jR7
nz9
fM[
dvW
f|D
fLO
f(E
g+'
e<#
gm<
eO,
lok
hgN
g8A
m^^
l9$
lhz
myL
k"3
j{5
eeB
j6o
m?7
eoo
dO|
iGP
m.R
gGq
j2'
d"Q
mkY
gva
c.i
f|?
l0t
c|C
lk{
mKY
k0f
h*I
l*&
ne>
mM0
b@~
d+x
njI
jhb
k5\
i&2
ex4
jR5
gNy
aYi
b7)
kbd
d,j
dW1
mw"
miO
hfs
a7"
e,g
hou
f]U
b&^
f[?
aeS
aCU
dSg
j3'
mgR
j_|
dTQ
h1m
bDO
h}%
k0]
e(y
e4x
aDe
c9e
mpg
hFw
gs6
h<7
i(_
a0@
dG$
cyV
k3h
fxx
i(\
dj!
ff|
bB)
g_l
jv5
m*H
iC]
id:
aDX
nk6
lK/
dF"
hqU
kEe
jPG
h\+
a7B
aE3
lO1
jx&
a^=
d6V
mZU
h@M
c,6
d<v
g(5
bt^
c3a
f'n
e]8
dYI
e`_
gAN
iL2
i=,
g7<
m:?
jqp
hy{
cPF
k.8
j,P
nvc
f6c
csd
go\
iV=
h*4
i,b
i=/
bHR
f'g
ldd
gLb
dfJ
j`M
eNt
f'H
lFu
ef/
f6h
mdB
eOA
e?J
i5i
eON
l,-
eKW
nmq
bxd
kx)
hx$
m<M
k?%
es.
m=L
fiG
ll"
eaD
imR
es|
fe}
i?5
mA_
m((
mx}
d%]
i@h
i)7
iS3
gMS
e24
hKl
cWg
h17
be6
c5K
jo-
iqa
hHi
aB[
fuV
m"<
k}s
aPd
im:
lRO
j{F
kUq
gDK
eT+
d8&
cz(
bo4
ev^
hxV
go<
cHV
cjw
c`:
e}}
aa$
b_h
aTB
h*V
mb"
j?D
bf#
lT+
i-q
g>?
du9
l$w
jZZ
j#L
ed^
f#Y
m+\
h^p
e'w
i#b
cb8
bM9
e^]
hNq
en@
cJ.
er2
dlB
jO"
kOq
e!b
hWo
br$
mgO
k:s
b~t
i(v
mX\
f"U
hH1
bgW
h`Y
d,E
cE`
b@)
gvg
fmN
hDg
fUQ
jA_
lyI
nj%
e)$
h)@
bG=
kr'
e47
jFD
l2t
bqw
a#{
c*Z
f:L
hmU
k.?
k~M
k{<
dET
fqj
c/@
fng
bT~
m2U
a"q
d~f
lhW
aBE
gf@
k6G
nvC
lu#
fbT
h"F
ikA
c:]
a0C
apH
dD+
d54
lEg
cV~
cHz
kW[
gS*
bKY
fAi
a/L
haq
m*Z
d.J
m6`
l|0
cw2
l+C
j]$
i<T
b#E
dE'
eoj
jC1
b}%
h/~
m,e
kjz
m6H
h_.
bbd
e":
bmE
hWm
dlc
e-'
lb"
e:C
a6!
a]>
fjO
f?O
g6^
hD-
ly?
gZV
m]Y
fW9
mK6
c@<
he%
hXD
gV/
cLF
f3B
mf@
j\L
kwc
kaB
aC,
i>8
bRC
bMK
a~H
aB5
f6e
eL&
l00
cYv
f'8
gK]
e*9
naH
kDf
hDp
k=`
i&L
goL
a5c
dS#
f5o
gMF
ey]
c_a
fwN
gJO
e|2
koa
mc`
edp
l/Q
nuR
e7D
c-,
e{E
mm}
g{U
hgR
ecp
eVS
bK*
hBh
d}V
bX{
b/d
a$I
d*:
nr!
b-T
a:.
iP"
a>A
j"R
dJ7
e1N
kNH
keT
en-
kOs
d2w
e+b
fYK
eef
j_t
cku
jb1
i1L
bbK
l9U
bA=
hOJ
kv]
ji^
c*`
lD3
b[$
l3Q
kSz
aqy
kRF
i={
mnF
b\m
cy7
dj1
l-c
fkm
fE#
cqG
ha\
mq]
i9/
iyc
mov
d1Y
a""
h$o
f=b
gku
ej!
b~+
kPn
d7n
aom
a_j
bn{
giz
dUE
jQv
cl4
c^#
j\"
d?H
lEG
bXz
ipb
mk*
goY
dfs
fXp
m#v
bM|
b6)
d?!
m<7
m$k
nfa
d88
ngw
j1<
hiY
d~x
mID
m83
d5(
fv8
jRh
f#w
h8h
ds3
kb?
l@l
dL+
b8M
h@)
d3$
msW
a~p
b<=
dSY
nA#
dYv
aqo
ha=
cap
mqQ
l_l
cn>
gIW
g.f
f9,
jST
j'{
a61
go~
k93
fi?
byv
l0L
k/o
avQ
kGd
c+[
mXy
c]V
gi.
aLf
dHV
a'U
cB>
d_m
i%s
e&"
lej
eI=
hnY
cn_
m[.
e7H
gry
dzB
bYp
du(
ju8
b|}
exn
cU-
m[M
eQa
ni[
c:!
cRK
a]W
jN"
g~E
jEL
m'p
aF\
d=y
hLc
eo)
b8$
m2~
lZO
mI3
a?p
m>/
aWD
b4\
g9.
eMM
buu
e:f
h4D
bGW
aF'
hMa
hU|
ldl
g@1
e"W
e^9
kBQ
m?t
j}R
j:M
id"
a94
i+C
kr:
j@j
e~R
fw}
d:g
lT*
lG'
gz=
j#^
d{i
e'M
j._
hOZ
brK
aab
fw{
m)o
l_c
h2N
a<R
c7T
k"G
nc2
fuS
d+-
jIr
b8N
b9x
fG<
b~6
k.W
imS
abE
f6P
fFG
h=.
kLU
m[=
eo]
bH^
k8A
bSA
irq
jy9
mU?
d!G
ddD
m(%
hZ5
l5.
i:2
bH,
cLJ
dsS
bqd
gD-
ag3
cR>
diy
g28
e3U
iCg
a$f
j<m
f$p
h!F
eO"
i!6
b<`
dJ[
dqu
eUJ
m`0
cK7
kl?
djl
fMz
jJ@
eqC
fBK
jYC
i[^
bs}
hr'
d"t
fH`
gJu
dWp
cK-
aEc
l~l
imp
apK
d[\
d|k
c!>
iNz
fOZ
h\$
h(J
h8J
ate
k[Z
h`-
e\m
h:>
mu:
kKa
eY]
k^"
m|t
frj
g?3
e&W
kJo
c]]
blO
aA@
i'u
aK"
m9b
gH}
hD`
c3]
fN2
j[V
k+}
jx(
dTV
hj^
bC8
e5p
g")
jPK
aT:
g1l
ed(
a"3
mdY
dZ?
mun
i7b
gcw
bnR
ldo
dR/
jv%
dDb
e@O
h`b
a,%
gUN
g!J
fUq
h48
nu3
eo*
bFd
e4'
dn.
hs#
ay'
k?.
ddp
nz_
d@D
fXX
g.s
nw%
b8Q
bCJ
dp#
l){
e]H
f&t
j7X
bTC
g0@
dO@
dC|
iwi
cF2
i8=
e5X
b$a
fIU
e5<
nh$
f}n
b+f
dd=
j5,
l&%
iUh
m5J
j(<
nc.
i_3
aAG
i%6
kk@
m[@
kU'
k48
grz
dXp
gaZ
hSB
jLy
m!~
fFR
j|q
mT>
jQ'
c&W
e+N
d5`
lki
eG+
l*!
m/D
e3J
ce}
bEb
l6T
hw=
kU3
f"O
jc5
fLi
a*+
hx.
l09
g*g
gAc
m#A
fS`
i_Z
gqE
e0Q
dkd
g<\
i(M
k|g
edW
ij]
jZF
nb?
aP$
ftg
noc
lKc
b]x
h:-
c|I
kR?
b:5
erQ
k^a
lqM
j2g
j[!
a")
mZ0
l9+
e^Q
l_m
fV]
bwQ
c3z
kN7
kQI
ct*
ez4
cna
hvp
mMI
chz
kC~
f$W
c>N
mav
li:
g+B
m}#
m02
jA/
cE]
gHm
he'
jAb
a's
d\&
ced
bSq
b}`
eh{
c^o
jdo
h}v
h3@
h.[
bw.
hm/
f$F
h:l
hVc
e?m
iQd
kyS
lY<
aJ^
g8g
je*
fgU
aK>
b6a
e2W
ix6
lam
lXa
a8}
ejV
m5,
gT"
cof
e*#
eKq
np[
k:7
m[0
i?i
c+{
eWi
nv0
eIb
ml0
h4W
dEV
klA
c,X
a-=
i2'
m12
l53
geR
eU@
gRw
mkq
hAG
kP,
iuW
exr
f.C
gP=
l0w
eyk
iAY
c^x
iY-
e%}
aM6
ien
l*q
di_
aF_
ld^
aQq
eav
m.P
l3i
e}w
i=@
i)-
mqK
l%d
fo8
gsH
bG.
jzf
a.1
i~=
ex|
d[4
e\Q
e_Q
dh&
eti
g"S
i:,
ki<
aqS
f4E
d`6
g!O
l"Q
a@7
b._
kbJ
f(~
jJZ
ggO
cb*
h7]
isa
kz%
azZ
dds
bYc
fh0
aru
h"I
f@|
i"]
bG1
iiQ
c-i
b>N
bUu
nle
i_o
c}t
cQn
m4t
c9|
m<W
fsW
ax>
l!b
bT?
eTh
kSe
ep"
c0d
g@,
awu
c_$
a}+
g$9
eb*
h8O
lU&
d[{
i")
a>l
jFT
f/j
a4V
m'c
dQ5
jd'
d0\
lyl
h+/
kRn
eC2
h!`
j7^
bCS
mN'
a(h
e*T
cP`
m"M
gh|
eKD
j>P
h!<
nuP
lf"
j~W
eD2
j+K
h0S
aUe
b1k
hz8
hr6
hdY
emC
b=_
j~*
hn&
gpU
bxS
e2%
k:R
f/M
d.y
e:v
e4q
iDI
g`4
b.m
f}L
i:k
cJK
gzd
eEA
j:#
joL
a~1
g)e
fdv
f!k
m1M
jX(
m2a
lY*
l8/
d],
e[}
ke,
a6,
h!8
efq
jB<
d+E
fPe
c.N
f9$
f97
iZY
mvD
c|?
k%*
bNu
euQ
e=+
c|3
njj
m>P
lDB
k@<
jP:
cPa
dyB
aQ7
joG
m$x
i2r
d9j
b"y
l^P
gCn
h5^
bV!
mMO
mh,
aLn
bu0
mjm
iO.
gp@
i$3
k8=
g_K
ddy
fa@
l01
ivt
cNu
jqw
ka]
hrp
e$u
el}
a%y
i(B
aBk
f]m
hGF
m~&
fNR
g`=
liS
kQ=
m0h
cZ[
e$Z
ltZ
kov
hcS
clm
g'A
dbu
faB
g8Y
iqw
j":
k,x
btc
ca,
i'5
dIK
mK[
ee9
lZ.
h1^
ibX
h\O
b4g
d{e
m-H
kIE
d7-
av4
eGr
cwD
k`#
bxi
h'a
el:
du!
kfw
i+=
k6#
fJl
b@f
lo&
mK%
m,$
lYJ
fO_
aD}
i26
l[2
eZ<
g3?
lI#
j%-
nkF
mKF
jj:
l'`
mr<
m{)
iM|
dzx
a$%
mD)
dvg
b)>
g2e
dY[
fPE
j>u
e+`
npt
l0\
c&L
loa
l`"
d`5
e{b
m)+
jX>
l.5
cZQ
aZV
mOZ
ed5
bJ6
fX<
g{b
gf'
a7*
dH)
k!D
kEz
hXl
d-]
eBi
i@T
i!:
b7I
lV=
mwt
m@#
fXu
c.'
h?a
m)]
ftP
cqX
f`@
aX:
m!T
hr_
f1Q
jM4
kbV
fkH
kpS
cSe
g*j
k:2
l<9
fNG
f36
bNk
g}(
g'P
lPs
j?y
b.,
kXz
k:!
d9J
ix0
aT\
lC{
e_0
ea%
fs-
k*0
i$+
f8@
dOW
i3x
hOq
d4I
g2i
ma^
f4u
ffU
c{l
h<j
h=%
le:
l%+
gAv
gMZ
gVR
eh+
bo"
e{/
j!<
cl3
g8C
g:*
aC}
mFf
bNi
nu@
k3p
gbZ
eZ7
g^W
gfd
kTi
mQy
eMY
i"^
k.%
eSK
hLb
m:a
eWB
mnT
aW-
bC[
i<y
h/Q
d`J
eM<
l$?
b*e
h,v
eCs
im3
hOa
lz{
d(=
d9P
lHw
k'h
j#`
eZ%
h0)
b(A
e@4
j_Q
gAZ
a4p
niV
jih
m'/
dn5
l19
f=H
cX>
gsb
kU`
g~n
ksF
i%d
h*.
lJW
kU)
g&\
h>h
eX9
m]E
ns'
aar
c<6
c#>
kgo
d@"
e<j
e0H
mTB
mSL
b]O
f%V
dJ6
i)z
cC(
dcV
nu.
bS0
eo'
d^s
m:E
f)Z
bh_
agk
lw#
np9
a3*
nBG
k}Y
k08
c\m
jG&
haE
a_X
j?%
eO2
kT-
e8!
afy
jH|
mU6
h&:
k"Q
f[a
joz
fRV
ci/
a#g
bG(
jT2
mYI
aSm
iu5
gL~
m*[
e<<
h{Z
dmE
iJ&
moK
b}a
mQ~
cB@
dZL
d$s
he~
ewe
hLG
fXn
kZT
kVp
fkv
bS&
glF
nvo
eEd
k!w
hit
j#p
kft
m{=
hi2
h7|
bH-
dh/
cVF
a"m
kV!
aRK
h!3
hp,
jXf
blo
dS1
lG1
i*P
noh
ew7
iTt
dru
e)S
gY.
iN<
fu?
aOd
i*5
j]_
mD9
jI*
e\~
hgg
m}(
fp*
max
g'r
aj.
d"-
jkG
aR:
h|H
mNJ
biV
eNG
eB9
kfA
iW.
itn
eF_
f${
kRf
ju+
fez
cqx
c!?
g/%
eF4
l%c
a=F
nto
e#m
k6[
hf6
gh(
a5&
mS>
inZ
jA2
hbE
a.h
eAc
do]
i0U
bd~
hfK
b=F
f9"
b)o
hKn
l_x
m\"
htQ
h3z
h9l
e/^
ehZ
c>-
jlf
fH"
mvi
idS
i:Z
hI:
dL'
f[v
dt"
dw}
b*c
dBE
g84
m#x
kG_
f&1
d%=
dK:
ku!
d4j
i_b
bF&
en=
e&F
a,C
h-q
jsd
iE2
ecn
eo>
dx"
hR9
d8V
mjx
dw~
h(+
f)`
j"V
f^.
fXK
ay2
i|`
keu
iu*
aV]
i@y
bjm
doz
kdK
cE:
dR^
heD
enX
k,L
kxG
kDW
gI2
g7.
jhQ
bZ@
i&E
e*p
i>h
bt2
emv
nl\
a|f
gy0
bqc
eD1
d[R
dk^
dw/
c?S
cbG
aZ"
fPR
bUp
e0'
jyX
h\M
ibz
k-,
m"6
jy)
nA/
e0k
gsT
he#
g/a
idx
mAI
a+d
c<_
hi9
m>6
hj[
j@l
d|#
dW3
g^0
gTM
hdf
l#R
i@q
l9c
g'5
kn-
eP}
f(w
au<
kcl
lzz
mMq
hlP
fkp
ekC
cq/
icQ
kya
hLK
lr$
kS@
ibv
lsy
hPc
a{I
bC+
hTv
mFv
jfP
lY"
lZ)
f[,
na<
b}z
c)E
h`"
a?6
lY$
f,:
f^a
d&4
kmb
b%7
h{p
eMx
c53
j"M
mv[
mi\
ePN
lGV
dz[
i%O
hB"
j}N
j4g
m2/
kQP
m./
e,h
elB
dMc
a!7
b%5
bC{
bQg
g`@
jl:
gl+
d82
dqA
ds$
gI:
d}S
m`U
h.'
aLj
gJ%
nm6
ddx
hIM
ht{
lu_
m)O
l<y
b-V
g_h
h9+
gER
cip
ek/
k/0
a!^
g"4
j6Y
jG1
i'7
mVs
mMb
bw-
cn9
j97
h~l
jtH
c!*
j<f
f6g
gc8
j)^
gp_
gHu
e'6
aKf
bc>
d}n
hT0
m&T
cu,
fNv
fA5
e&n
mJ%
jrc
g36
miI
aFE
aDf
mvw
l%<
k(/
h-\
f3F
ivf
iZ^
d.W
k#T
g~b
lk?
lP)
dCm
hVj
ndO
c)\
gF~
cgK
mBo
bdD
ihi
lR7
b.5
iM'
ap`
kQc
i55
cxg
cX2
bQA
jF6
d{S
j}U
m\i
i1y
ifR
hUb
amm
dI5
fI{
l[d
e:P
a0I
e"e
hn@
dI'
cu?
e#t
lQk
f6l
cu`
fEN
b"<
jiR
c`7
cWz
eN4
eA#
c(d
m#o
l$U
i?v
fb=
j-c
hg7
dHY
h3V
i(!
k<j
jS:
me5
e^"
k==
iu}
nkB
m`Y
l=G
j+`
j|.
i1"
nA~
dU4
iQ#
ez]
jn#
lD6
e]W
k@G
d1.
iZ`
d~#
boh
ne7
b'w
a_%
cPo
eJa
lv'
ij{
a1c
jys
fa7
bP$
eV>
hF)
i8m
