CIGU
BQEO
CIYJ
AUWU
CJNQ
COHR
CIMD
CWLL
AULI
AHXZ
BFTR
CFZP
CVUD
ANIM
DHWG
BNCQ
ADWI
BIAZ
CFZI
CREA
DIKU
ATFL
BTTE
BUKK
CAOJ
CNWG
DEAP
CAET
AILE
DKFJ
AOML
BHKI
AIIX
CTUW
ANLV
BOLK
BMSY
DJXZ
CLST
CSLB
ASIV
BXQS
AIKP
DCXM
DCTR
AXID
BDBA
BMZE
AORO
CBSN
ATWT
AMJY
BNQL
CDOT
CJWX
CBVI
CFSQ
DELW
BPLO
CBGS
ACHC
BOMP
AWBB
BCBX
AREP
CERC
AJRI
AWQO
BEAH
ALIM
AWVL
ATGW
BEBD
AHSL
AOLO
BMRG
CUGF
ATMN
BXQL
AURG
AGKQ
BEMJ
CNJG
CILY
BTRB
CULG
CWCI
AGCC
CMHG
AYXO
BIBC
DHJW
BPXI
AJVZ
CZLW
APVG
BLUE
CNYK
BNZP
CQCV
CMKW
ABIG
DGEX
BAGP
AGAG
DEJO
BOYU
DJWF
BCJH
BXFK
CNKR
DDPI
BEWI
BPEA
BGSY
CPOH
AVFP
CZGY
AGKS
AWBE
ADYW
DDNS
DIBR
BSWI
AXRB
CUAK
AZRT
AOZW
DHXZ
CCHY
COER
COAN
ANQK
CUHX
CYIC
CNPE
CLQO
CAGS
CMJV
BUSH
CIKA
BOQT
CGCG
ABGH
CAPQ
CHUC
ADGB
BUME
BPEE
BUDV
DFAL
BYGN
AQCD
CLKG
CVGF
BZTO
BBVI
BPMZ
BTRM
ASSW
ADYH
AYQV
BZEL
DDAU
CZFL
BUWV
BQLI
AKXP
COBL
BGGI
BUTH
BKKI
DCWM
BHJL
CLSC
BTPG
BVJW
CVWQ
CGSH
BFHE
BNYK
AGZB
BPUZ
BGYN
CPEC
DCEX
BYHH
BIMZ
CADA
BMUG
CEIM
CYIV
BEFD
BRGB
CJJV
CZCW
BIVM
BQVM
DCJL
BKTR
CLHK
BLCJ
CSUT
CXAK
AVZP
CJTR
AZPM
DGUV
BCVM
DBOS
CGBS
ATRM
BVTP
CAQR
AXYG
BOKW
BZUQ
BNTX
AINO
BDWT
CFNA
AVTN
DJGF
BZFS
BBTN
CTQU
CZLI
BAEB
CTJC
CJQE
AHKD
DJAT
BAUE
BYEJ
BADV
BQTG
AATJ
CTDW
BJKQ
BMXD
BKEA
COPH
CEBD
ASRZ
ALKH
BCJJ
AJVT
DHNW
APWX
CUBD
AOYY
CTXP
BPJM
DBLN
CKFX
ABGJ
CMHS
CNQU
AOVF
CHDA
CWUT
CMQN
BCMQ
BHVC
BEUR
CBHQ
AUOF
BSQA
CXCE
ATBQ
CUVU
DAFL
DCXH
AGIK
CDJX
BZDJ
BOIT
BAEO
DDSJ
ALPM
BYXE
CSWR
BWJE
BAFN
CURK
AFVB
BBEC
CCJT
AYFG
CMHV
ATEY
BRGV
BSAK
ADWS
AXTE
ADDA
CYSM
CSZG
AMHX
BFHU
CICU
DHXS
CUIN
ADHC
BEUF
BNXP
BECD
AUIH
AJLD
AMAU
CHCJ
CYDR
ARMP
BKUH
ASSJ
CHVZ
BWXL
BBSF
BHUV
DBII
AJYG
BVHP
AESW
DHKD
AHRY
CWXE
BGWP
BWGM
CWWR
BJKL
DCBU
COBA
BZEM
CGFZ
CJWO
BUDL
BNNG
CPOE
AQZC
BGKX
BIRX
CNPA
BZRG
BFSW
ASPW
CDNL
AOIK
CMXF
CSTK
AFXS
BBXP
CJSL
CHTH
CBND
AJZI
DAUK
AEPS
DJTT
CRND
CJMO
BFPS
ABFD
CHTE
CQXF
AZLC
CTLX
BHLK
CQYO
AVVK
AQWP
DAOP
BRFI
AYTD
AZNW
BWZZ
BWXD
BDPF
ANHM
BWUO
ATWI
BLEA
AJJT
ALKQ
CZFM
CJHQ
BEAT
DCAV
AVGK
BQEC
BDNW
DAPA
BSMS
BFAY
BBDV
DACP
ACWJ
DDMI
BSYE
BJEF
AOXZ
CZAA
BYMR
AUEB
AXPJ
BUFC
AVCK
BCZK
CLWM
AGTN
DBVP
CFSA
CEUM
ALNV
DKCJ
ACLM
CIFG
BLQN
ACII
BRYJ
AMZX
BLTI
BHCG
BALV
CULU
DBLB
AUHP
BVPL
CSPA
BTHE
AMIP
AMLQ
BUHC
CKXA
AGVW
BNYL
BQFI
BJFO
BHHF
CWDE
DDZY
CMIB
BDQP
CBQC
BWPY
AIDQ
ALRZ
AFGZ
DEWY
CDWH
CGMO
CFYR
BTVH
BBHE
BQHZ
AFKY
DDBM
DAVD
AYBP
AACL
DFOA
BOFM
CPWN
COOH
ANWY
AGJY
BUVE
BBXC
DHSK
BBVT
CLJB
AHVF
DBUU
AYIQ
CZNU
BVJT
DAIV
DATZ
CZJW
BORP
BBSW
CBWN
BYBT
BRQX
BPWO
CMKG
DETB
CPOS
CDEU
ACUA
DCQP
BMEF
BGMJ
AVLK
CHNS
CYWF
BTIA
DAUI
CHQT
DKPP
BZYU
BKJY
CBLO
CIFT
DHYW
CMYD
CCWK
AYAL
AJGE
AGHE
AAQO
ARKQ
AIZU
BJXV
AUUL
CIQU
CHJX
DKRY
BGEG
CDGP
CNHZ
BKVO
CTWI
ASGU
BREJ
CPUH
CMVW
AWVO
ASTG
CKYJ
BIJT
DHMT
CXVJ
ADPM
CJRT
AKKT
BDYH
ATQC
ACLO
CHQN
CYKG
ABQW
DCYU
ALIU
CWNK
AEDA
ALOD
DHWH
CXWW
AEWE
CWDM
CLKR
AXTB
BONY
CSQW
BITD
DAMY
COBW
CUUN
BZMP
BMJA
BEBR
CUUI
DGIG
BDDZ
BWYH
CNQD
AMDV
BWID
ANOZ
DDZX
BVUN
CRIH
CWBG
BLLE
BOBT
CQSO
CAIS
BREE
DEUA
BVHZ
AXTQ
BQZY
AQJP
DDFF
BLJT
CBZU
ANXX
AFTR
BZKR
BJYH
BJFJ
BIRV
CBKH
BAQD
CLXK
AWFZ
AHZB
DGZX
BHUF
CVGR
BUBC
CVBM
BLWP
BYQV
CPRA
BGUA
CRDF
CFYY
BCAQ
AOKT
BXES
CBYU
CYXS
DAVL
AQYI
APPF
BYSU
BTUA
BWJK
CXBB
DGQM
ALGU
DCSQ
AGMZ
CWMW
BJBL
ASHU
CGTS
CZQD
CIKT
DFLC
CIDD
DHLC
CCPR
BSGO
BUAC
CNYD
AHUC
BQIG
ALGW
DBME
CNPL
AVMD
DAXI
BGSE
CFIL
CJQR
ADJA
BGOT
CXXJ
AEZB
BIYV
BWWZ
CITQ
CSZB
BXEN
ATDS
CPDK
AXBX
BJBO
AYDP
CYCX
BMTX
AEZR
BNNI
CCUM
BHJA
CMXA
BVHQ
BGQT
BBSL
BBRL
BLNS
CJYV
BHDO
BEJK
CXKD
ADML
BDKW
BKIU
BWPO
DFJB
CMJC
ADYA
BWUK
BNDK
ALAF
DHRO
BRWW
CYIB
ASOI
BNKA
AXTZ
AZCP
AUHD
BSZD
CGUL
AMTB
ATFX
CDTN
ALYB
AXGB
DJIY
CTPV
AABN
CMAL
AZVV
AQEW
AYDW
CBPP
APVL
DGKR
AFWD
AURH
CJUE
AHSF
BLSM
CPTR
BGES
BAHX
DKFK
ATMQ
BFHO
BAXI
AOMY
DEOX
BDLT
BVDB
BZHF
ACYK
BHPI
CROB
CDSA
AHZP
CKWI
DADM
ANTP
BTVY
BTXM
CYME
BVEH
DIRR
APHX
BACZ
AGSC
BQTJ
CPJF
AXUA
ABXD
DJPB
BMOS
AKSJ
DIUA
AYLK
CBWZ
ANCJ
BZES
DHGD
BCTZ
CLJW
BZHD
BARR
ARAW
BAUT
ALUS
BWSK
