ajrm
aezi
bgpv
bzkk
bhnu
ctfh
cbvj
cdaf
bhcs
akfg
ccrw
bidg
ckof
bygk
alvw
biuf
bmrp
amcp
bvob
cdud
aepp
bste
asfg
blyr
aado
ccwr
abwf
abxu
bmmq
cqby
aycz
aahd
ckbx
capi
amri
afnk
cvmm
aysx
bwrm
crcu
bdmd
almt
btdp
bnnt
cdmz
cpni
bntz
anhf
cpnn
ajra
crxa
beft
avnf
ceap
cdnd
bvbz
clna
bbon
atem
cllt
awtl
adev
bmid
bcne
atjx
auns
ctau
cgcw
bipn
bqut
bhmr
bmeu
chao
cnyq
bhvd
blty
cqxf
coha
csrm
cdib
cmnw
cgjp
bfzx
bwgb
aetk
anif
crri
awrr
chrj
bbhe
acps
cdhf
blqx
cfji
bbeh
aucw
acit
bubu
cmwm
akej
bnhe
ccfl
buej
aghb
atrm
bxmv
bnuj
chmm
benm
crau
cgia
ahbg
aaqi
cfvg
cdro
cuas
afgv
auoj
ahsh
akrg
aklk
akpf
cnur
cfii
aube
ceow
azgj
bggm
ckts
cuoe
bipt
agnd
coek
cgst
amgc
cnxg
cblj
cjqd
crud
afjg
aaas
agjy
