22344
12030
18657
31572
38124
112
30407
9443
33243
33434
22677
12358
24597
13273
36831
37281
29550
25406
30671
30663
13164
30453
36344
22471
35739
33603
15855
31322
7089
32730
28576
24562
494
27463
38970
34790
26625
39012
2746
34837
17981
17301
345
39422
11197
29415
2260
38073
28212
26269
11211
24107
32165
12751
2562
35856
8325
21273
31633
11150
34090
3221
23419
16125
20556
37759
39652
35610
22695
37238
37687
36031
14135
7662
234
30358
34702
33069
3649
27657
15021
20285
14888
9133
38544
27471
28631
1350
323
2920
19945
37441
24909
9184
19165
22618
19486
32962
3915
26437
1798
35909
15794
35362
18194
20235
36021
14257
34356
7034
26819
39420
21617
13074
14251
21946
36987
20844
4337
9906
14911
35329
4579
9181
19255
30945
29620
18507
20957
10780
12411
26825
11038
35553
21987
4758
28336
13056
5883
1521
19626
2078
18559
27608
22043
5967
6631
35302
8230
38589
15724
31003
38955
24734
32377
26023
34889
7949
2596
26591
370
23965
37989
19605
2552
18170
25666
8653
4396
24189
38255
9279
413
19776
33821
31975
904
19573
31994
1257
23019
23888
17789
14730
10480
19061
25763
19826
2528
34534
38865
18495
34238
30600
29198
32585
27534
20974
37486
39678
13082
5706
29265
17890
37338
7961
32068
29201
6808
26496
25061
6580
26375
13990
10738
4708
12227
22886
2662
33292
27287
13283
33698
23665
12132
12391
4725
367
39254
26904
24032
18840
33210
476
27564
34815
9718
589
39594
38417
36466
14734
24548
30183
1946
24790
18062
8550
36208
11477
13588
19096
11511
25941
29612
30596
13369
33856
16018
14409
27880
24619
5233
29025
15521
12150
32880
12349
24946
6667
8194
27856
20953
5513
9810
10356
32765
21112
12725
23887
14454
12954
25767
3299
11603
35183
13068
28358
15434
37758
33848
230
13640
25390
12777
8185
23279
24871
12232
4063
39621
3761
23890
3466
33045
29407
37204
30149
18046
35698
26607
39542
36779
11578
26857
34184
38238
31761
9603
2213
19814
37971
33021
16180
39252
18827
39908
38725
39392
14340
28675
3675
11776
16301
25569
25108
369
11429
36846
26544
33534
39475
10208
25060
39519
17759
17866
3036
29135
9698
579
31547
28476
4923
34452
11660
10397
33255
15486
18660
21158
13788
29930
13466
7380
32601
4563
18685
31303
39996
11689
37232
8317
26368
24835
22246
5841
15970
13732
35388
34967
16520
34360
10366
38460
5969
34281
33748
4218
6242
4407
38873
26966
317
9642
9265
7705
37093
11880
38808
34966
14447
32214
13604
8568
32393
38017
8629
2505
8133
29984
10826
35065
23319
35545
20321
18077
23404
13159
15432
1487
8343
9028
11869
38684
21498
39912
13847
11025
20995
22953
2995
25474
36936
2690
33710
38750
8933
21197
8783
22137
29341
28351
37194
1223
18698
2536
19401
28992
22647
2912
34024
17356
1682
32476
30878
33670
26103
6956
1071
20625
9682
35442
1948
11309
3962
20797
3647
24458
36447
2999
7512
33639
25795
29769
15679
14926
9269
32282
6233
4066
27322
3283
3596
2102
21983
28910
32770
9705
24381
16034
8523
29046
37686
36940
27791
7307
21901
19882
16780
37601
14169
12326
9752
23489
11143
38055
34151
39261
38463
30087
5632
30156
22693
1670
19799
17554
4525
3294
17844
2714
2725
32256
2551
35769
21638
12473
13697
9248
35040
21843
406
35913
9651
22503
24644
31835
23387
22811
9147
22133
20542
7355
12006
12059
20739
11680
29543
14302
2291
11764
7793
12114
12342
18884
1026
18921
11073
19036
2201
10112
9677
39947
39993
18024
39352
7183
2100
38833
29534
27567
27319
3778
38263
14278
11927
25015
22546
14737
21612
689
4998
24026
2240
19951
34558
4247
33989
32461
17643
2532
21325
5506
33400
36886
29086
14298
26352
5046
24520
12885
21704
8292
15088
2712
20449
1595
13233
9166
12715
33872
15430
3982
11367
18137
12362
1158
28131
26855
5556
37477
16698
25379
10524
15352
2740
23174
39366
1492
9822
38492
18475
38242
9582
31668
26271
29621
28606
20562
2496
11304
32125
158
21508
31858
30849
22374
20352
27743
20693
28771
191
19878
20667
5987
30124
1254
30587
34648
1273
18364
24099
34067
19734
30033
9765
38032
10175
902
34276
30371
14536
11493
25902
29065
32776
16105
37220
17031
5854
38447
15410
31189
15460
37295
4401
33271
28502
29338
37024
37410
17567
30546
9837
10571
37326
7350
35543
3477
2875
27812
23350
18684
31228
27454
35569
26886
32141
14858
31985
23262
20560
28214
3805
33141
35941
6470
27262
3396
11799
31780
6841
9375
25757
20119
19099
30687
7978
6318
34575
9842
33831
403
32497
10082
23091
26195
21584
7654
33364
18995
1713
28327
16587
34610
3713
10600
17826
14494
17110
28259
34383
23375
34148
4152
11567
21489
16510
8235
21127
32974
18419
6272
26188
26851
23788
17193
13910
6004
31485
35115
1238
35653
19905
20004
22012
28182
12322
11035
16685
33894
12
25489
36942
9169
21266
2768
19294
23727
28844
6779
14058
37198
25005
13725
7648
34409
3970
35236
38896
10558
39696
14336
39788
15598
17497
21367
22669
20355
26409
27407
11905
10299
32130
16882
25712
15733
7814
15674
21087
24002
4099
14855
3133
20203
36097
30417
194
37393
2169
10108
38888
30500
30255
28303
30099
17953
35457
8487
22484
15600
29813
24321
13617
5015
11722
22758
9880
10830
7338
14060
38757
14908
15914
29463
24059
27923
3235
35613
5307
32586
23305
22247
15000
12077
27439
13207
8929
1651
623
24180
34562
12860
13220
20687
34897
25214
3690
13196
13938
24460
3804
25408
2841
28880
30209
38523
12676
972
29800
13667
15813
28577
39880
16396
11055
37626
2375
1012
25206
87
15932
14263
27517
27431
10245
27198
7666
10432
26407
24939
35910
827
11476
13654
9767
35429
5862
15858
16305
31276
18873
8213
31525
37482
2549
14237
2843
20773
22203
20180
25287
11490
10835
14199
39086
16719
29645
39861
9838
27549
16337
27557
9006
22463
13109
16593
33132
11422
32740
436
15985
10066
36699
34627
39963
20891
8375
24351
2661
29203
13737
17782
9281
38156
30399
31386
23310
18934
10347
34031
37638
14572
15414
23685
26791
12669
30892
10808
11530
6725
21264
37343
35624
14596
5754
22759
22042
19312
28410
29878
38281
31355
1796
11721
22410
7783
21831
23721
27340
2469
16955
27508
20025
23326
14040
14947
16572
31481
9385
17120
24679
19399
36395
5352
17553
11102
21011
2447
24098
27466
8704
16845
18342
4410
19616
3696
224
26222
29715
8807
1809
22844
5389
8824
267
8724
1531
18919
33005
7236
5292
16519
30859
18538
31464
35567
18785
22087
16618
16299
1253
8399
26134
7129
4650
11744
19648
16124
23096
32978
13067
24349
33333
6039
29170
33980
5677
6108
8806
374
14093
10527
38264
31409
36687
36731
25773
37063
25041
7810
35629
4034
34830
33783
19085
19305
15504
36907
1984
10566
22078
5365
33724
25649
21897
35497
19210
7820
9285
5214
228
19112
6437
15456
15038
9295
15546
21462
26193
12599
33535
9804
29192
13830
33335
30439
37725
12482
27634
28285
29339
20952
27835
12742
12312
34665
25349
11039
33289
22604
20019
2272
27256
36580
30831
28305
15136
34577
22142
25024
17259
2441
1807
15089
16630
3721
27378
25323
29500
38209
5004
12605
9905
12853
32120
21314
26762
18728
1132
20731
32270
34175
11801
33971
32189
27506
25854
26510
19349
35143
11204
5413
20570
31450
27135
34905
26052
37526
18633
3441
36966
37521
8754
13865
23941
16707
4900
38166
524
1527
32148
35169
22855
24745
16284
31550
14990
24168
37059
30402
23044
37040
18035
38282
8800
33972
19901
18196
14419
11088
37130
14904
37939
16927
33584
6006
38199
26078
1970
23469
12163
18849
26666
29529
16193
30771
11785
37919
21539
26276
35773
2135
9101
17708
19771
30971
20607
30415
8434
15752
31913
1754
39584
29204
23972
39499
24130
29177
31069
19694
176
17815
8774
16786
23385
14755
31843
7995
27465
12623
15193
17314
13926
35678
31939
38672
7108
20673
21738
7550
10850
2039
33678
35197
24315
7063
31397
36110
22856
39631
22404
26362
20610
9442
3529
5579
23519
11334
27631
36701
39150
26849
14125
14030
9686
19629
22965
23662
10547
11453
21433
11971
18431
30502
28032
26718
33390
13786
28775
17387
23001
237
25283
5416
7315
16941
21799
13255
15265
17427
6172
20782
2382
3146
21188
31135
13146
11864
28311
34385
36173
37310
11338
14941
3716
5665
17187
8333
24438
12191
29002
36407
17791
36357
37106
13484
16933
8349
33022
837
19357
9924
8573
26064
15054
11969
30155
3797
474
2540
17287
20713
24439
7047
24374
111
1434
17591
3334
16516
20580
425
28761
365
23361
28699
8712
5083
184
20175
14970
6673
5499
35075
24355
34264
35407
39833
8220
37191
2318
4849
24493
30638
24840
20637
30543
19817
17420
13023
25328
29518
31031
15433
32542
11075
3179
13607
31860
33898
5201
24176
2401
9078
12416
30420
8635
4979
36569
5216
24719
38671
10894
25901
25745
38206
14130
14857
5455
5870
18879
5557
8178
31234
28559
9173
19898
3519
1398
31890
30590
10055
129
22037
4859
29552
20397
6445
17962
19301
19491
31472
5095
27050
38131
11322
22425
19309
32038
39101
29469
1963
39123
30426
10039
3599
22746
33974
31107
13833
4642
2355
23286
38631
23311
14406
11048
26930
32470
17828
11226
6196
18916
8007
14787
39508
38132
31314
29389
38937
16672
12705
37884
2951
24936
22749
13446
30674
36704
26243
1846
17034
7955
26589
10326
35410
10959
6554
33582
36214
6421
2713
23321
22690
18874
9753
33515
3975
37666
3440
35869
4750
4710
13147
19070
35978
21040
14820
3585
16098
27354
5921
19356
8158
23196
7715
7509
22213
35128
23278
32616
22884
24006
33459
39205
10605
15840
24804
14151
32063
209
21920
18809
30208
11999
31274
32838
31827
5945
14759
18430
23360
28638
79
24841
20906
19127
12750
7186
8079
14974
30143
32550
14344
27297
34100
4045
35106
35095
182
14867
12973
21060
8655
21075
1517
23339
19651
18480
9364
35710
36918
27462
22490
6134
4788
2680
26835
15008
18675
39682
27425
18288
187
17346
20523
16138
31231
9636
5120
14129
39522
17058
30497
5988
13288
15069
11406
38708
24001
807
38658
464
8639
11385
8137
24808
12419
25322
451
20577
11678
3254
9600
36396
11056
36584
27751
11442
17139
17875
19965
20072
8406
8458
2274
35052
8963
25549
2654
16041
10133
22705
30731
13589
19009
29499
33708
28827
27866
7444
10234
36215
26386
20162
32016
29038
5077
23933
9628
1160
32267
19307
8045
15393
13757
28326
30360
19382
30915
9449
17728
34224
29527
18533
30164
18725
25468
37122
14342
8960
7064
11091
32288
535
5296
28899
39096
1892
33804
14065
4070
21549
21981
27895
26098
29050
19427
15453
7270
26648
17069
28062
33089
11166
18800
33349
544
20170
26155
29496
650
39509
6502
12695
10214
6690
29485
38701
12295
21444
5902
15228
24035
9335
10669
6880
27721
28279
19409
2927
12350
31666
19899
30950
8363
20878
10923
5826
13861
10810
24055
17957
37162
21438
30952
36448
27341
38210
22771
17771
30023
9622
32066
8251
38902
7658
9658
34541
20756
32305
15908
9973
17724
20475
6766
28364
20763
18655
33043
18178
28293
8769
30331
24045
670
22835
1872
39064
16501
31599
28609
2073
31413
30239
37615
32705
13699
6353
9713
30843
17446
4778
20642
10398
7085
25134
33693
39118
2854
26627
35283
963
8785
12401
27311
31945
15198
11886
28118
26464
31677
11779
8222
18996
32583
10217
15095
4032
1586
23117
35094
31002
15281
20035
35157
12179
18532
27467
639
1404
6756
23901
9315
22092
25243
633
26686
7046
10836
20718
13703
20697
24194
26948
15514
29285
33282
31280
17238
13198
8057
15300
36892
10222
12023
4910
24554
1607
31924
27025
4897
8052
37072
17056
24705
16039
36338
32516
337
35561
17552
26519
22476
7759
7138
17762
25039
1396
38283
11833
24714
28904
8456
14655
28537
39389
33987
37414
3065
11324
37783
15981
6111
16110
5510
10358
15278
30789
4156
10957
261
565
21336
32452
6818
29605
34379
33044
22589
2075
20964
36013
35080
766
37493
11557
5648
39702
6091
13570
38394
33139
14481
6287
35740
5867
3057
10338
31878
19105
17631
21947
38961
20859
38261
21537
16054
18805
38115
25602
39978
4356
38610
29858
17711
38376
19323
9089
8972
12413
21948
10789
29747
19611
39719
14728
36030
39046
30579
9116
16860
2164
27522
5318
32818
10900
16242
15305
8119
37970
25494
35406
39259
1518
21936
19834
10014
15531
39282
8211
22427
39817
27067
7988
10684
3737
35124
39871
36979
3331
25797
27604
38939
13976
1877
37524
2357
26240
2872
24585
16566
9119
2806
16616
8264
17682
29296
22761
34691
4847
23365
8127
1989
23790
6256
6752
9288
13718
10942
23079
22977
19810
37768
13117
2171
16119
36072
20259
34305
33036
3358
21072
558
26725
12216
7419
34477
31700
32671
32624
37930
24062
6113
19501
21178
18291
36690
10131
18757
31080
4829
17303
21904
12909
12426
36890
32779
37054
23085
17558
33566
21621
2640
25132
9821
34136
34669
25457
18636
12173
8885
11061
31476
14394
33009
16403
5835
14378
22220
31474
18715
35435
13162
28264
23946
35512
37249
10430
5072
12200
4085
4767
7422
2320
38592
10028
36822
23711
9944
38444
22816
16434
5276
22244
33472
25199
20700
2029
28139
7778
20676
39121
27324
16342
2527
25590
7314
10143
30286
6659
7897
35053
31373
31505
36027
37609
8271
10700
18116
17137
33483
9144
2569
5559
14128
38551
25573
31593
36653
3668
21359
29122
1061
11216
36642
3738
5836
17462
16858
307
26346
4614
31266
17131
13614
6070
11265
34260
5354
3612
9049
31492
24165
5130
7233
37140
4619
30714
3210
24341
5246
25419
1732
38619
20141
4239
29352
7508
28276
37681
33873
12403
6866
33654
2625
34717
12767
34112
10974
16244
15653
17248
28260
8591
29829
32296
21161
23922
13883
20595
27392
32201
29164
32639
21893
29392
7885
38680
23255
1369
7229
32499
37591
36709
11990
2608
15232
36529
10198
25008
5392
8578
23015
33151
28417
36906
38972
25911
19928
39699
9620
33268
11270
18232
16551
16814
28006
4593
32569
2745
2863
222
25816
31795
4461
3692
34737
6210
19759
692
34498
12306
5640
27399
14335
37466
284
29249
16399
7819
2268
11746
18771
31530
11989
5480
4424
30723
3726
25290
39878
24286
7131
21894
19118
23673
30046
10426
5948
25175
35746
7596
34475
17007
15852
2498
4277
5721
33790
1439
5196
15686
7327
32343
36712
6238
37225
37386
22038
20392
19110
13795
29268
23999
29589
17629
32575
9589
495
31495
12985
34884
36337
10167
12165
28611
20812
27965
16321
10683
11910
15451
20096
28665
29651
18142
29686
16323
3319
37091
1863
28842
6523
19681
19053
15151
18151
39680
37569
9180
38788
29936
9597
37827
19800
9360
9878
7493
21691
23919
20689
28571
24159
30776
12140
36708
5890
39821
32764
6634
34420
23399
8081
20046
344
35033
26954
30901
23841
668
30441
24899
34592
8748
7847
37117
24517
38438
7027
2846
17765
6503
18520
19494
33165
36520
9081
33098
23169
38524
27308
39598
39106
37585
16688
36930
20825
22243
32177
26454
23563
5704
21757
12523
27763
14644
5339
9639
11149
12849
23501
27746
36538
5500
15544
5277
929
17260
26122
24603
25275
17704
11032
35893
28736
23584
37409
34675
28883
3058
7684
32983
33038
12893
22056
39074
2630
21682
9439
30376
33199
15876
24128
16793
8516
38370
1668
35390
1322
18509
7154
27630
26920
32475
22670
29934
24319
11715
21088
35120
39241
28041
18516
20246
16556
3261
32867
23655
24208
26320
19886
36583
24019
22847
6173
38147
8232
8908
10587
9936
39188
19179
13955
7305
28441
9501
22561
8764
541
36462
4014
36243
10628
12796
19726
3412
37933
4365
27704
26388
17123
25431
19515
4937
33369
8472
1826
11520
5168
5002
17083
6676
8453
31358
3878
21126
15685
37689
28776
33532
27450
32992
36771
5087
3361
34256
26200
34108
9052
19194
25299
8872
37356
33933
27773
2534
26404
31267
831
21703
14010
19353
38009
30410
30309
27087
16662
983
2156
4453
29917
36815
28254
21910
21722
15926
38514
19632
4983
2593
2752
27761
24104
29945
33963
10183
31123
26740
29106
23664
36507
1502
7746
14954
34199
36675
23004
11396
12502
12565
25372
14396
23780
31656
6816
14119
15392
34207
37498
22505
37572
18209
32321
29638
14146
27888
18513
30375
2652
1681
34601
35188
1423
14876
37181
23188
23722
13166
1958
916
3829
3199
35217
22583
6600
35340
37887
33936
17200
11273
19077
23967
17337
29709
21381
36481
38315
36531
3479
6366
19252
27798
8636
36926
12783
27389
12462
14240
25647
26716
10346
26399
2132
27333
35265
28601
34955
35268
15087
18676
23786
22448
23715
32147
12431
37994
14283
6093
31333
26042
19024
10873
19828
23470
7020
15175
25719
11946
26677
21089
9061
26729
35602
39593
5090
15214
744
18067
19719
26990
33180
35355
2420
27336
1171
17979
5598
19206
33480
24551
18044
34484
7476
36516
2380
28186
840
39248
37339
36342
23525
33883
3598
18929
29609
9433
23935
14598
9540
14504
28794
19864
16949
39142
38480
35239
8039
20783
1411
37668
6770
8948
12580
16160
19135
24282
4360
33207
19052
32633
33195
1025
3180
37168
20675
30112
17339
13566
11928
7721
38746
14475
7296
4792
14614
37354
28514
39306
7980
6225
1503
12062
4141
30563
7489
16455
7302
18390
31841
35570
8897
30037
17323
29494
18102
11842
35732
34058
27370
8110
28685
14126
10194
39033
25949
24190
36777
13648
5785
23971
32241
31894
39256
17423
25370
27546
32437
28060
29783
29302
4520
23204
33064
12276
22441
7495
31488
36696
20031
32623
34618
6500
5680
31099
20593
25090
33902
26663
25903
15748
16619
36628
32188
20204
17243
18272
5152
25377
25798
23506
35238
8962
4258
26656
21316
29083
14719
22245
21945
3538
5250
21530
10030
17510
34209
34451
14259
2176
8582
17
7384
10171
13797
22072
35541
20749
33280
39360
19786
26482
23207
35621
36398
38443
35994
25477
24571
5916
4123
19240
6532
2190
28693
27203
2394
22857
34437
34970
31638
38162
27248
19338
20077
4950
15854
3451
16208
33718
7155
21830
879
28841
31830
22301
30772
27809
30306
13549
29009
19742
16196
36510
23700
19596
39343
26212
1230
14177
13049
26256
35206
29851
32959
18352
22284
2994
12460
22587
18456
7277
4629
14884
29992
5262
36216
18156
13372
9630
9948
37049
30558
15594
19598
8911
6753
29173
36441
35459
22529
19637
293
39330
38601
14417
32905
861
14800
6462
34317
22851
28852
3456
14703
37273
31021
37462
35681
5630
23060
22952
24413
583
10176
38835
26443
11976
6785
36764
33496
21727
2062
24546
23742
14976
22756
14377
12368
32508
14183
34594
19489
38086
5925
21835
25203
27515
14308
530
531
18124
33838
25302
30703
21517
9573
37908
6259
13931
32697
2904
5849
19861
30066
952
1960
32917
9569
25749
6046
11992
18089
35608
37124
29950
16205
7865
13077
3026
28170
33677
3347
4991
11942
11244
35726
8440
6972
38002
881
37193
30250
5575
28098
35604
29578
2478
24688
31978
508
23018
2343
22860
26328
24020
32273
9472
33761
9618
17394
23777
8092
6422
30926
7159
1011
37244
8405
25051
9071
24242
36237
3587
522
18301
9738
25073
9050
14428
33201
30026
12095
188
10205
33402
33891
553
1311
11998
13046
749
30199
24278
38134
36695
8173
13419
23706
31246
796
11301
39692
34489
36209
27364
24042
3449
26739
35537
11713
10979
4575
10484
37796
5333
23601
20054
24916
20728
17376
7577
20395
15611
38696
19120
27016
36113
34408
39447
14770
18774
19416
19152
5346
24845
16751
31213
21944
8827
18269
29523
17595
25623
18422
27305
36085
17586
2404
24117
21954
38064
15319
18799
29904
9607
27523
23866
13536
15185
13486
37155
27174
13859
39456
9030
1528
9294
20442
21728
487
36643
25562
31275
15601
17136
30669
8362
28717
32884
37907
12872
38496
20160
23989
12016
10703
33699
4830
10817
32098
15642
13125
28071
35781
24456
496
4819
38683
22613
1353
36139
18935
11359
13904
25627
2917
21472
1126
11425
39092
31279
26611
30903
30118
6531
11328
6969
10749
32634
38457
4009
2261
4283
4127
35707
39858
3314
18893
3565
6871
96
539
25404
15987
11559
23013
26802
14631
26275
9980
21786
10695
8278
36647
8779
9578
9149
6683
25110
29062
21063
8691
1940
14227
4584
10839
7231
35334
36317
10165
9584
26118
32004
28550
17852
26326
21540
18377
23879
29222
14071
21283
34026
7764
371
10990
17928
34239
39578
22260
5518
38690
15681
16928
2811
38232
7844
23603
10857
20460
33403
18464
2482
8181
92
9132
3288
26803
37765
28596
37120
13399
13802
5353
33788
34275
28206
26918
15167
21431
32626
19450
27373
10285
29418
9955
39714
25882
14585
16469
3051
36084
15075
16248
3080
32642
25365
736
14026
29364
36913
17199
20264
18490
30494
36837
21881
26436
18491
18577
23757
10731
18977
30063
4050
11123
25055
25010
38700
36568
8858
39293
11041
38026
37390
39748
32359
3353
14574
36001
16392
33261
19559
11176
14159
388
29985
20211
3588
26303
34495
12784
4880
5173
39562
37219
3951
38983
362
30884
31165
18313
4510
93
16600
15917
13328
28573
25130
16141
11220
20800
29125
10932
8227
23394
13268
8162
28552
3205
31681
1440
20670
17121
8114
21798
7671
13681
19336
32921
28948
33332
5118
21844
33843
34092
35023
30719
33871
1449
3176
5965
29817
31225
28066
4734
14320
18982
21470
39950
16351
29123
4299
4284
32840
17754
35480
8808
31286
34863
17483
11214
37346
26804
24254
17045
12212
33612
13522
5940
17468
33721
38412
9508
24543
19066
4092
17895
10444
26402
36835
19430
11699
31445
11653
8199
19664
29825
1793
37999
32311
13597
8852
7888
36037
29547
6479
28445
37835
30093
32459
32806
21567
36776
15078
25523
5705
9619
15827
35467
22633
23143
9760
21241
3377
33077
29768
34246
16778
8491
12765
27879
7830
16950
36932
14609
24472
30186
18738
29875
35358
38809
18724
34457
20831
27186
27258
32400
22215
1559
16136
21628
7279
8890
33944
5609
12808
17581
6716
2639
34782
12334
39484
5021
13945
19150
1422
24661
19580
20638
18109
28651
32928
2463
38251
1392
11079
18229
386
24271
9834
23945
16219
12726
22406
35460
34288
26923
22030
759
9200
15735
16186
37011
16606
20080
24227
27668
36828
3916
36280
8379
252
21692
35289
28030
26905
33796
37798
7780
14868
39812
22723
7742
29310
24329
525
2211
33563
15308
11138
29343
9877
22377
8730
30454
1161
4926
30550
20633
24683
34722
19839
27503
18120
22905
16824
3264
17192
17214
15039
35494
26216
4188
33178
33127
276
9451
21311
6223
24588
17606
25233
10333
17086
14688
18362
27414
10235
3881
19182
16513
23086
1609
34883
13821
36517
8853
21510
6538
6872
33519
5460
28038
18083
11390
8679
31639
12984
1839
15251
30893
29700
20701
1752
18061
25585
4545
18190
33073
3168
7838
20649
18789
16613
29632
25295
29346
39448
12700
27127
27063
11695
8505
10237
29814
33537
27571
33352
16658
14408
17332
16643
28863
23468
641
39204
24225
6864
20511
22172
14291
3249
28391
22225
15755
2038
37424
29767
25671
13182
33354
28751
2237
27470
38351
5347
26816
31556
27620
15206
32541
31235
31493
9446
8613
31645
38944
8149
36559
31528
27929
1533
18797
36848
16932
19438
8233
29381
11424
25332
37794
698
36884
2181
4353
28578
2374
37206
37961
20835
4
18923
27337
13992
7736
30992
39444
33087
37161
35615
34481
22361
39717
3018
19870
30613
14642
18778
2894
14782
2477
23928
16636
11892
23012
862
143
26196
27117
6497
4243
7391
1702
17490
24658
21767
39404
21181
31896
32503
9845
10766
24498
33992
34819
12711
35488
838
31742
8139
7607
27566
1849
16140
32766
15022
19354
31731
4521
28787
11277
19385
13970
37172
24906
5724
6250
25025
28788
31876
30994
18576
22598
5541
17853
19468
35047
38992
12714
36741
2250
24989
13039
30645
21165
3105
3040
32181
26394
16117
6576
14773
30189
29785
12064
28607
19480
12672
38094
8126
14982
37202
30531
23003
29330
12025
21217
18964
26748
28926
13556
16013
20833
8980
30281
7265
23602
11097
18585
26127
9217
18637
3086
39581
31017
12656
29031
24376
20400
38913
30804
16120
30871
21726
7195
35808
17325
3874
11694
38801
37073
13326
30765
835
21348
6777
23505
35050
26790
20050
26731
25259
21039
14882
16349
12315
2517
25969
16239
37101
10354
17539
20296
19138
27934
39559
34822
26469
12247
8605
24767
8687
6606
14798
21556
22189
13554
4790
39677
35702
14110
22169
16722
35097
35276
35814
37041
30381
32560
12946
7651
13179
12404
16651
30314
4236
20785
2501
582
6602
39882
20143
39716
2154
18851
13675
16258
24447
25664
21532
36553
4175
36353
15557
4437
4048
30725
4191
29072
638
21926
9534
30098
19590
18753
23550
22843
1310
39010
21729
38830
17770
15835
32680
17329
17894
33427
34999
25169
26757
39007
29507
22781
36982
36212
32811
22050
38410
33630
16134
5852
28893
19404
34146
387
5580
12420
27197
15740
30308
27744
23144
33930
37828
17234
9395
23173
15535
29163
10511
21435
38882
9731
21664
13719
27803
7092
15079
26531
37645
1295
22126
20200
17128
10901
2873
3556
5294
23499
36088
32129
11267
1416
38421
37402
575
10681
37605
26960
17696
20089
10023
21698
6527
26151
20669
22642
5935
38330
6201
2674
1504
10229
17297
13055
14038
7107
21998
1251
35031
17451
5914
12837
28250
23024
38898
9407
12534
10080
30578
889
11120
22150
23203
24025
28320
30079
5267
25072
31163
18942
6581
6530
30921
3032
14640
28720
39233
24732
4486
10744
24491
14777
24463
5149
7551
18406
3408
31023
35721
14289
19483
26632
1407
19324
21387
39955
4865
9945
18835
11352
12658
4851
18135
3817
32380
11467
24074
7097
19221
10975
201
23008
38938
9958
31463
18649
7518
7303
17354
38543
35796
39605
33593
34
27819
14891
2564
37079
15818
16609
36814
26770
20768
19633
20804
26146
23198
19889
1861
5037
9605
17135
8096
465
35088
18515
9158
14066
3677
11920
37010
5926
27554
38194
28999
17220
28428
30773
23153
12820
20034
33518
10851
16378
14497
25574
30476
11342
27037
14983
34647
27051
19801
12961
10159
25424
2014
17328
14685
12028
32115
16899
27592
8954
10705
26654
3317
15116
17342
19987
2889
26661
6140
2582
22017
11363
5142
37817
14226
20727
61
19647
16182
10416
18877
38925
20745
9692
11007
9086
27468
12444
17197
31803
39344
36789
2389
5030
12782
21502
6660
38408
19251
35195
32980
6455
19822
21016
29273
29178
25918
18619
12738
5822
14495
11736
20615
3118
13249
20775
11289
17961
18895
10819
7075
5701
13492
2916
28374
15184
13150
28990
30799
32044
178
5866
8445
18776
19866
10280
16257
23180
30295
38020
33839
17134
19417
2922
23373
13436
8967
15035
5695
7734
27841
12292
11498
33861
8766
30838
37771
26609
19463
15870
19244
11951
29224
14899
37459
24913
36624
7037
11619
35224
18988
11642
17871
31208
8097
33925
35114
22617
24145
5998
13336
26164
18103
20292
19406
4823
37479
22582
23783
22834
34074
15923
30620
13494
253
16273
614
29082
26370
377
22395
15418
15010
21108
26012
4079
36126
28325
25859
16256
13206
15944
17783
10644
27442
38148
4280
3409
1216
20194
12631
17377
8447
24400
15404
18732
38314
24502
2627
29672
5558
19777
15590
5203
15952
7387
1044
30630
39487
15730
7001
35280
21043
6769
26727
28711
390
33950
21931
27090
22597
13957
14944
13480
