v
Aw
uc
sS
uO
aB
BX
rg
wJ
gO
xX
el
jT
xs
zT
Y
vh
lu
nT
kV
nr
hd
oD
eQ
fM
gb
Br
AS
pu
pE
hV
ig
ji
tx
bz
yA
mI
euJ
tRv
Bge
kcG
sKo
ayf
wFV
hoz
dsS
oeQ
nBN
mAu
lws
xro
dUh
uVo
sjj
ctS
CRd
nTw
sPw
iFA
hZS
muK
DsM
uUL
yrB
phZ
kdE
pWi
zwe
Dcn
uqu
sbK
dYH
DEV
snS
oFW
ixK
BHK
DBl
tWY
cKy
iwk
gqz
Bnc
nbx
kJJ
zAZ
lmq
geT
BHp
AGN
wCP
tsx
rdC
bhj
hWE
tqK
DyZ
EhP
isC
ACQ
zsN
odd
koz
iat
Cnn
otB
pTf
tsb
kMr
tpQ
hxz
hoY
BQs
tYf
mwG
fJZ
awS
sCQ
ptl
pls
nGD
uDr
rTz
Akw
kgc
ysw
sLY
qub
poV
kPx
zvf
nGg
Edf
AFy
hpz
ewY
auQ
fct
CSM
xUn
euz
plD
oLr
nJB
kMI
jfc
hUf
dmt
dQi
tmB
pNz
zvy
ymr
uZH
dQf
lqQ
kOP
CXX
tWp
bEs
AcR
wIn
uwU
tVU
oho
mrU
dxw
wMJ
nKG
jHM
gKh
esI
cSh
fGg
yRC
cjE
CuT
vyW
xie
rOa
CPj
tgX
ocD
qsi
oON
gII
pvW
axd
BlR
nUZ
CqL
BSe
rYI
hTf
gIG
lNE
ewB
oGK
Yw
mwT
jIB
BdT
wjR
wJr
hRY
eub
dWi
dQy
qCz
Bdp
xOZ
kKz
eHE
hYy
uuZ
htN
BIL
zFK
kgE
wNe
uws
nEZ
kpQ
hux
opK
eyV
nGO
raJ
qvv
ojk
rOX
cKD
sgE
coX
xPn
fIR
BNa
feg
Ecu
qVI
qAK
wJK
uXB
tKY
pYy
dpk
veV
koH
Edl
iFd
hur
oMB
bKL
vvM
mZZ
hqf
pvQ
obQ
icl
pwt
pmp
AId
wJL
tOo
kpz
dSK
gIT
bKN
Clx
Ctf
nDQ
jEb
oma
dtC
wBp
qWA
prp
oRw
fOP
bEv
wNH
wKP
puG
Bjy
AdY
EbJ
bdx
cMz
CvO
gSh
cty
cnc
uXw
sie
uQX
rBm
mWf
jzY
Akq
neQ
oEX
hmG
flc
pSP
oLU
cfw
bcW
qzd
ywy
xUE
aEj
wSF
vaS
tkv
pry
jhh
geS
wOX
mCE
cks
uAN
tKb
hSa
BPx
AJI
oiY
vyZ
fLY
eFH
Due
zXM
sKt
oMc
hGI
ctN
VQ
vDR
tPc
mxt
eCI
hwd
xpN
mpY
cXi
qSJ
sOu
DWN
AjM
gpO
Agj
jjR
BOy
aDf
BJp
hpL
Bqs
AOe
unD
nfg
hoK
quA
ztG
jLC
zcd
yvX
thE
qTU
jfU
zuu
ffd
BTq
oQf
dTU
CVb
gsK
yse
vgR
WG
BRI
zHu
mBl
yvE
ojO
lvS
qsJ
zul
mrz
bcZ
xRM
uVk
qYa
AaO
pTA
bjv
qWy
pRd
ody
nIp
lWu
eEw
Big
hyX
eYx
avG
xiK
jay
tVN
qvI
fHz
cNL
axW
ANF
wPp
lQW
gjV
qtq
wli
urx
uWq
nac
ttA
qxG
qpX
wHy
xOP
rIb
cjH
wLB
fMv
eXW
mUr
lsS
tPS
qqm
kRa
fgU
CUX
jJH
Eep
zbC
lTs
abo
AGb
ytL
xgc
CtO
ymM
nBS
eYk
CUf
xJm
CPK
rEs
fIi
exe
maO
ewc
dyu
dUl
cSf
uZn
wJd
mXz
yRc
urE
fOt
nDD
zwb
nbL
ghK
ohY
dTh
Dta
CWW
BIm
vfp
oKE
wjQ
tso
jEd
aEJ
ABm
DyM
rCG
nAB
gAo
fpX
oiq
yrN
nKy
dww
smK
dQV
lPW
gHz
mug
uBh
fiG
Cot
wPC
jLh
izI
gfC
zYj
gpB
RK
AKW
zFb
rvi
gHX
knD
sgO
sOz
cWo
oPd
jGq
drO
rKi
rbu
uoR
uWz
xsk
wbP
wCS
fdZ
CYt
tul
tke
hqd
azt
iXl
bmR
bjO
tPI
ojJ
mvo
aYY
oHF
ncM
cqG
uSM
zWV
iZl
zyB
raU
acz
ZI
jeM
rfR
gPS
zzf
nHu
xkn
nJQ
sKQ
pQa
wdJ
wJy
BkK
ctP
sNW
ibq
hqy
mDL
eBo
oIQ
zwl
tTn
nBH
Cvx
odp
iCM
pVU
oJs
eYU
azj
EgH
rZn
rEP
gkH
zFL
kez
gdV
ALd
rHS
yPI
bNR
SL
kPl
kIh
jEa
fdR
EgP
bCV
kGj
sKu
sDg
bJF
vDN
mbs
qtr
Ecn
wfb
jeJ
gMo
nyV
kfg
ALi
mjo
hUY
wHV
vZF
gyx
pWc
xrI
CtM
AAI
sGu
cJP
EgS
dAH
tli
CRZ
fJi
aIB
tkx
bEA
DWy
nDP
beK
Boh
COt
ylY
dUU
oGo
frx
whI
gSZ
yzS
yMY
ezw
AeW
iap
gJr
tiC
lRe
eYS
jKj
uXV
rAh
maE
fcS
exg
BgN
ycX
sMG
gop
gLG
xJW
tMo
qTQ
jDi
dyt
BgS
qxu
iDQ
CVp
gmf
rZB
nDj
jff
nbZ
kIr
oQW
mZR
isZ
hvM
Dxi
mqR
izq
CSy
yUE
sim
zxa
sGK
Ayw
xgx
ezy
Cml
lkR
qvx
uur
qpP
eyp
waA
tPL
mAz
cVm
iah
fBj
zcr
ymK
oQN
crj
kqS
xki
rwH
lSg
BzO
BHf
bPe
gow
BTd
tko
fDG
ANL
iwi
ibe
pPX
mVF
rIA
kiL
ymi
vBF
pRo
kft
iLt
sIj
lxp
jGR
aZB
yqW
mDn
kqb
aJu
zxi
wiP
pwq
sij
CZN
Bex
BIA
Dyz
hlP
gKi
ewG
cRO
weA
vaO
qXo
mAI
BID
xTn
wMQ
uuR
rED
iWS
CQT
uqS
top
zEb
uun
tMF
acI
pui
eFE
ooj
gFW
iva
geH
qhi
lrn
BSH
mZf
dmF
cQY
ocx
bEc
qwA
csE
cgg
CkD
zuP
mBe
mAL
out
DJA
sNi
qso
qWT
coP
sdU
vCI
kOF
BMG
tUM
tTU
lpj
emo
bJz
BIw
AIs
ohT
qWe
sHR
oLA
ixk
hpk
bey
mAR
pjS
ttq
mUZ
aBj
CkL
BPa
zEj
tXb
eDs
bOx
ymf
fir
aYo
vwc
vIg
qzM
dpm
iyM
BLi
uuF
qTK
iaG
qoi
lRQ
drv
cKL
ASa
uQi
lnY
lSN
nBp
dVd
vHM
mxq
jil
yZU
nxI
kQk
kUx
ixB
kek
iZG
aZn
sHj
pqP
kqo
BmR
vFZ
gRe
iyN
dva
nCU
jhU
iaa
cSo
tgV
Cls
oHb
eZT
dVL
Xc
sGi
lZo
BrR
ATt
AJq
rIa
oda
png
feR
eHl
smw
hUC
CQK
whZ
yxq
vwB
coh
wJm
sga
jbU
hVH
dpb
ytK
rIv
mZN
dTl
xth
pLn
jKF
iWw
COd
BnS
wNy
vZl
xLK
mZT
fIs
vCs
ias
edh
BgR
kid
oNH
kJE
zET
tky
qwQ
puA
kps
iAt
kqn
geK
dSa
Zs
BgZ
cnP
uzo
kGS
qpJ
iVM
dve
wgW
dse
tnc
pJW
sEw
qUS
lnd
fDQ
lNz
rdh
oLP
itZ
gRz
nzZ
mwi
gSI
nbY
AGe
ACi
oYw
sDt
rDG
lVu
kQh
hrZ
fcA
wBn
iDu
cSA
ANB
qsT
ohr
oSh
oOy
mtH
kKO
hUZ
euE
chg
rbv
CwH
ANr
yvx
cpj
nBx
yrG
dxj
fJE
dmo
lOy
htV
EaJ
iBu
aZM
klq
omI
iAx
eEc
BOB
gJB
sLC
pVN
iWG
fJY
sFh
bcd
Th
xTS
sjA
rfZ
oGn
lpb
eEW
dnM
dpV
coj
pZL
nJy
qzH
fbh
pqO
nOF
aAu
oSN
cjQ
nCo
evo
zBW
tND
smB
oeK
iWE
cNh
uWJ
Abi
xJI
Zt
BhL
kqP
wPH
reQ
zES
uAZ
pUw
ghn
Dwv
Bew
mbd
hti
rJz
qSr
itx
you
sjr
nzr
cqb
Ehi
zzo
vFL
aCx
cWh
lZP
lOf
fKl
COl
BdL
ymR
xQP
kkx
lQf
zcL
yyC
nbU
nHH
feQ
ZN
tjV
bOG
yTt
kNR
mWV
jMB
wew
sjT
nBz
qAa
ncd
lmU
gkw
RR
oGD
hXN
Ru
BPH
zvU
qTG
aOW
fgu
zWP
hvE
pVZ
nFc
eyd
eFe
grV
dpS
aJm
uWh
odU
cME
kiK
hWt
wiG
loZ
lXK
kRS
kJo
hXL
ewT
gqq
fiT
dyn
hsL
gQf
sQc
qws
oHV
ncC
etu
Zl
uxo
EcW
dwO
pYl
cVH
Brx
zol
lTn
dAF
bLj
CSv
BqX
veO
rAG
tiD
naS
wln
BSK
AAy
sin
sig
feN
CQi
ggW
qwc
jlm
iFB
jyi
bNI
Bra
ytU
vNT
uzB
rZS
oSw
lWj
jfW
Aba
xSA
oNW
hlc
dyX
pXx
jgh
rIY
BHv
ryk
bcg
loE
DEk
iER
hlr
aYu
yxb
prX
DAZ
iVv
xiF
kka
mUb
kHB
xIZ
cns
xUh
tNV
iyR
cjW
iXN
uqh
tVq
rNf
cgk
kIs
wgC
vJk
pmQ
trE
sGG
Ebz
BiE
utW
mXf
fBM
nKO
lvG
kLQ
ezB
DFJ
xSv
cmW
tjI
ofQ
mta
cJF
oje
hlJ
qER
yAa
sKw
jIq
eBZ
Csr
dsa
hrK
kQj
siY
jAC
ich
cgJ
bKX
XT
kKf
crr
bcH
Aju
wdj
sde
mDO
kGd
jIf
kll
iCI
Edn
jAA
utF
gVU
vzg
huL
Ctp
vXX
onR
cPo
edc
Ake
xIJ
wiN
rfC
dVk
cKj
jDW
zyb
nzA
UB
oQB
hvi
DxH
pRI
shY
Cqa
jeW
tiH
xif
vwO
zGH
nJO
hys
AHM
hWf
oHR
vHB
vHI
cpv
nex
jzl
jiz
eBK
cOJ
qYg
lpF
eBu
okg
nFf
lZs
cmJ
bBZ
AfQ
fIT
cRE
yZd
wjJ
dTz
cge
uwF
kfV
fbz
fGE
dFb
BpD
vAu
dvp
cQO
zib
zXU
vDp
rDB
sJS
bcD
siw
ySO
jMw
mvQ
jFy
hpB
nLz
BPs
yJT
yrf
knq
knl
iDw
ecd
pPI
hth
AKD
zCR
wgR
dVb
rwk
lnI
hzs
gpj
iYD
lNW
qts
oMx
jKs
sOc
rJe
ohQ
BQX
fJc
fcj
fGO
xsH
hdO
gri
gIX
uZj
bCy
CoA
BRR
sfv
iyE
hvT
aBB
zdh
bKm
tuv
kJz
kHr
gNn
Dyr
ogs
cmr
aEL
mtN
wCQ
uod
nLA
DtJ
uZW
wBK
xUv
tiu
cOg
vYV
dXG
oRe
ghQ
zaZ
pTz
pLv
jFc
OY
uXl
sCS
ZC
rat
lWs
iDX
zdw
yTl
sip
aan
DrI
ncw
kQN
ixo
vET
uvx
uXZ
AFs
sHD
xnf
nIw
dAP
Dav
zwD
xgm
fdL
ace
uSG
xPP
rbZ
jdj
xgB
jFA
euD
bNy
cjV
cgr
BkT
ABy
sRt
jax
eCJ
cRm
aeP
Cez
ADv
xjo
oOb
cMk
Uf
Cta
yQy
aER
dVJ
xxB
xOw
wLr
rFY
dzI
xVu
xJF
scw
cmj
hwD
hON
csQ
mtS
BLu
wKg
gkp
uxP
mvd
sGb
qUZ
jvd
bKk
tDZ
mva
fLt
tnx
loz
knL
sLJ
RL
qvt
czw
bIg
zBe
hnG
axs
Dva
Cop
Ahn
htG
knI
fig
cJE
AkA
AfD
tvN
rJm
hYs
bfa
utv
sku
lkE
jdA
xlW
kMK
aEO
msG
lou
fgn
AHu
DwG
cXs
tqi
jdH
toA
zCI
pkv
Bkw
lOu
AjX
Aac
wki
sEb
pjx
mTY
lWS
gTh
fiA
cOx
eZh
dql
wht
yvL
wdq
fMH
DZL
dwH
pzf
nKw
dUT
lSM
yzj
nfN
lMY
bHy
upL
gMS
BJf
iak
fOp
iWr
AgO
mzO
hWK
ivr
CrZ
mXa
dSg
ocN
cJc
CYW
BkN
adg
rDR
seO
CXx
xfW
BVe
mWg
wFv
zlw
irS
gRy
pTJ
vZG
uyC
uBx
thM
fjv
rFl
iCN
fIJ
kmx
qrV
CsL
nzb
BOi
qtd
bbT
wCq
CWI
wkD
hmn
nck
kHq
vbl
TF
glD
xmD
grg
