c
f
M
K
s
I
O
X
C
o
6
A
R
Y
r
m
1
p
u
w
W
i
_
2
F
v
B
4
n
t
V
7
Z
0
9
G
U1
3
z
8
l
E
D6
cn
hw
Q
kN
I_
uM
y
B2
xT
S
lN
L
JQ
d8
CU
56
v_
ou
k9
qG
q0
hE
XZ
q4
r1
zQ
gt
EL
U_
rU
hI
FV
HT
IQ
XY
eQ
R0
lH
vS
fM
u6
gV
pv
48
kM
U9
B6
ES
OT
nw
MV
nF
DY
nM
s9
O8
nP
N3
aX
gH
R7
eY
cM
pZ
gF
oB
MZ
jq
NW
aF
sx
M3
jZ
vR
fA
y_
y9
gM
j5
bI
fL
GS
LT
GV
G0
mP
PZ
mu
IL
DI
QS
vH
ST
DW
ER
dP
qP
dS
pW
dF
Y6
JU
fZ
W8
LM
Z8
mo
V0
xy
oZ
eq
eZ
kX
W3
GX
wz
DR
UY
CD
gi
FQ
k_
sY
yB
r5
A9
z3
K1
hm
dN
yD
OX
OZ
sW
GW
ap
I9
T3
pr
mK
VW
KZ
L0
ix
L5
ET
g0
sE
pw
i6
ew
RU
g4
RV
r0
kO
WX
E9
RZ
wO
ky
p5
x3
W6
X7
R_
df
au
hz
ef
40
K2
N9
j1
f_
X4
wE
14
J9
vQ
cp
mT
gU
M1
19
ik
q3
zH
uF
bB
hu
w0
lq
KY
WY
bG
hy
ho
C4
rs
t5
il
iA
rJ
sK
b8
b3
59
dj
S5
xz
17
n5
eC
78
ip
gu
47
jH
NX
rQ
o2
fF
fl
L7
fs
qW
sw
nI
hU
ls
K4
xL
o7
jE
23
c4
r8
DQ
j_
y3
iP
mv
bZ
IS
lu
iS
z0
dV
iV
s1
IK
y5
tC
co
uY
jl
bE
lo
X_
hR
PV
OR
dl
Z6
tw
j2
O6
kl
jL
ch
do
dK
av
m8
vO
T_
nC
AB
KX
tX
cG
CQ
y8
l3
n7
dk
V1
k8
cL
x5
dr
J_
du
lx
NR
O_
v9
bq
e0
BR
KO
h_
iR
wy
km
BP
Z7
C6
zV
C2
gT
M6
ru
UZ
K9
qz
u0
pK
bgk
kwK
dhm
bgD
lEU
uDH
ptR
uV_
dS9
buF
lMR
pA6
eyS
gAK
dj5
zR5
hj7
pZ1
stP
fP9
pAP
vB4
qxJ
B20
aCQ
fjm
mIV
CH0
cv9
qCV
JNU
guS
vQU
rvQ
bgy
GX3
nvK
dM3
C3_
eu3
cfQ
iCV
PUY
zD7
rvB
iwT
qtL
cpz
eFV
nK5
bk6
iwK
agJ
EY4
hrQ
sY8
dp9
ftG
crW
ouw
mMN
nUX
lX7
hM4
nU5
zB6
I9_
nwM
jp2
nGT
hrt
bSV
mGV
cwP
fN3
eiv
AOP
dw5
kH_
pS8
rB5
hIM
OVY
dy7
gzO
mtx
cjD
hmy
AG2
rDJ
aAY
kl6
dCK
EJP
uC_
as0
uBT
EQS
pyR
AW7
moU
tR6
ftO
FJS
brG
avV
wHX
mo_
goy
beg
ikX
vPR
fiI
dAU
awS
CEZ
hl2
F56
wQX
fgT
xW6
mIK
nCS
bdQ
jHV
wzZ
WZ1
vw8
gAR
oP9
cmS
d78
NV2
lL6
bzY
nRU
iU2
qy2
AK7
DFZ
hY9
OR0
LM2
J1_
dgn
ovP
y23
eI3
a4_
aF3
CN9
DG_
nyR
uH2
T80
gWZ
cB5
DGS
uDP
r24
HK7
ehA
dkU
cCU
gQ7
kN0
zQY
HO2
cD7
gB3
BKT
xVX
iqL
itv
UV_
fAZ
cOZ
arA
hls
MR0
pIR
ftW
UW8
ryz
JKW
pyB
SY3
aBC
mGX
m57
gI_
FH1
jK3
brW
AGT
kxX
ePX
qG1
esM
sIN
kHY
cqB
gtT
ijk
vI5
z17
hNR
tDY
rtw
stC
aGT
hkN
azR
nF3
ciV
x18
dnM
gz5
nPW
dg6
N28
kO0
HU5
CLP
ruI
vDR
aq2
bpG
uIK
uSU
JLZ
kBH
bB1
mrL
B5_
BGV
hPY
t39
hwz
CNV
T69
rv8
imv
wG4
BEQ
uAN
qsJ
OST
cjG
LMW
cwJ
mX2
hsy
ho_
K7_
csV
jqP
nrO
emB
iKN
F58
clL
ds9
akG
osy
npE
kt_
lO0
GX_
gSX
zH9
gkx
jDS
iOQ
ch8
mE7
rFU
aI_
cJ6
OV0
cX4
sCL
amT
cM1
FVX
BDL
lCW
tvY
RS7
zH5
gr_
QT3
BKQ
pwH
ATW
kz1
eUX
vCQ
cJ2
dn2
kyX
cfw
JK1
cl_
uvN
bN5
dBE
wF4
hTY
jq7
PYZ
s20
doP
GU1
nuV
hq0
BJT
dfj
lM3
gR5
wRY
ns3
hqS
QS7
hGZ
eiL
byB
CJZ
ars
ns9
huA
dPR
rst
uHV
ctR
wD0
bqT
fm6
aB0
bEW
psU
wBO
gwE
qV2
hm6
U69
rvE
GK_
bKM
xEM
nCY
uAC
CGK
fkV
nvZ
cl5
prX
eko
vCR
gJ5
irR
kMQ
qSY
tD_
gu5
gp1
kIN
iuM
DY1
cxF
eBS
cvB
BZ8
osP
yF7
moJ
cqs
EX5
ev4
kC8
BNW
rz6
dV4
pV0
qN4
DJX
kn9
cfM
itG
eT_
qE5
EJO
ou9
jow
BUV
uN6
DU4
GO5
bu8
fs4
aes
txO
RY_
qAQ
crv
xZ_
jK6
dtS
wLT
dh3
b7_
pxK
E45
gq1
pO0
nvS
isF
ADL
yA2
rBL
HTU
otZ
gio
mqR
AF6
hQ4
kP5
uMO
m17
py0
dhP
dkM
FR7
oU1
dGV
pO3
yTX
luI
EX3
AMW
D19
qvM
lJV
opH
oFN
oY8
rO6
IR6
o24
cZ9
a26
pCM
dqw
hyU
ft8
DGL
JNR
DO3
uBM
wS_
uGV
cw5
jtF
uvR
eoQ
kHR
sGK
HS3
oGM
BM1
kxG
loC
u24
xJK
sxH
orP
z16
nsN
wGU
oAL
dC0
DNT
X19
QUV
uyX
BEU
cgm
xyT
mx_
H40
suT
nqP
dhi
yOY
LT7
btO
qIQ
wKM
be5
sS3
hsF
jwQ
CMS
g47
iyF
ci6
vw_
g9_
msK
jku
bBJ
rZ1
JW2
gCJ
kXY
bcJ
asW
uyB
KR5
hw6
dek
cC_
HP9
qBG
oY6
cEJ
alz
jz0
GV4
gZ6
acW
jK2
lJ4
OU8
ops
AO_
bnO
aRT
iyM
bxD
nX5
hFG
oq3
dxO
GQ7
mDH
ayz
jC8
oP4
xCN
tP9
hPS
lvN
BCI
OX3
osZ
BMQ
eHK
lzP
EHR
al7
EM5
DFS
CL3
lqB
oHU
alT
deO
a49
inz
xLT
wyW
jlY
qw7
btL
aMT
sF9
sV_
WX5
ez6
DL5
aIP
lUY
rwB
vAN
qr7
HQU
dK3
Z28
mTZ
uRX
mE4
EGW
zX9
bfh
tyE
sPT
JL9
xIQ
uwM
IV6
qF5
jsO
xEY
LQV
IK6
KZ0
tIT
nvO
nOQ
hnG
oAU
wH5
afo
lou
zPW
tuA
jkr
ijp
etx
oQ5
jG9
CL5
SU_
HS7
az2
fTX
hoC
EF1
zOZ
D48
O12
hB1
mDF
opu
lqT
pKQ
qyQ
klz
kI4
ixU
tNR
or5
kvH
yL_
yD7
A14
noV
P30
rDI
rM0
hqI
hBF
uLQ
fW0
lTY
Z10
dOU
Z26
kr9
YZ9
vz8
JO4
wCI
R6_
HT_
kq9
ovE
tU0
aR9
qNW
eu8
kKN
gux
eq2
oT2
CIP
y80
cO9
EMQ
gxA
FHV
cRW
mLY
kCV
yP6
cET
dL_
vQ8
bL3
ntY
jmw
bU2
fzO
KPZ
vwS
cgq
nGQ
lF8
dqt
gU4
tU6
h7_
uxK
bqV
JNO
qxG
hiZ
AJ7
hLQ
no8
HN6
mN2
rw8
fG0
M69
LNQ
ry0
duZ
lCM
BY6
fgK
lr1
eK6
cv4
gzN
qAJ
bKO
PQX
hK6
az4
glT
NQY
wxJ
evx
v9_
rv5
BPW
jRY
biI
fmQ
grA
U16
bm4
iIN
jmu
s16
cfU
gzU
qxE
oH3
ay2
GJP
ptO
lGO
qsX
cwG
wEX
FO1
ix8
efX
GMP
ck3
blG
vwU
jyR
mrM
tS2
n45
su0
axP
DJQ
mN4
yDM
yN9
rvA
CU1
giW
cFX
wR7
cAU
pN1
xEO
FR4
DM0
jFR
FL9
FSU
ntv
er8
nPZ
EHI
m47
v12
gpE
QXZ
mE8
i68
wCU
rvF
IWY
dC1
INO
rwz
qMN
eE9
lnE
czG
eL8
gY2
gBC
jW1
yJ9
t24
g5_
juY
ES9
fL6
iDP
abd
eFY
jqL
C5_
p25
qF7
RT0
jms
lEK
yI2
hn1
EHZ
AR7
oR1
iuO
sH0
jqI
dtN
elx
yzB
knE
qL4
LR0
dj6
dxG
wzS
bY8
yC9
kqD
lps
irS
jsY
bly
fWX
bwZ
mDS
HW3
AT6
uP5
YZ5
AE_
dr3
lrM
U12
LMV
BP9
rHK
cei
xMT
rv3
D10
AKX
hzH
ER2
sK0
sR3
pKO
kqB
cl7
rDO
mJ9
pHY
vwI
bNR
iK0
sP5
cfJ
lmN
qEW
pAI
fm3
rOT
ry2
hJ6
lCI
m18
CKV
jsW
adu
j4_
W28
tY5
zZ6
JT6
xDF
iow
ioP
MNU
kz0
erw
cHM
xV1
kwI
tE_
psS
yFG
rTY
juE
j18
hq3
pz2
XZ_
hwV
PV3
oLX
hiS
nBZ
GL_
apR
irU
itA
rtP
fgG
iOT
tP8
rw9
bN1
dnq
zQ0
APV
dPS
uwK
xyM
J16
cHN
CJM
klr
xDE
mIP
vEG
OR1
hrx
iz5
sZ5
EV4
lA3
iDJ
xES
jG1
ctN
LM3
zIX
fr4
bgA
GM0
amC
esJ
nAV
ovZ
hDL
uDI
EMY
osX
aR1
c37
CMW
qtN
cOW
nIW
HU2
gl9
ksA
wKN
FU8
ryH
aF0
qxO
yXY
oqs
pqV
lr6
cP7
afS
joL
eyV
zQ3
kIX
ij2
I28
suz
glF
nz3
qA6
hlV
P10
fuE
LZ3
vFX
BC1
GMO
bT1
IU7
BDQ
zNP
lrI
DG1
nQ_
W6_
ru9
xYZ
fEZ
hG7
jkE
kNZ
f7_
cd9
qSX
nPR
nwU
kyE
ajz
JWZ
kow
kM0
dtX
ces
fyN
h8_
bZ5
gCZ
oAW
bGM
ouD
ikq
kK8
pw1
iv7
BCN
kAT
mFJ
rx5
wL1
IOY
noK
mx3
kP0
pV5
jox
j36
AVZ
dpQ
rE6
j69
dGM
kB5
fz6
AEJ
ER9
UZ4
IW5
qEP
sGH
iF4
aci
ceN
itM
oIP
vJT
AC1
eKO
v1_
eqx
tV0
emQ
sG1
lA7
eyC
ajV
rS4
eUW
TZ5
hsv
b18
fvS
f69
fx4
kz7
bzM
bIR
bpR
iDN
zLS
IS7
fQX
sH8
ers
fJU
bxI
dzR
sO2
mTY
swT
elp
ajH
ry5
JKY
hz7
hQS
wx4
emG
DUV
kHM
itO
dy8
kEM
knq
ouB
iHN
ahv
EMR
yAM
sC_
hwH
IJR
APS
erT
wV_
GL6
koV
lr2
bIU
dj3
uW0
HRY
ST3
qX3
ABW
aeE
ixy
eM8
qQ7
mH1
bTV
lTU
v25
xQV
iG1
fsZ
kpt
akC
bY0
hp7
fyA
zBK
cpN
eZ2
br8
wCJ
uCI
W18
fB1
rEP
GLQ
efT
jq3
ipP
oM1
sUV
pR2
vZ5
hlp
pvB
egp
vEU
izF
jpJ
bkF
hCF
mDV
OP4
gpV
O30
JOR
k25
pPR
iC1
jlr
koy
mCT
cM9
yER
eQ6
sv8
buC
imq
qy6
hGR
mXZ
B70
dw_
sPZ
yNS
iU_
cgO
P56
wzK
xT1
ABK
GQU
azV
FPU
K34
myO
jZ1
IKY
cfR
fCG
aey
bJ7
HWY
bG_
hsx
eY4
emN
lpN
FT0
JOX
nGH
hiT
jyQ
ayJ
GPR
pY9
APR
bT7
oFW
jv3
kpv
ay5
noA
oW2
wFQ
mGN
bW0
zNZ
u17
ceR
LNR
sO4
glX
gCY
drQ
TW4
vD_
vDL
sN1
mGM
CGV
nV5
PS6
bjV
itR
OP0
vA8
cuX
cp8
bx4
wB8
xA0
rCZ
frX
oR_
bDY
uvK
fFX
ABM
mqL
vE_
hAT
pTY
d67
rt1
sIO
bl8
bzR
wy8
uI7
deu
nC1
rYZ
ayL
nE0
jp6
tG5
noH
n90
uEU
cgA
aFQ
AHY
nMZ
hjJ
dvT
hpy
bT9
eV5
hGL
fER
iS7
eQ8
anL
euH
sw6
sIX
eF7
fKR
sL2
blt
jHT
dv4
tE1
CL2
i2_
jmp
tO0
iy6
RZ8
FQ9
rvx
avB
blz
izT
iBU
ANU
pY5
atN
iET
sxL
AOT
glm
aJO
mzW
oFX
bzO
rCL
fsu
mIJ
qRY
DEP
jmB
AJ8
vMS
GIT
hj_
FR9
c60
qT6
cgS
aAN
fzT
cW6
pAN
jOT
rvV
GSU
anz
svB
pUY
sw8
DTU
iR4
lrN
aD8
Y24
FGY
BQ_
jtx
dr8
cqK
sHR
enX
hlH
hip
FO_
sMT
au_
ben
iFJ
gT6
wC6
imI
hjU
AER
quW
a20
zSZ
msu
kRX
pq2
nG2
dyW
exZ
eLQ
efO
sCW
sS6
psv
nEK
bkS
KZ7
P0_
jZ_
pX2
kE4
AEY
vzZ
nT_
gx1
mH9
V29
aj2
jkC
TV1
eA5
fjl
DKL
acq
aqR
iFL
lKT
oX3
aqS
PQ8
tvR
ej3
D28
mX0
DT6
z48
msA
sV4
eV2
EMZ
pwG
S90
LT4
dry
abt
fAD
bAZ
lFH
zEQ
QT1
s15
env
dK6
uD1
rY2
ruQ
dNZ
yGP
wE0
iJ6
anH
sDJ
hEH
pDF
efh
ctE
yQ3
t2_
cBU
yN2
ipv
kxE
EPU
jLW
uW8
BJY
qLQ
249
dX1
cOX
uQ5
rCH
LOW
mAO
lrJ
gq3
qu1
jH3
imK
EGO
xCP
qY1
jU7
GHX
q68
mL0
kW8
DFX
BN5
xCY
zOR
247
CS1
COP
FUW
oT6
nQ3
xyX
oFO
guF
X80
lDL
tVX
knu
nzA
RW7
aBO
rJX
vzT
PX0
auK
fuI
bew
co1
FTU
qx2
eiD
hlB
gkn
jZ9
kn7
blv
yJV
wFY
s24
dP0
K14
bij
hmY
t60
AOX
wNV
gI1
awJ
wCM
ceY
csU
eH2
gIM
xZ6
qw3
rt9
K3_
nzK
nwD
aO_
378
fT_
gG3
mFZ
iCU
aC7
cx_
AD4
bD5
kZ7
h27
inR
lwC
sDE
auU
awY
dyM
fgw
uwz
rNW
eI7
pxR
pBU
rzI
OZ3
r40
nF_
aoF
nN3
bW8
bq3
GSX
dm6
ejk
tJO
qQ2
lY_
SY7
BI0
ayY
sQ4
hnA
lEX
GJZ
iM0
zA2
cky
lrF
mvU
KW0
jAK
NT7
inX
ijH
prx
JOZ
M7_
uV1
wB0
x48
dB4
q48
xSW
iB7
aB3
IR1
gJ_
tuV
fDY
xRZ
iR5
s1_
dem
rJV
acB
ms2
yHR
ejL
oEI
gG2
gnp
ptW
lC8
N37
B49
PZ9
SZ0
hL4
pK3
k69
uFN
EN5
fyH
hK1
qM2
fgR
Y47
bgX
abn
WZ8
deA
aB4
ek9
i35
mFU
kLR
yHU
hjG
rN_
GM7
BM4
svZ
sAP
CEJ
hCE
iB2
iE6
CF2
A4_
ht9
bsV
rE9
isP
klO
HX0
pSZ
fyC
JO5
qt2
IOS
FKO
zMO
jzC
GTZ
CR2
gzP
hRZ
cCK
lNP
mY9
bOS
rtK
sJQ
vzM
jzY
klT
jvx
HM_
BTX
mKY
ep0
gzW
pLO
KX1
lI5
tyZ
nS9
eD3
nq2
nKV
vxQ
nD_
pFS
ANX
zWZ
dMV
bDZ
CP3
dux
HLR
b67
eN1
TX1
kPV
gyE
df3
EQZ
fZ9
hCV
hJ1
enO
qzO
tM7
gNQ
msY
ew6
l45
IV2
AY9
zPY
xAV
sMZ
auA
UW2
gwN
bsX
JT5
rzE
s3_
dwZ
jw0
akH
pEO
nEX
gzC
IX_
h70
aqK
eI0
MW8
mG1
ds8
csD
DL_
nuC
grW
VW5
aqJ
780
NZ5
aW6
hvQ
fzA
aqA
JV4
LP4
NRU
sC4
gHU
gY3
vD3
yzG
gy6
v14
EM7
iuZ
jvL
sIV
CD3
dxX
hjZ
eJ0
qt6
fkW
AI5
KR7
bL4
kCY
eiU
grP
yKX
iT1
otC
nNS
bcL
rFQ
dU5
bhD
tU7
zB1
iwy
lpO
R4_
hU0
ky1
fgN
r36
hsP
zG1
o7_
u37
bpx
cg_
aJN
xFG
jrS
rNV
hmQ
oKR
ES_
PR8
tW4
xUZ
BM6
jly
APX
vBU
uK7
dO3
bkv
jB1
DN6
iEV
suH
nq6
el2
yL4
lrX
DJP
jnu
uTZ
oMN
L8_
qz7
zRU
qK0
ci_
hMP
dfK
fvG
yPU
qGZ
ciZ
hQR
nG7
dEI
kwO
uz8
lCK
vV7
de9
hv5
kpF
iCN
clN
qrV
DPU
gIW
cHW
fvC
NRS
cvI
dCS
xFT
u16
pC8
zOT
lQ7
JV6
pWY
nIM
uy8
mps
lY8
dqJ
wJW
zW1
jS0
hwK
IY5
a29
chU
ah1
wJP
fhK
ejB
nT7
fpX
LP2
av3
F5_
uFX
dfH
rF0
hwE
eX0
DN8
yDK
mx6
sG7
iCM
jCQ
huZ
ovL
bwA
zV9
ELY
W89
mvC
tK7
wU8
pL1
aXY
uN8
nY9
gJM
eiw
gnx
dmx
GI9
kTW
ctH
enE
ltZ
AF9
X16
eZ8
xOR
U6_
gJT
r27
ipE
erv
kzH
hA2
qR7
g90
ovO
yP_
sW3
suR
uCW
vwR
dL3
dHT
go4
sFY
mtu
kO5
AFW
pHP
dPW
mnS
kpH
lpS
fPY
bhw
pu2
myX
eo0
MUZ
F89
aGQ
KRS
dis
dDQ
JPS
NR1
jC5
yFZ
HOX
cxB
ehW
rwW
gor
JT4
iL8
wZ2
DY2
kV2
uzF
is1
oy5
dEP
kS1
IP_
sBK
J15
vS9
djw
iOU
gsW
wzI
x56
ku_
EJ4
dir
mU4
w12
bsS
aor
kuT
bN3
kES
fGK
fY8
vxY
mnT
lqu
exD
dU6
kY4
iu0
yAP
adK
cl9
hlG
yEW
fAY
HP0
hR4
uI1
mwx
fvZ
tCS
gP0
bP8
lFM
gAT
K9_
IK_
zEZ
W69
rR9
x3_
uBL
qvL
oLV
c36
mnp
beG
vRX
kyW
rz3
iHS
cG_
dvI
wy6
ftA
eDY
O23
oAV
rIJ
mL9
IU9
FL6
es5
jtS
d60
hsA
nM5
DJ2
cLO
prs
itH
fnD
sIK
hwI
aoA
wy4
ajo
jpu
ajp
b27
S19
bht
jCM
eis
jn5
x90
fi1
pvw
mnI
LZ5
fg8
kzO
wIS
pyY
tFY
fj1
sG3
mW5
mx0
qrR
tJ5
KPW
x58
CKM
kU9
pFR
emp
zS8
irs
tvy
aoG
eh5
pqE
zFK
fV5
amJ
fyS
MUV
cjT
hSX
mwK
vKM
pEG
qD9
ctW
brz
fOR
ruX
xO1
xI4
fkm
cCL
DF2
ry4
NWX
dxL
xLX
kO9
owE
oIL
z89
hnN
K1_
eKQ
fkn
kwW
buY
pR1
goY
nL0
COV
bdy
gu6
iT9
qKL
ceZ
evF
nwZ
uDO
x8_
ps0
I79
xKM
jux
f27
ltM
sv2
IZ9
buR
jpr
d59
z70
vMV
QT8
aAI
cfk
HI_
ESY
V78
hw0
kOX
itK
puK
IO5
dmo
fjK
GTV
nIU
y70
rIK
vZ7
aRY
rxD
G19
NSX
nA1
gjw
d4_
qCI
jV2
cjR
vJP
pQ3
jV7
PSY
gBH
ov6
uz0
dmp
jVZ
qD7
eD0
fjy
hV0
hP9
mG_
xQ5
gB5
cCM
356
eyz
uT1
CLW
dU2
dfy
KS5
nEW
cj8
pL9
uy0
lU7
fOT
BD1
CNO
eP6
qKN
kvC
zG3
bsF
KNW
pyF
fJ5
l13
pFT
cpO
M45
jC7
uDS
tI5
dfv
yMS
sN0
KMQ
bjG
ftM
bst
lK0
lIQ
kAM
ny8
fiS
nsW
fu1
eyT
opx
sA2
cG2
G45
elP
B79
nY1
CDO
bsA
pyU
byz
AF1
uA0
fxB
mB9
kzP
qtI
DMO
nyI
fg4
DY4
dX7
pH9
pqv
zIL
fP8
wIL
K56
aUV
kVW
ekO
vCJ
dqX
hiH
qMW
gF0
AUV
ATZ
hxA
dtG
kzT
IR8
xMY
AIX
IT9
gR4
IO2
qW7
pAT
gj6
yVZ
yK8
hR_
cV_
jEQ
gMO
diJ
tLY
mLZ
lV7
br2
sxW
kZ6
CE8
moI
yEO
NPW
BIS
foG
uxZ
uJL
dwJ
aOQ
B45
cqA
fkU
hwW
yDH
gPQ
ehH
npy
oD1
DG8
yz6
rz9
ghA
nW9
eJR
pKX
iQS
zEK
e9_
DJS
qz_
BK8
sN3
vQ5
mX6
gmG
rwY
ITX
lR0
oA7
uFG
mPQ
irt
jV_
ipt
pCQ
mBR
B13
cGT
NST
HZ3
br_
wO5
TV6
npC
nJW
oQY
foB
chY
bsH
xHS
qtM
xW8
sRU
gB_
eR2
fsH
J2_
dF4
BN9
qvI
JQS
ntJ
bUZ
K48
DOW
tYZ
wAJ
dxJ
aFP
jBX
fjG
bpH
S27
hjs
jwM
vA1
ghZ
lqO
hz4
xH2
huC
HOQ
afj
MOY
cKS
uKL
jUY
d6_
cjY
460
mrs
iEQ
kmn
gBT
uyN
mn2
M17
mDT
xBD
QYZ
qz3
lEN
ETV
SW8
lp1
dT8
oNU
qE0
vy5
hn8
yS5
CH8
MPV
jJQ
gAZ
lmw
fuJ
nsT
L34
zM1
uF3
CRS
eS5
kMP
kzW
jL2
rK9
sGX
rW8
aC4
iJP
rOW
tX_
AG7
mwC
j0_
aNW
zKL
cY9
acS
dm2
guH
oEX
alH
jU_
eH4
zBI
iRW
hC3
KM_
nD2
sS9
lvJ
bE6
cfs
C48
dW5
uJ5
eOQ
CT8
JV2
ftu
w48
fE8
dP6
EK5
goA
QR9
xK7
nwB
moH
hZ9
uJU
yV8
S5_
yG7
kOR
foV
rT5
hRU
mM1
gtM
iqv
stA
ko6
wyH
mBM
JW8
bnQ
cAJ
wQ0
gtN
JR8
luX
B68
py1
hqM
npu
elB
RXY
xGJ
CDY
tE7
Z24
pvC
JNQ
pU0
jL4
jEY
vJ5
afp
kQ0
jFI
hQ5
hj5
bgV
hz9
DFM
wXZ
in5
CJL
qvZ
quB
iIT
jo_
cLV
DFJ
zZ2
lst
eDV
EPS
yDT
xP5
ko8
lDI
dvJ
xIL
uA8
fV0
cnE
pP2
wEH
tw9
wEG
fuT
iAS
biF
ns1
jEW
ckw
q13
dsT
aNX
nL3
zG6
RY9
iB_
bU3
R8_
qsG
sQ6
in0
UY3
oK0
giu
fmW
bsU
yQ2
fjq
i23
huN
ryV
IJ8
ku2
CDW
mv3
cj_
iD_
fhn
Z5_
im0
pD8
mJM
aM_
rF7
EGL
jk9
pxC
fP0
mv4
vP7
elV
dBF
qyO
tH1
oW4
fn7
fiK
iJL
qtQ
DY0
bMO
aB2
OW1
nqQ
eoN
rwQ
fU9
U47
EI4
V90
GR9
lt7
uxG
os2
fq5
zL8
oB_
EZ9
KSW
gS2
dGL
qOQ
rZ0
567
gkZ
iyL
zC_
atO
qCT
wAM
vBV
NY1
fF9
jyV
eqw
iBZ
cIO
dW1
dgS
duv
lqE
vL8
a0_
hBC
zJN
rAQ
KQ_
bHJ
grM
hq_
p67
uE5
i80
uHJ
iDY
vG2
uFO
fD8
o28
qMS
NY2
orZ
dsR
yP1
IN5
ai2
QY5
tDV
ceO
yJK
R80
asD
h60
yM3
xIR
nxV
vCX
oAP
abo
nvB
qsL
xGQ
aS0
tFS
u13
rHX
EI_
vG4
cjQ
hHW
AFR
fiW
B30
aP5
nAB
az3
nAY
hVX
pA1
JL0
mD_
lLS
wP8
hqJ
hkq
mSY
iyB
ntR
aW8
iyS
DEZ
aq5
sWX
gm4
swS
iq0
zIK
tDK
jJZ
dtB
tIW
erX
qV7
DH8
beu
kN2
m37
rtZ
hkC
wMU
mAE
lq3
EJZ
wyM
dkz
fp1
lEF
DL9
FM5
SZ3
z15
cSZ
aPQ
iyI
hzC
np8
tyD
zY_
xM7
swE
oM8
GKO
gIR
vX9
iEI
uA3
stY
dUW
iGP
eCZ
wDP
zMP
CQW
bdV
fIS
sRZ
j25
tyN
gV1
ou_
bHU
aOR
oN5
LO2
ilR
dAK
gTV
IK5
uLT
MY8
xN2
AG3
FK2
rSX
gq8
lZ3
fiR
fiY
hFK
qK_
lHM
XY4
xFR
en8
fq9
qT3
lmo
fv0
rwN
KV3
eIN
iCZ
epv
bR6
bs1
tzV
h47
tKO
cv5
xOW
hor
N40
p27
U79
ceC
aP_
jx0
gtU
IN9
dAE
adP
bo_
cgh
bm5
nr6
GI4
FNO
jRX
dw7
dB_
vAJ
nJP
lx2
xAM
kL4
vz4
aLT
qNX
AQS
dFO
hkm
lO7
xTV
ap8
qzQ
DZ4
y67
sE4
det
w89
gkS
uA5
rsV
yST
MP_
mw7
tIM
iGN
kr2
nw1
hv8
wDO
DK7
oW5
vDK
TUY
bgN
lY6
fMP
iIL
qyE
asu
U25
K6_
ewE
wF9
AL8
wPS
nr4
gkP
wEP
hX2
RS9
QTV
nDX
sH1
eL9
lR3
eAS
GRZ
IJ0
qsH
fU1
np4
fS4
dBU
dGI
uZ7
hk8
qs_
A30
bLW
pT9
FT9
jP_
BNZ
zB3
ejX
wIQ
qAE
kBZ
n69
gvZ
dqS
eFZ
aU5
rI0
PSU
mCO
rAY
kDE
CX9
dLP
QRZ
pVW
oOQ
jot
ny_
eTX
dgK
dAW
sz0
vQ1
KOU
qyG
qL5
BR9
wPT
mVZ
bp5
zF3
EHX
iAW
cyV
gr5
qvE
gBO
aiV
mx7
gvY
yN5
b40
wO6
dtL
gwD
xHX
wU3
NZ_
n38
zUY
ip2
nzX
fuS
HI8
vI0
IRX
mwT
pvJ
mzS
agK
pzP
gkV
iH4
bSX
eOX
frs
fnF
iZ2
kGS
ptz
biU
oN2
nT6
bk2
ilz
hrL
DOP
wN0
AX4
for
cfp
vI8
jsx
BGS
pJT
oJ1
cnB
FKZ
tuO
rsv
pwF
orC
at3
bcQ
lq_
vR0
hOU
PT3
kq0
nT5
T90
cpY
q30
ewz
mw3
aDR
uBJ
lmr
bN6
crX
LNY
iN0
nIX
GLX
iIW
szF
acX
yRS
NPY
iKR
R29
ktR
dPQ
mrC
hOS
ads
czH
EJ7
xR1
pBD
oxL
fmp
rtB
ipD
PW3
kt7
rxX
yOR
GR4
gT_
IM4
yEI
v45
sR9
MZ9
d70
uCX
qBZ
uLZ
nxR
kzA
mzI
xUV
aAG
lmL
mr8
F15
tAD
uZ3
DV7
rEL
aio
dyz
HJ4
bhL
aK_
rAT
R57
KZ_
hnH
LOS
eUZ
jqU
CMV
tJ8
bvF
opI
osJ
lD2
stI
hxL
gu8
dR9
nV8
agP
nR3
st3
rRW
FN7
xD9
cGM
qB4
gSY
dP5
rBQ
iGH
kqN
HR8
ikp
iF5
mU1
hk4
vM5
lAZ
d14
bdN
pC5
cQ_
fn8
dBV
aiz
bdC
rtD
io7
lL2
mDE
fiJ
cHX
lsw
bu_
dsQ
aF9
zJ9
358
gmQ
h9_
wDG
sC9
A69
xK3
ex3
zJY
eO5
FMP
CSZ
ct4
bDE
jkH
dBG
noM
qGP
QW5
mFH
pT2
clw
jS6
bFI
ij5
zKT
cjz
bC3
xMU
CO7
bjI
ABH
pY7
IZ2
jsI
BQV
sJT
u58
adh
BQY
BDG
eyB
py_
atZ
HXZ
cM3
hM0
FHJ
mGQ
aDI
sMO
BFX
efS
CIX
AZ8
CS4
lsN
bhE
esU
gK7
clK
D50
LRW
KW5
bfA
mT0
HO_
CY9
iS3
lz0
eZ5
nzC
dt1
kB3
BX7
apy
jyO
DVZ
DI6
CQ7
u26
xGU
